[2019-01-13 22:13:45.500][debug][command:null][tid:14][com.facebook.buck.cli.Main] Starting up (build date 2019-01-10 17:04:49 +0000, rev 2019.01.10.01), args: [server, status, --http-port]
[2019-01-13 22:13:45.505][debug][command:null][tid:14][com.facebook.buck.cli.Main] System properties: {java.vendor=Oracle Corporation, sun.java.launcher=SUN_STANDARD, sun.management.compiler=HotSpot 64-Bit Tiered Compilers, jnidispatch.path=/Users/jamescoggan/Personal/GithubTrending/.buckd/tmp/buck_run.SPVb08/jna--970404419/jna6209669676113740800.tmp, os.name=Mac OS X, buck.enable_objc=true, sun.boot.class.path=/Library/Java/JavaVirtualMachines/jdk1.8.0_181.jdk/Contents/Home/jre/lib/resources.jar:/Library/Java/JavaVirtualMachines/jdk1.8.0_181.jdk/Contents/Home/jre/lib/rt.jar:/Library/Java/JavaVirtualMachines/jdk1.8.0_181.jdk/Contents/Home/jre/lib/sunrsasign.jar:/Library/Java/JavaVirtualMachines/jdk1.8.0_181.jdk/Contents/Home/jre/lib/jsse.jar:/Library/Java/JavaVirtualMachines/jdk1.8.0_181.jdk/Contents/Home/jre/lib/jce.jar:/Library/Java/JavaVirtualMachines/jdk1.8.0_181.jdk/Contents/Home/jre/lib/charsets.jar:/Library/Java/JavaVirtualMachines/jdk1.8.0_181.jdk/Contents/Home/jre/lib/jfr.jar:/Library/Java/JavaVirtualMachines/jdk1.8.0_181.jdk/Contents/Home/jre/classes, buck.module.resources=/Users/jamescoggan/Personal/GithubTrending/.buckd/resources/2019.01.10.01/buck-modules-resources, pf4j.pluginsDir=/Users/jamescoggan/Personal/GithubTrending/.buckd/resources/2019.01.10.01/buck-modules, buck.resource_lock_path=/Users/jamescoggan/Personal/GithubTrending/.buckd/resources/2019.01.10.01/.buck_lock, buck.path_to_isolated_trampoline=/Users/jamescoggan/Personal/GithubTrending/.buckd/resources/2019.01.10.01/path_to_isolated_trampoline, java.vm.specification.vendor=Oracle Corporation, java.runtime.version=1.8.0_181-b13, jna.loaded=true, buck.testrunner_classes=/Users/jamescoggan/Personal/GithubTrending/.buckd/resources/2019.01.10.01/testrunner_classes, buck.logging_config_file=/Users/jamescoggan/Personal/GithubTrending/.buckd/resources/2019.01.10.01/logging_config_file, buck.path_to_sh_binary_template=/Users/jamescoggan/Personal/GithubTrending/.buckd/resources/2019.01.10.01/path_to_sh_binary_template, user.name=jamescoggan, com.facebook.nailgun.NGServer.outputPath=/Users/jamescoggan/Personal/GithubTrending/.buckd/tmp/buck_run.SPVb08/ngserver-out, buck.path_to_pywatchman=/Users/jamescoggan/Personal/GithubTrending/.buckd/resources/2019.01.10.01/path_to_pywatchman, buck.report_generator_jar=/Users/jamescoggan/Personal/GithubTrending/.buckd/resources/2019.01.10.01/report_generator_jar, buck.git_commit=2019.01.10.01, user.language=en, idea.plugins.compatible.build=182.3040, sun.boot.library.path=/Library/Java/JavaVirtualMachines/jdk1.8.0_181.jdk/Contents/Home/jre/lib, jna.nosys=true, java.version=1.8.0_181, user.timezone=Europe/London, buck.test_util_no_tests_dir=true, sun.arch.data.model=64, http.nonProxyHosts=local|*.local|169.254/16|*.169.254/16, java.endorsed.dirs=/Library/Java/JavaVirtualMachines/jdk1.8.0_181.jdk/Contents/Home/jre/lib/endorsed, sun.cpu.isalist=, sun.jnu.encoding=UTF-8, file.encoding.pkg=sun.io, file.separator=/, java.specification.name=Java Platform API Specification, buck.jacoco_agent_jar=/Users/jamescoggan/Personal/GithubTrending/.buckd/resources/2019.01.10.01/jacoco_agent_jar, java.class.version=52.0, jetty.git.hash=1f8159b1e4a42d3f79997021ea1609f2fbac6de5, user.country=GB, buck.binary_hash=f264911c029270b76498275d681c2768, java.home=/Library/Java/JavaVirtualMachines/jdk1.8.0_181.jdk/Contents/Home/jre, buck.fix_script=/Users/jamescoggan/Personal/GithubTrending/.buckd/resources/2019.01.10.01/fix_script, java.vm.info=mixed mode, os.version=10.14.3, buck.version_uid=2019.01.10.01, org.eclipse.jetty.util.log.class=org.eclipse.jetty.util.log.JavaUtilLog, path.separator=:, java.vm.version=25.181-b13, java.awt.printerjob=sun.lwawt.macosx.CPrinterJob, sun.io.unicode.encoding=UnicodeBig, awt.toolkit=sun.lwawt.macosx.LWCToolkit, buck.mode=package, buck.buck_build_type_info=/Users/jamescoggan/Personal/GithubTrending/.buckd/resources/2019.01.10.01/buck_build_type_info, socksNonProxyHosts=local|*.local|169.254/16|*.169.254/16, ftp.nonProxyHosts=local|*.local|169.254/16|*.169.254/16, buck.dx=/Users/jamescoggan/Personal/GithubTrending/.buckd/resources/2019.01.10.01/dx, buck.git_commit_timestamp=1547139889, user.home=/Users/jamescoggan, java.specification.vendor=Oracle Corporation, buck.git_dirty=0, java.library.path=/Users/jamescoggan/Personal/GithubTrending/.buckd/resources/2019.01.10.01, java.vendor.url=http://java.oracle.com/, java.vm.vendor=Oracle Corporation, gopherProxySet=false, java.runtime.name=Java(TM) SE Runtime Environment, sun.java.command=com.facebook.buck.cli.bootstrapper.ClassLoaderBootstrapper com.facebook.buck.cli.Main$DaemonBootstrap local:.buckd/sock 180000, java.class.path=/Users/jamescoggan/Personal/GithubTrending/.buckd/resources/2019.01.10.01/bootstrapper_jar, buck.buckd_dir=/Users/jamescoggan/Personal/GithubTrending/.buckd, buck.path_to_pathlib_py=/Users/jamescoggan/Personal/GithubTrending/.buckd/resources/2019.01.10.01/pathlib.py, buck.buckd_launch_time_nanos=49601816496402, java.vm.specification.name=Java Virtual Machine Specification, java.vm.specification.version=1.8, sun.cpu.endian=little, sun.os.patch.level=unknown, java.awt.headless=true, java.io.tmpdir=/Users/jamescoggan/Personal/GithubTrending/.buckd/tmp/buck_run.SPVb08, buck.android_agent_path=/Users/jamescoggan/Personal/GithubTrending/.buckd/resources/2019.01.10.01/android_agent_path, java.vendor.url.bug=http://bugreport.sun.com/bugreport/, buck.path_to_python_dsl=, jna.platform.library.path=/usr/lib:/usr/lib, os.arch=x86_64, java.awt.graphicsenv=sun.awt.CGraphicsEnvironment, java.ext.dirs=/Users/jamescoggan/Library/Java/Extensions:/Library/Java/JavaVirtualMachines/jdk1.8.0_181.jdk/Contents/Home/jre/lib/ext:/Library/Java/Extensions:/Network/Library/Java/Extensions:/System/Library/Java/Extensions:/usr/lib/java, java.util.logging.config.class=com.facebook.buck.cli.bootstrapper.LogConfig, buck.path_to_six_py=/Users/jamescoggan/Personal/GithubTrending/.buckd/resources/2019.01.10.01/six.py, user.dir=/Users/jamescoggan/Personal/GithubTrending, java.nio.file.spi.DefaultFileSystemProvider=com.facebook.buck.cli.bootstrapper.filesystem.BuckFileSystemProvider, line.separator=
, java.vm.name=Java HotSpot(TM) 64-Bit Server VM, buck.path_to_typing=/Users/jamescoggan/Personal/GithubTrending/.buckd/resources/2019.01.10.01/path_to_typing, org.sqlite.tmpdir=/Users/jamescoggan/Personal/GithubTrending/.buckd/tmp/buck_run.SPVb08/room-60fc8856-c1cc-4128-abab-5b64828ee988, buck.native_exopackage_fake_path=/Users/jamescoggan/Personal/GithubTrending/.buckd/resources/2019.01.10.01/native_exopackage_fake_path, file.encoding=UTF-8, java.specification.version=1.8}
[2019-01-13 22:13:45.505][debug][command:null][tid:14][com.facebook.buck.util.config.Configs] Loading configuration for /Users/jamescoggan/Personal/GithubTrending
[2019-01-13 22:13:45.506][debug][command:null][tid:14][com.facebook.buck.util.config.Configs] Loaded project configuration file /Users/jamescoggan/Personal/GithubTrending/.buckconfig
[2019-01-13 22:13:45.506][debug][command:null][tid:14][com.facebook.buck.util.config.Configs] Adding configuration overrides RawConfig{values={}}
[2019-01-13 22:13:45.507][info ][command:null][tid:14][com.facebook.buck.io.watchman.WatchmanFactory] Creating for: [/Users/jamescoggan/Personal/GithubTrending]
[2019-01-13 22:13:45.508][debug][command:null][tid:14][com.facebook.buck.io.ExecutableFinder] Executable 'watchman' mapped to 'Optional[/usr/local/bin/watchman]'
[2019-01-13 22:13:45.508][debug][command:null][tid:14][com.facebook.buck.util.ListeningProcessExecutor] Launching process with params ProcessExecutorParams{command=[/usr/local/bin/watchman, --output-encoding=bser, get-sockname]}
[2019-01-13 22:13:45.509][debug][command:null][tid:14][com.facebook.buck.util.ListeningProcessExecutor] Successfully launched process com.zaxxer.nuprocess.osx.OsxProcess@2543adf8
[2019-01-13 22:13:45.509][debug][command:null][tid:14][com.facebook.buck.util.ListeningProcessExecutor] Waiting for process com.facebook.buck.util.ListeningProcessExecutor$LaunchedProcessImpl@75383c3d timeout 1000000000 NANOSECONDS
[2019-01-13 22:13:45.523][debug][command:null][tid:14][com.facebook.buck.util.ListeningProcessExecutor] Wait for process returned 0
[2019-01-13 22:13:45.523][debug][command:null][tid:14][com.facebook.buck.io.watchman.WatchmanFactory] Waited 13 ms for Watchman command get-sockname, exit code 0
[2019-01-13 22:13:45.523][debug][command:null][tid:14][com.facebook.buck.io.watchman.WatchmanFactory] stdout of command: {sockname=/usr/local/var/run/watchman/jamescoggan-state/sock, version=4.9.0}
[2019-01-13 22:13:45.523][info ][command:null][tid:14][com.facebook.buck.io.watchman.WatchmanFactory] Connecting to Watchman version 4.9.0 at /usr/local/var/run/watchman/jamescoggan-state/sock
[2019-01-13 22:13:45.523][debug][command:null][tid:14][com.facebook.buck.io.watchman.WatchmanTransportClient] Query [version, {required=[cmd-watch-project], optional=[term-dirname, cmd-watch-project, wildmatch, wildmatch_multislash, glob_generator, clock-sync-timeout]}] returned in 0 ms
[2019-01-13 22:13:45.524][info ][command:null][tid:14][com.facebook.buck.io.watchman.WatchmanFactory] Took 0 ms to query capabilities {term-dirname=DIRNAME, cmd-watch-project=SUPPORTS_PROJECT_WATCH, wildmatch=WILDMATCH_GLOB, wildmatch_multislash=WILDMATCH_MULTISLASH, glob_generator=GLOB_GENERATOR, clock-sync-timeout=CLOCK_SYNC_TIMEOUT}
[2019-01-13 22:13:45.524][debug][command:null][tid:14][com.facebook.buck.io.watchman.WatchmanFactory] Got capabilities response: {clock-sync-timeout=true, glob_generator=true, wildmatch_multislash=false, cmd-watch-project=true, wildmatch=true, term-dirname=true}
[2019-01-13 22:13:45.524][debug][command:null][tid:14][com.facebook.buck.io.watchman.WatchmanFactory] Got Watchman capabilities: [CLOCK_SYNC_TIMEOUT, GLOB_GENERATOR, SUPPORTS_PROJECT_WATCH, WILDMATCH_GLOB, DIRNAME]
[2019-01-13 22:13:45.524][info ][command:null][tid:14][com.facebook.buck.io.watchman.WatchmanFactory] Adding watchman root: /Users/jamescoggan/Personal/GithubTrending
[2019-01-13 22:13:45.524][debug][command:null][tid:14][com.facebook.buck.io.watchman.WatchmanTransportClient] Query [watch-project, /Users/jamescoggan/Personal/GithubTrending] returned in 0 ms
[2019-01-13 22:13:45.524][debug][command:null][tid:14][com.facebook.buck.io.watchman.WatchmanTransportClient] Query [watch-project, /Users/jamescoggan/Personal/GithubTrending] returned in 0 ms
[2019-01-13 22:13:45.524][info ][command:null][tid:14][com.facebook.buck.io.watchman.WatchmanFactory] Took 0 ms to add root /Users/jamescoggan/Personal/GithubTrending
[2019-01-13 22:13:45.537][debug][command:null][tid:14][com.facebook.buck.io.watchman.WatchmanTransportClient] Query [clock, /Users/jamescoggan/Personal/GithubTrending, {sync_timeout=100}] returned in 12 ms
[2019-01-13 22:13:45.537][info ][command:null][tid:14][com.facebook.buck.io.watchman.WatchmanFactory] Took 12 ms to query for initial clock id Optional[c:1547303792:750:3:5076]
[2019-01-13 22:13:45.537][debug][command:null][tid:14][com.facebook.buck.io.watchman.WatchmanFactory] Connected to Watchman
[2019-01-13 22:13:45.537][debug][command:null][tid:14][com.facebook.buck.io.watchman.WatchmanTransportClient] Closing Watchman transport.
[2019-01-13 22:13:45.537][debug][command:null][tid:14][com.facebook.buck.cli.Main] Watchman capabilities: [CLOCK_SYNC_TIMEOUT, GLOB_GENERATOR, SUPPORTS_PROJECT_WATCH, WILDMATCH_GLOB, DIRNAME] Project watches: {/Users/jamescoggan/Personal/GithubTrending=ProjectWatch{watchRoot=/Users/jamescoggan/Personal/GithubTrending}} Glob handler config: WATCHMAN Query timeout ms config: Optional.empty
[2019-01-13 22:13:45.540][debug][command:1760a68b-9f45-463a-bbf8-c7aec8d7e4bb][tid:14][com.google.common.util.concurrent.ServiceManager] Starting PerfStatsTracking [RUNNING].
[2019-01-13 22:13:45.540][debug][command:1760a68b-9f45-463a-bbf8-c7aec8d7e4bb][tid:14][com.google.common.util.concurrent.ServiceManager] Started PerfStatsTracking [RUNNING] in 695.9 μs.
[2019-01-13 22:13:45.540][debug][command:1760a68b-9f45-463a-bbf8-c7aec8d7e4bb][tid:14][com.google.common.util.concurrent.ServiceManager] Starting ProcessTracker [STARTING].
[2019-01-13 22:13:45.541][debug][command:1760a68b-9f45-463a-bbf8-c7aec8d7e4bb][tid:14][com.facebook.buck.util.environment.MacWifiSsidFinder] Getting current SSID..
[2019-01-13 22:13:45.541][debug][command:null][tid:1507][com.facebook.buck.util.perf.ProcessTracker] startUp
[2019-01-13 22:13:45.542][debug][command:null][tid:1507][com.google.common.util.concurrent.ServiceManager] Started ProcessTracker [RUNNING] in 2.010 ms.
[2019-01-13 22:13:45.542][debug][command:1760a68b-9f45-463a-bbf8-c7aec8d7e4bb][tid:14][com.facebook.buck.util.environment.MacWifiSsidFinder] Getting SSID from Wi-Fi interface: <CWInterface: 0x7f8bf9d09480> [interfaceName=en0]
[2019-01-13 22:13:45.543][debug][command:1760a68b-9f45-463a-bbf8-c7aec8d7e4bb][tid:14][com.facebook.buck.util.environment.MacWifiSsidFinder] Found SSID: Motafoca
[2019-01-13 22:13:45.543][debug][command:1760a68b-9f45-463a-bbf8-c7aec8d7e4bb][tid:14][com.facebook.buck.cli.Main] InvocationInfo BuildId=[1760a68b-9f45-463a-bbf8-c7aec8d7e4bb] Args=[server, status, --http-port]
[2019-01-13 22:13:45.545][debug][command:null][tid:1511][com.facebook.buck.util.environment.MacNetworkConfiguration] Determine network service order and extract device names
[2019-01-13 22:13:45.545][warn ][command:null][tid:1510][com.facebook.buck.event.listener.PublicAnnouncementManager] Failed to get public announcements. Reason: Failed to establish connection to server.
[2019-01-13 22:13:45.545][debug][command:null][tid:1511][com.facebook.buck.util.ListeningProcessExecutor] Launching process with params ProcessExecutorParams{command=[networksetup, -listnetworkserviceorder, ]}
[2019-01-13 22:13:45.546][debug][command:null][tid:1511][com.facebook.buck.util.ListeningProcessExecutor] Successfully launched process com.zaxxer.nuprocess.osx.OsxProcess@76f1023c
[2019-01-13 22:13:45.546][debug][command:null][tid:1511][com.facebook.buck.util.ListeningProcessExecutor] Waiting for process com.facebook.buck.util.ListeningProcessExecutor$LaunchedProcessImpl@10165ce5 timeout 1000 MILLISECONDS
[2019-01-13 22:13:45.584][debug][command:null][tid:1511][com.facebook.buck.util.ListeningProcessExecutor] Wait for process returned 0
[2019-01-13 22:13:45.584][debug][command:null][tid:1511][com.facebook.buck.util.ListeningProcessExecutor] Destroying process com.facebook.buck.util.ListeningProcessExecutor$LaunchedProcessImpl@10165ce5 (force true)
[2019-01-13 22:13:45.584][debug][command:null][tid:1511][com.facebook.buck.util.environment.MacNetworkConfiguration] Determine active state of media for device
[2019-01-13 22:13:45.584][debug][command:null][tid:1511][com.facebook.buck.util.ListeningProcessExecutor] Launching process with params ProcessExecutorParams{command=[networksetup, -getMedia, en7]}
[2019-01-13 22:13:45.585][debug][command:null][tid:1511][com.facebook.buck.util.ListeningProcessExecutor] Successfully launched process com.zaxxer.nuprocess.osx.OsxProcess@340d6a39
[2019-01-13 22:13:45.586][debug][command:null][tid:1511][com.facebook.buck.util.ListeningProcessExecutor] Waiting for process com.facebook.buck.util.ListeningProcessExecutor$LaunchedProcessImpl@1cfe551a timeout 1000 MILLISECONDS
[2019-01-13 22:13:45.587][debug][command:null][tid:1514][com.facebook.buck.io.watchman.WatchmanTransportClient] Query [query, /Users/jamescoggan/Personal/GithubTrending, {since=c:1547303792:750:3:5074, expression=[not, [anyof, [type, d], [dirname, .idea], [dirname, .buckd], [dirname, buck-out/cache], [dirname, .git], [dirname, .gradle], [dirname, local.properties], [dirname, buck-out/.trash], [dirname, buck-out], [match, **/.DS_Store, wholename, {includedotfiles=true}], [match, **/*.iml, wholename, {includedotfiles=true}], [match, **/*.pbxproj, wholename, {includedotfiles=true}], [match, **/*.xcscheme, wholename, {includedotfiles=true}], [match, **/*.xcworkspacedata, wholename, {includedotfiles=true}], [match, **/*~, wholename, {includedotfiles=true}], [match, **/#*#, wholename, {includedotfiles=true}], [match, **/.#*, wholename, {includedotfiles=true}], [match, **/*.swo, wholename, {includedotfiles=true}], [match, **/*.swp, wholename, {includedotfiles=true}], [match, **/*.swpx, wholename, {includedotfiles=true}], [match, **/*.un~, wholename, {includedotfiles=true}], [match, **/*.netrhwist, wholename, {includedotfiles=true}], [match, .idea, wholename, {includedotfiles=true}], [match, .iml, wholename, {includedotfiles=true}], [match, **/*.pydevproject, wholename, {includedotfiles=true}], [match, .project, wholename, {includedotfiles=true}], [match, .metadata, wholename, {includedotfiles=true}], [match, **/*.tmp, wholename, {includedotfiles=true}], [match, **/*.bak, wholename, {includedotfiles=true}], [match, **/*.nib, wholename, {includedotfiles=true}], [match, .classpath, wholename, {includedotfiles=true}], [match, .settings, wholename, {includedotfiles=true}], [match, .loadpath, wholename, {includedotfiles=true}], [match, .externalToolBuilders, wholename, {includedotfiles=true}], [match, .cproject, wholename, {includedotfiles=true}], [match, .buildpath, wholename, {includedotfiles=true}], [match, .DS_Store, wholename, {includedotfiles=true}], [match, .AppleDouble, wholename, {includedotfiles=true}], [match, .LSOverride, wholename, {includedotfiles=true}], [match, .Spotlight-V100, wholename, {includedotfiles=true}], [match, .Trashes, wholename, {includedotfiles=true}], [match, $RECYCLE.BIN, wholename, {includedotfiles=true}], [match, **/*.sublime-workspace, wholename, {includedotfiles=true}]]], empty_on_fresh_instance=true, fields=[name, exists, new]}] returned in 39 ms
[2019-01-13 22:13:45.587][debug][command:null][tid:1514][com.facebook.buck.io.watchman.WatchmanWatcher] Updating Watchman Cursor from c:1547303792:750:3:5074 to c:1547303792:750:3:5077
[2019-01-13 22:13:45.587][debug][command:null][tid:1514][com.facebook.buck.io.watchman.WatchmanWatcher] Posted 0 Watchman events.
[2019-01-13 22:13:45.587][debug][command:null][tid:1514][com.facebook.buck.io.watchman.WatchmanTransportClient] Closing Watchman transport.
[2019-01-13 22:13:45.588][debug][command:1760a68b-9f45-463a-bbf8-c7aec8d7e4bb][tid:1507][com.facebook.buck.util.perf.ProcessTracker] shutDown
[2019-01-13 22:13:45.588][info ][command:1760a68b-9f45-463a-bbf8-c7aec8d7e4bb][tid:14][com.facebook.buck.cli.Main] Awaiting termination of PROJECT executor service. Waiting for all jobs to complete, or up to maximum of 60 seconds...
[2019-01-13 22:13:45.588][debug][command:null][tid:1506][com.google.common.util.concurrent.ServiceManager] Service PerfStatsTracking [TERMINATED] has terminated. Previous state was: STOPPING
[2019-01-13 22:13:45.588][info ][command:1760a68b-9f45-463a-bbf8-c7aec8d7e4bb][tid:14][com.facebook.buck.cli.Main] Successfully terminated PROJECT executor service.
[2019-01-13 22:13:45.588][info ][command:1760a68b-9f45-463a-bbf8-c7aec8d7e4bb][tid:14][com.facebook.buck.cli.Main] Awaiting termination of NETWORK executor service. Waiting for all jobs to complete, or up to maximum of 60 seconds...
[2019-01-13 22:13:45.589][info ][command:1760a68b-9f45-463a-bbf8-c7aec8d7e4bb][tid:14][com.facebook.buck.cli.Main] Successfully terminated NETWORK executor service.
[2019-01-13 22:13:45.589][info ][command:1760a68b-9f45-463a-bbf8-c7aec8d7e4bb][tid:14][com.facebook.buck.cli.Main] Awaiting termination of CPU executor service. Waiting for all jobs to complete, or up to maximum of 60 seconds...
[2019-01-13 22:13:45.589][info ][command:1760a68b-9f45-463a-bbf8-c7aec8d7e4bb][tid:14][com.facebook.buck.cli.Main] Successfully terminated CPU executor service.
[2019-01-13 22:13:45.589][info ][command:1760a68b-9f45-463a-bbf8-c7aec8d7e4bb][tid:14][com.facebook.buck.cli.Main] Awaiting termination of ScheduledExecutorService executor service. Waiting for all jobs to complete, or up to maximum of 60 seconds...
[2019-01-13 22:13:45.589][info ][command:1760a68b-9f45-463a-bbf8-c7aec8d7e4bb][tid:14][com.facebook.buck.cli.Main] Successfully terminated ScheduledExecutorService executor service.
[2019-01-13 22:13:45.589][info ][command:1760a68b-9f45-463a-bbf8-c7aec8d7e4bb][tid:14][com.facebook.buck.cli.Main] Awaiting termination of CounterAggregatorExecutor executor service. Waiting for all jobs to complete, or up to maximum of 20 seconds...
[2019-01-13 22:13:45.589][info ][command:1760a68b-9f45-463a-bbf8-c7aec8d7e4bb][tid:14][com.facebook.buck.cli.Main] Successfully terminated CounterAggregatorExecutor executor service.
[2019-01-13 22:13:45.589][info ][command:1760a68b-9f45-463a-bbf8-c7aec8d7e4bb][tid:14][com.facebook.buck.cli.Main] Awaiting termination of HTTP Read executor service. Waiting for all jobs to complete, or up to maximum of 1800 seconds...
[2019-01-13 22:13:45.589][info ][command:1760a68b-9f45-463a-bbf8-c7aec8d7e4bb][tid:14][com.facebook.buck.cli.Main] Successfully terminated HTTP Read executor service.
[2019-01-13 22:13:45.589][info ][command:1760a68b-9f45-463a-bbf8-c7aec8d7e4bb][tid:14][com.facebook.buck.cli.Main] Awaiting termination of Download Heavy Build HTTP Read executor service. Waiting for all jobs to complete, or up to maximum of 1800 seconds...
[2019-01-13 22:13:45.589][info ][command:1760a68b-9f45-463a-bbf8-c7aec8d7e4bb][tid:14][com.facebook.buck.cli.Main] Successfully terminated Download Heavy Build HTTP Read executor service.
[2019-01-13 22:13:45.589][info ][command:1760a68b-9f45-463a-bbf8-c7aec8d7e4bb][tid:14][com.facebook.buck.cli.Main] Awaiting termination of HTTP Write executor service. Waiting for all jobs to complete, or up to maximum of 1800 seconds...
[2019-01-13 22:13:45.589][info ][command:1760a68b-9f45-463a-bbf8-c7aec8d7e4bb][tid:14][com.facebook.buck.cli.Main] Successfully terminated HTTP Write executor service.
[2019-01-13 22:13:45.589][info ][command:1760a68b-9f45-463a-bbf8-c7aec8d7e4bb][tid:14][com.facebook.buck.cli.Main] Awaiting termination of Disk IO executor service. Waiting for all jobs to complete, or up to maximum of 10 seconds...
[2019-01-13 22:13:45.589][debug][command:1760a68b-9f45-463a-bbf8-c7aec8d7e4bb][tid:1507][com.google.common.util.concurrent.ServiceManager] Service ProcessTracker [TERMINATED] has terminated. Previous state was: STOPPING
[2019-01-13 22:13:45.619][debug][command:null][tid:1511][com.facebook.buck.util.ListeningProcessExecutor] Wait for process returned 4
[2019-01-13 22:13:45.619][debug][command:null][tid:1511][com.facebook.buck.util.ListeningProcessExecutor] Destroying process com.facebook.buck.util.ListeningProcessExecutor$LaunchedProcessImpl@1cfe551a (force true)
[2019-01-13 22:13:45.619][debug][command:null][tid:1511][com.facebook.buck.util.environment.MacNetworkConfiguration] Determine active state of media for device
[2019-01-13 22:13:45.619][debug][command:null][tid:1511][com.facebook.buck.util.ListeningProcessExecutor] Launching process with params ProcessExecutorParams{command=[networksetup, -getMedia, en9]}
[2019-01-13 22:13:45.620][debug][command:null][tid:1511][com.facebook.buck.util.ListeningProcessExecutor] Successfully launched process com.zaxxer.nuprocess.osx.OsxProcess@23ab31f0
[2019-01-13 22:13:45.620][debug][command:null][tid:1511][com.facebook.buck.util.ListeningProcessExecutor] Waiting for process com.facebook.buck.util.ListeningProcessExecutor$LaunchedProcessImpl@72f533e6 timeout 1000 MILLISECONDS
[2019-01-13 22:13:45.653][debug][command:null][tid:1511][com.facebook.buck.util.ListeningProcessExecutor] Wait for process returned 4
[2019-01-13 22:13:45.653][debug][command:null][tid:1511][com.facebook.buck.util.ListeningProcessExecutor] Destroying process com.facebook.buck.util.ListeningProcessExecutor$LaunchedProcessImpl@72f533e6 (force true)
[2019-01-13 22:13:45.653][debug][command:null][tid:1511][com.facebook.buck.util.environment.MacNetworkConfiguration] Determine active state of media for device
[2019-01-13 22:13:45.653][debug][command:null][tid:1511][com.facebook.buck.util.ListeningProcessExecutor] Launching process with params ProcessExecutorParams{command=[networksetup, -getMedia, en8]}
[2019-01-13 22:13:45.654][debug][command:null][tid:1511][com.facebook.buck.util.ListeningProcessExecutor] Successfully launched process com.zaxxer.nuprocess.osx.OsxProcess@13bf0333
[2019-01-13 22:13:45.654][debug][command:null][tid:1511][com.facebook.buck.util.ListeningProcessExecutor] Waiting for process com.facebook.buck.util.ListeningProcessExecutor$LaunchedProcessImpl@e7930b5 timeout 1000 MILLISECONDS
[2019-01-13 22:13:45.689][debug][command:null][tid:1511][com.facebook.buck.util.ListeningProcessExecutor] Wait for process returned 4
[2019-01-13 22:13:45.689][debug][command:null][tid:1511][com.facebook.buck.util.ListeningProcessExecutor] Destroying process com.facebook.buck.util.ListeningProcessExecutor$LaunchedProcessImpl@e7930b5 (force true)
[2019-01-13 22:13:45.689][debug][command:null][tid:1511][com.facebook.buck.util.environment.MacNetworkConfiguration] Determine active state of media for device
[2019-01-13 22:13:45.689][debug][command:null][tid:1511][com.facebook.buck.util.ListeningProcessExecutor] Launching process with params ProcessExecutorParams{command=[networksetup, -getMedia, en0]}
[2019-01-13 22:13:45.690][debug][command:null][tid:1511][com.facebook.buck.util.ListeningProcessExecutor] Successfully launched process com.zaxxer.nuprocess.osx.OsxProcess@2c47ef35
[2019-01-13 22:13:45.690][debug][command:null][tid:1511][com.facebook.buck.util.ListeningProcessExecutor] Waiting for process com.facebook.buck.util.ListeningProcessExecutor$LaunchedProcessImpl@408c0a5c timeout 1000 MILLISECONDS
[2019-01-13 22:13:45.723][debug][command:null][tid:1511][com.facebook.buck.util.ListeningProcessExecutor] Wait for process returned 0
[2019-01-13 22:13:45.723][debug][command:null][tid:1511][com.facebook.buck.util.ListeningProcessExecutor] Destroying process com.facebook.buck.util.ListeningProcessExecutor$LaunchedProcessImpl@408c0a5c (force true)
[2019-01-13 22:13:45.723][debug][command:null][tid:1511][com.facebook.buck.util.environment.MacNetworkConfiguration] Determine WiFi SSID of device
[2019-01-13 22:13:45.723][debug][command:null][tid:1511][com.facebook.buck.util.ListeningProcessExecutor] Launching process with params ProcessExecutorParams{command=[networksetup, -getairportnetwork, en0]}
[2019-01-13 22:13:45.724][debug][command:null][tid:1511][com.facebook.buck.util.ListeningProcessExecutor] Successfully launched process com.zaxxer.nuprocess.osx.OsxProcess@717d2932
[2019-01-13 22:13:45.724][debug][command:null][tid:1511][com.facebook.buck.util.ListeningProcessExecutor] Waiting for process com.facebook.buck.util.ListeningProcessExecutor$LaunchedProcessImpl@485d18cc timeout 1000 MILLISECONDS
[2019-01-13 22:13:45.758][debug][command:null][tid:1511][com.facebook.buck.util.ListeningProcessExecutor] Wait for process returned 0
[2019-01-13 22:13:45.758][debug][command:null][tid:1511][com.facebook.buck.util.ListeningProcessExecutor] Destroying process com.facebook.buck.util.ListeningProcessExecutor$LaunchedProcessImpl@485d18cc (force true)
[2019-01-13 22:13:45.758][info ][command:1760a68b-9f45-463a-bbf8-c7aec8d7e4bb][tid:14][com.facebook.buck.cli.Main] Successfully terminated Disk IO executor service.
[2019-01-13 22:13:45.758][debug][command:1760a68b-9f45-463a-bbf8-c7aec8d7e4bb][tid:14][com.facebook.nailgun.NGCommunicator] Shutting down socket for input
[2019-01-13 22:13:45.758][debug][command:null][tid:46][com.facebook.buck.io.AsynchronousDirectoryContentsCleaner] Starting to clean buck-out/.trash
[2019-01-13 22:13:45.758][debug][command:1760a68b-9f45-463a-bbf8-c7aec8d7e4bb][tid:14][com.facebook.nailgun.NGCommunicator] Shutting down socket for output
[2019-01-13 22:13:45.758][debug][command:null][tid:46][com.facebook.buck.io.AsynchronousDirectoryContentsCleaner] Done cleaning buck-out/.trash
[2019-01-13 22:13:45.758][debug][command:null][tid:1501][com.facebook.nailgun.NGCommunicator] Socket is disconnected
[2019-01-13 22:13:45.759][debug][command:null][tid:1501][com.facebook.nailgun.NGCommunicator] Nailgun client disconnected
[2019-01-13 22:13:45.759][debug][command:null][tid:1501][com.facebook.nailgun.NGCommunicator] Orchestrator thread finished
[2019-01-13 22:13:45.759][debug][command:null][tid:51][com.facebook.buck.event.listener.ChromeTraceBuildListener] Writing Chrome trace to buck-out/log/2019-01-13_22h13m45s_servercommand_1760a68b-9f45-463a-bbf8-c7aec8d7e4bb/build.2019-01-13.22-13-45.1760a68b-9f45-463a-bbf8-c7aec8d7e4bb.trace
[2019-01-13 22:13:45.762][debug][command:null][tid:14][com.facebook.buck.cli.Main] Done.
[2019-01-13 22:13:45.762][info ][command:null][tid:14][com.facebook.nailgun.NGSession] Nail cleanly exited with status 0
[2019-01-13 22:13:45.762][debug][command:null][tid:14][com.facebook.nailgun.NGCommunicator] Shutting down read ExecutorService
[2019-01-13 22:13:45.762][debug][command:null][tid:14][com.facebook.nailgun.NGCommunicator] Shutting down orchestrator ExecutorService
[2019-01-13 22:13:45.763][debug][command:null][tid:14][com.facebook.nailgun.NGSession] NGSession 1 is closing client socket
[2019-01-13 22:18:46.200][debug][command:null][tid:14][com.facebook.nailgun.NGSession] NGSession 1 accepted new connection
[2019-01-13 22:18:46.206][debug][command:null][tid:1525][com.facebook.nailgun.NGCommunicator] Orchestrator thread started
[2019-01-13 22:18:46.206][debug][command:null][tid:14][com.facebook.nailgun.NGCommunicator] Shutting down socket for input
[2019-01-13 22:18:46.206][debug][command:null][tid:14][com.facebook.nailgun.NGCommunicator] Shutting down socket for output
[2019-01-13 22:18:46.206][debug][command:null][tid:14][com.facebook.nailgun.NGCommunicator] Shutting down read ExecutorService
[2019-01-13 22:18:46.207][debug][command:null][tid:1525][com.facebook.nailgun.NGCommunicator] Socket is disconnected
[2019-01-13 22:18:46.207][debug][command:null][tid:1525][com.facebook.nailgun.NGCommunicator] Nailgun client disconnected
[2019-01-13 22:18:46.207][debug][command:null][tid:1525][com.facebook.nailgun.NGCommunicator] Orchestrator thread finished
[2019-01-13 22:18:46.207][debug][command:null][tid:14][com.facebook.nailgun.NGCommunicator] Shutting down orchestrator ExecutorService
[2019-01-13 22:18:46.207][debug][command:null][tid:14][com.facebook.nailgun.NGSession] NGSession 1 is closing client socket
[2019-01-13 22:18:46.224][debug][command:null][tid:14][com.facebook.nailgun.NGSession] NGSession 1 accepted new connection
[2019-01-13 22:18:46.227][debug][command:null][tid:1527][com.facebook.nailgun.NGCommunicator] Orchestrator thread started
[2019-01-13 22:18:46.228][debug][command:null][tid:14][com.facebook.buck.util.config.Configs] Loading configuration for /Users/jamescoggan/Personal/GithubTrending
[2019-01-13 22:18:46.232][debug][command:null][tid:14][com.facebook.buck.util.config.Configs] Loaded project configuration file /Users/jamescoggan/Personal/GithubTrending/.buckconfig
[2019-01-13 22:18:46.232][debug][command:null][tid:14][com.facebook.buck.util.config.Configs] Adding configuration overrides RawConfig{values={}}
[2019-01-13 22:18:46.232][debug][command:null][tid:14][com.facebook.buck.cli.Main] Rotating log.
