[2019-01-14 23:19:17.432][debug][command:null][tid:14][com.facebook.buck.cli.Main] Starting up (build date 2019-01-10 17:04:49 +0000, rev 2019.01.10.01), args: [server, status, --http-port]
[2019-01-14 23:19:17.437][debug][command:null][tid:14][com.facebook.buck.cli.Main] System properties: {java.vendor=Oracle Corporation, sun.java.launcher=SUN_STANDARD, sun.management.compiler=HotSpot 64-Bit Tiered Compilers, jnidispatch.path=/Users/jamescoggan/Personal/GithubTrending/.buckd/tmp/buck_run.SPVb08/jna--970404419/jna6209669676113740800.tmp, os.name=Mac OS X, buck.enable_objc=true, sun.boot.class.path=/Library/Java/JavaVirtualMachines/jdk1.8.0_181.jdk/Contents/Home/jre/lib/resources.jar:/Library/Java/JavaVirtualMachines/jdk1.8.0_181.jdk/Contents/Home/jre/lib/rt.jar:/Library/Java/JavaVirtualMachines/jdk1.8.0_181.jdk/Contents/Home/jre/lib/sunrsasign.jar:/Library/Java/JavaVirtualMachines/jdk1.8.0_181.jdk/Contents/Home/jre/lib/jsse.jar:/Library/Java/JavaVirtualMachines/jdk1.8.0_181.jdk/Contents/Home/jre/lib/jce.jar:/Library/Java/JavaVirtualMachines/jdk1.8.0_181.jdk/Contents/Home/jre/lib/charsets.jar:/Library/Java/JavaVirtualMachines/jdk1.8.0_181.jdk/Contents/Home/jre/lib/jfr.jar:/Library/Java/JavaVirtualMachines/jdk1.8.0_181.jdk/Contents/Home/jre/classes, buck.module.resources=/Users/jamescoggan/Personal/GithubTrending/.buckd/resources/2019.01.10.01/buck-modules-resources, pf4j.pluginsDir=/Users/jamescoggan/Personal/GithubTrending/.buckd/resources/2019.01.10.01/buck-modules, buck.resource_lock_path=/Users/jamescoggan/Personal/GithubTrending/.buckd/resources/2019.01.10.01/.buck_lock, buck.path_to_isolated_trampoline=/Users/jamescoggan/Personal/GithubTrending/.buckd/resources/2019.01.10.01/path_to_isolated_trampoline, java.vm.specification.vendor=Oracle Corporation, java.runtime.version=1.8.0_181-b13, jna.loaded=true, buck.testrunner_classes=/Users/jamescoggan/Personal/GithubTrending/.buckd/resources/2019.01.10.01/testrunner_classes, buck.logging_config_file=/Users/jamescoggan/Personal/GithubTrending/.buckd/resources/2019.01.10.01/logging_config_file, buck.path_to_sh_binary_template=/Users/jamescoggan/Personal/GithubTrending/.buckd/resources/2019.01.10.01/path_to_sh_binary_template, user.name=jamescoggan, com.facebook.nailgun.NGServer.outputPath=/Users/jamescoggan/Personal/GithubTrending/.buckd/tmp/buck_run.SPVb08/ngserver-out, buck.path_to_pywatchman=/Users/jamescoggan/Personal/GithubTrending/.buckd/resources/2019.01.10.01/path_to_pywatchman, buck.report_generator_jar=/Users/jamescoggan/Personal/GithubTrending/.buckd/resources/2019.01.10.01/report_generator_jar, buck.git_commit=2019.01.10.01, user.language=en, idea.plugins.compatible.build=182.3040, sun.boot.library.path=/Library/Java/JavaVirtualMachines/jdk1.8.0_181.jdk/Contents/Home/jre/lib, jna.nosys=true, java.version=1.8.0_181, user.timezone=Europe/London, buck.test_util_no_tests_dir=true, sun.arch.data.model=64, http.nonProxyHosts=local|*.local|169.254/16|*.169.254/16, java.endorsed.dirs=/Library/Java/JavaVirtualMachines/jdk1.8.0_181.jdk/Contents/Home/jre/lib/endorsed, sun.cpu.isalist=, sun.jnu.encoding=UTF-8, file.encoding.pkg=sun.io, file.separator=/, java.specification.name=Java Platform API Specification, buck.jacoco_agent_jar=/Users/jamescoggan/Personal/GithubTrending/.buckd/resources/2019.01.10.01/jacoco_agent_jar, java.class.version=52.0, jetty.git.hash=1f8159b1e4a42d3f79997021ea1609f2fbac6de5, user.country=GB, buck.binary_hash=f264911c029270b76498275d681c2768, java.home=/Library/Java/JavaVirtualMachines/jdk1.8.0_181.jdk/Contents/Home/jre, buck.fix_script=/Users/jamescoggan/Personal/GithubTrending/.buckd/resources/2019.01.10.01/fix_script, java.vm.info=mixed mode, os.version=10.14.3, buck.version_uid=2019.01.10.01, org.eclipse.jetty.util.log.class=org.eclipse.jetty.util.log.JavaUtilLog, path.separator=:, java.vm.version=25.181-b13, java.awt.printerjob=sun.lwawt.macosx.CPrinterJob, sun.io.unicode.encoding=UnicodeBig, awt.toolkit=sun.lwawt.macosx.LWCToolkit, buck.mode=package, buck.buck_build_type_info=/Users/jamescoggan/Personal/GithubTrending/.buckd/resources/2019.01.10.01/buck_build_type_info, socksNonProxyHosts=local|*.local|169.254/16|*.169.254/16, ftp.nonProxyHosts=local|*.local|169.254/16|*.169.254/16, buck.dx=/Users/jamescoggan/Personal/GithubTrending/.buckd/resources/2019.01.10.01/dx, buck.git_commit_timestamp=1547139889, user.home=/Users/jamescoggan, java.specification.vendor=Oracle Corporation, buck.git_dirty=0, java.library.path=/Users/jamescoggan/Personal/GithubTrending/.buckd/resources/2019.01.10.01, java.vendor.url=http://java.oracle.com/, java.vm.vendor=Oracle Corporation, gopherProxySet=false, java.runtime.name=Java(TM) SE Runtime Environment, sun.java.command=com.facebook.buck.cli.bootstrapper.ClassLoaderBootstrapper com.facebook.buck.cli.Main$DaemonBootstrap local:.buckd/sock 180000, java.class.path=/Users/jamescoggan/Personal/GithubTrending/.buckd/resources/2019.01.10.01/bootstrapper_jar, buck.buckd_dir=/Users/jamescoggan/Personal/GithubTrending/.buckd, buck.path_to_pathlib_py=/Users/jamescoggan/Personal/GithubTrending/.buckd/resources/2019.01.10.01/pathlib.py, buck.buckd_launch_time_nanos=49601816496402, java.vm.specification.name=Java Virtual Machine Specification, java.vm.specification.version=1.8, sun.cpu.endian=little, sun.os.patch.level=unknown, java.awt.headless=true, java.io.tmpdir=/Users/jamescoggan/Personal/GithubTrending/.buckd/tmp/buck_run.SPVb08, buck.android_agent_path=/Users/jamescoggan/Personal/GithubTrending/.buckd/resources/2019.01.10.01/android_agent_path, java.vendor.url.bug=http://bugreport.sun.com/bugreport/, buck.path_to_python_dsl=, jna.platform.library.path=/usr/lib:/usr/lib, os.arch=x86_64, java.awt.graphicsenv=sun.awt.CGraphicsEnvironment, java.ext.dirs=/Users/jamescoggan/Library/Java/Extensions:/Library/Java/JavaVirtualMachines/jdk1.8.0_181.jdk/Contents/Home/jre/lib/ext:/Library/Java/Extensions:/Network/Library/Java/Extensions:/System/Library/Java/Extensions:/usr/lib/java, java.util.logging.config.class=com.facebook.buck.cli.bootstrapper.LogConfig, buck.path_to_six_py=/Users/jamescoggan/Personal/GithubTrending/.buckd/resources/2019.01.10.01/six.py, user.dir=/Users/jamescoggan/Personal/GithubTrending, java.nio.file.spi.DefaultFileSystemProvider=com.facebook.buck.cli.bootstrapper.filesystem.BuckFileSystemProvider, line.separator=
, java.vm.name=Java HotSpot(TM) 64-Bit Server VM, buck.path_to_typing=/Users/jamescoggan/Personal/GithubTrending/.buckd/resources/2019.01.10.01/path_to_typing, org.sqlite.tmpdir=/Users/jamescoggan/Personal/GithubTrending/.buckd/tmp/buck_run.SPVb08/room-60fc8856-c1cc-4128-abab-5b64828ee988, buck.native_exopackage_fake_path=/Users/jamescoggan/Personal/GithubTrending/.buckd/resources/2019.01.10.01/native_exopackage_fake_path, file.encoding=UTF-8, java.specification.version=1.8}
[2019-01-14 23:19:17.438][debug][command:null][tid:14][com.facebook.buck.util.config.Configs] Loading configuration for /Users/jamescoggan/Personal/GithubTrending
[2019-01-14 23:19:17.439][debug][command:null][tid:14][com.facebook.buck.util.config.Configs] Loaded project configuration file /Users/jamescoggan/Personal/GithubTrending/.buckconfig
[2019-01-14 23:19:17.439][debug][command:null][tid:14][com.facebook.buck.util.config.Configs] Adding configuration overrides RawConfig{values={}}
[2019-01-14 23:19:17.440][info ][command:null][tid:14][com.facebook.buck.io.watchman.WatchmanFactory] Creating for: [/Users/jamescoggan/Personal/GithubTrending]
[2019-01-14 23:19:17.440][debug][command:null][tid:14][com.facebook.buck.io.ExecutableFinder] Executable 'watchman' mapped to 'Optional[/usr/local/bin/watchman]'
[2019-01-14 23:19:17.440][debug][command:null][tid:14][com.facebook.buck.util.ListeningProcessExecutor] Launching process with params ProcessExecutorParams{command=[/usr/local/bin/watchman, --output-encoding=bser, get-sockname]}
[2019-01-14 23:19:17.441][debug][command:null][tid:14][com.facebook.buck.util.ListeningProcessExecutor] Successfully launched process com.zaxxer.nuprocess.osx.OsxProcess@78c14477
[2019-01-14 23:19:17.441][debug][command:null][tid:14][com.facebook.buck.util.ListeningProcessExecutor] Waiting for process com.facebook.buck.util.ListeningProcessExecutor$LaunchedProcessImpl@1f860c11 timeout 1000000000 NANOSECONDS
[2019-01-14 23:19:17.455][debug][command:null][tid:14][com.facebook.buck.util.ListeningProcessExecutor] Wait for process returned 0
[2019-01-14 23:19:17.455][debug][command:null][tid:14][com.facebook.buck.io.watchman.WatchmanFactory] Waited 14 ms for Watchman command get-sockname, exit code 0
[2019-01-14 23:19:17.455][debug][command:null][tid:14][com.facebook.buck.io.watchman.WatchmanFactory] stdout of command: {sockname=/usr/local/var/run/watchman/jamescoggan-state/sock, version=4.9.0}
[2019-01-14 23:19:17.455][info ][command:null][tid:14][com.facebook.buck.io.watchman.WatchmanFactory] Connecting to Watchman version 4.9.0 at /usr/local/var/run/watchman/jamescoggan-state/sock
[2019-01-14 23:19:17.456][debug][command:null][tid:14][com.facebook.buck.io.watchman.WatchmanTransportClient] Query [version, {required=[cmd-watch-project], optional=[term-dirname, cmd-watch-project, wildmatch, wildmatch_multislash, glob_generator, clock-sync-timeout]}] returned in 0 ms
[2019-01-14 23:19:17.456][info ][command:null][tid:14][com.facebook.buck.io.watchman.WatchmanFactory] Took 0 ms to query capabilities {term-dirname=DIRNAME, cmd-watch-project=SUPPORTS_PROJECT_WATCH, wildmatch=WILDMATCH_GLOB, wildmatch_multislash=WILDMATCH_MULTISLASH, glob_generator=GLOB_GENERATOR, clock-sync-timeout=CLOCK_SYNC_TIMEOUT}
[2019-01-14 23:19:17.456][debug][command:null][tid:14][com.facebook.buck.io.watchman.WatchmanFactory] Got capabilities response: {clock-sync-timeout=true, glob_generator=true, wildmatch_multislash=false, cmd-watch-project=true, wildmatch=true, term-dirname=true}
[2019-01-14 23:19:17.456][debug][command:null][tid:14][com.facebook.buck.io.watchman.WatchmanFactory] Got Watchman capabilities: [CLOCK_SYNC_TIMEOUT, GLOB_GENERATOR, SUPPORTS_PROJECT_WATCH, WILDMATCH_GLOB, DIRNAME]
[2019-01-14 23:19:17.456][info ][command:null][tid:14][com.facebook.buck.io.watchman.WatchmanFactory] Adding watchman root: /Users/jamescoggan/Personal/GithubTrending
[2019-01-14 23:19:17.456][debug][command:null][tid:14][com.facebook.buck.io.watchman.WatchmanTransportClient] Query [watch-project, /Users/jamescoggan/Personal/GithubTrending] returned in 0 ms
[2019-01-14 23:19:17.456][debug][command:null][tid:14][com.facebook.buck.io.watchman.WatchmanTransportClient] Query [watch-project, /Users/jamescoggan/Personal/GithubTrending] returned in 0 ms
[2019-01-14 23:19:17.457][info ][command:null][tid:14][com.facebook.buck.io.watchman.WatchmanFactory] Took 0 ms to add root /Users/jamescoggan/Personal/GithubTrending
[2019-01-14 23:19:17.471][debug][command:null][tid:14][com.facebook.buck.io.watchman.WatchmanTransportClient] Query [clock, /Users/jamescoggan/Personal/GithubTrending, {sync_timeout=100}] returned in 14 ms
[2019-01-14 23:19:17.471][info ][command:null][tid:14][com.facebook.buck.io.watchman.WatchmanFactory] Took 14 ms to query for initial clock id Optional[c:1547303792:750:3:5210]
[2019-01-14 23:19:17.471][debug][command:null][tid:14][com.facebook.buck.io.watchman.WatchmanFactory] Connected to Watchman
[2019-01-14 23:19:17.471][debug][command:null][tid:14][com.facebook.buck.io.watchman.WatchmanTransportClient] Closing Watchman transport.
[2019-01-14 23:19:17.472][debug][command:null][tid:14][com.facebook.buck.cli.Main] Watchman capabilities: [CLOCK_SYNC_TIMEOUT, GLOB_GENERATOR, SUPPORTS_PROJECT_WATCH, WILDMATCH_GLOB, DIRNAME] Project watches: {/Users/jamescoggan/Personal/GithubTrending=ProjectWatch{watchRoot=/Users/jamescoggan/Personal/GithubTrending}} Glob handler config: WATCHMAN Query timeout ms config: Optional.empty
[2019-01-14 23:19:17.474][debug][command:3188d905-2ab9-48eb-996c-8feada35c6c6][tid:14][com.google.common.util.concurrent.ServiceManager] Starting PerfStatsTracking [STARTING].
[2019-01-14 23:19:17.474][debug][command:3188d905-2ab9-48eb-996c-8feada35c6c6][tid:14][com.google.common.util.concurrent.ServiceManager] Starting ProcessTracker [STARTING].
[2019-01-14 23:19:17.475][debug][command:3188d905-2ab9-48eb-996c-8feada35c6c6][tid:14][com.facebook.buck.util.environment.MacWifiSsidFinder] Getting current SSID..
[2019-01-14 23:19:17.475][debug][command:null][tid:1995][com.google.common.util.concurrent.ServiceManager] Started PerfStatsTracking [RUNNING] in 922.7 μs.
[2019-01-14 23:19:17.475][debug][command:null][tid:1996][com.facebook.buck.util.perf.ProcessTracker] startUp
[2019-01-14 23:19:17.476][debug][command:3188d905-2ab9-48eb-996c-8feada35c6c6][tid:14][com.facebook.buck.util.environment.MacWifiSsidFinder] Getting SSID from Wi-Fi interface: <CWInterface: 0x7f8bf9d09480> [interfaceName=en0]
[2019-01-14 23:19:17.477][debug][command:null][tid:1996][com.google.common.util.concurrent.ServiceManager] Started ProcessTracker [RUNNING] in 2.686 ms.
[2019-01-14 23:19:17.477][debug][command:3188d905-2ab9-48eb-996c-8feada35c6c6][tid:14][com.facebook.buck.util.environment.MacWifiSsidFinder] Found SSID: Motafoca
[2019-01-14 23:19:17.477][debug][command:3188d905-2ab9-48eb-996c-8feada35c6c6][tid:14][com.facebook.buck.cli.Main] InvocationInfo BuildId=[3188d905-2ab9-48eb-996c-8feada35c6c6] Args=[server, status, --http-port]
[2019-01-14 23:19:17.479][warn ][command:null][tid:1999][com.facebook.buck.event.listener.PublicAnnouncementManager] Failed to get public announcements. Reason: Failed to establish connection to server.
[2019-01-14 23:19:17.479][debug][command:null][tid:2000][com.facebook.buck.util.environment.MacNetworkConfiguration] Determine network service order and extract device names
[2019-01-14 23:19:17.480][debug][command:null][tid:2000][com.facebook.buck.util.ListeningProcessExecutor] Launching process with params ProcessExecutorParams{command=[networksetup, -listnetworkserviceorder, ]}
[2019-01-14 23:19:17.481][debug][command:null][tid:2000][com.facebook.buck.util.ListeningProcessExecutor] Successfully launched process com.zaxxer.nuprocess.osx.OsxProcess@422fe069
[2019-01-14 23:19:17.481][debug][command:null][tid:2000][com.facebook.buck.util.ListeningProcessExecutor] Waiting for process com.facebook.buck.util.ListeningProcessExecutor$LaunchedProcessImpl@67f35461 timeout 1000 MILLISECONDS
[2019-01-14 23:19:17.517][debug][command:null][tid:2000][com.facebook.buck.util.ListeningProcessExecutor] Wait for process returned 0
[2019-01-14 23:19:17.517][debug][command:null][tid:2000][com.facebook.buck.util.ListeningProcessExecutor] Destroying process com.facebook.buck.util.ListeningProcessExecutor$LaunchedProcessImpl@67f35461 (force true)
[2019-01-14 23:19:17.517][debug][command:null][tid:2000][com.facebook.buck.util.environment.MacNetworkConfiguration] Determine active state of media for device
[2019-01-14 23:19:17.518][debug][command:null][tid:2000][com.facebook.buck.util.ListeningProcessExecutor] Launching process with params ProcessExecutorParams{command=[networksetup, -getMedia, en7]}
[2019-01-14 23:19:17.519][debug][command:null][tid:2000][com.facebook.buck.util.ListeningProcessExecutor] Successfully launched process com.zaxxer.nuprocess.osx.OsxProcess@5fad175b
[2019-01-14 23:19:17.519][debug][command:null][tid:2000][com.facebook.buck.util.ListeningProcessExecutor] Waiting for process com.facebook.buck.util.ListeningProcessExecutor$LaunchedProcessImpl@175764c3 timeout 1000 MILLISECONDS
[2019-01-14 23:19:17.549][debug][command:null][tid:2000][com.facebook.buck.util.ListeningProcessExecutor] Wait for process returned 4
[2019-01-14 23:19:17.549][debug][command:null][tid:2000][com.facebook.buck.util.ListeningProcessExecutor] Destroying process com.facebook.buck.util.ListeningProcessExecutor$LaunchedProcessImpl@175764c3 (force true)
[2019-01-14 23:19:17.549][debug][command:null][tid:2000][com.facebook.buck.util.environment.MacNetworkConfiguration] Determine active state of media for device
[2019-01-14 23:19:17.549][debug][command:null][tid:2000][com.facebook.buck.util.ListeningProcessExecutor] Launching process with params ProcessExecutorParams{command=[networksetup, -getMedia, en9]}
[2019-01-14 23:19:17.550][debug][command:null][tid:2000][com.facebook.buck.util.ListeningProcessExecutor] Successfully launched process com.zaxxer.nuprocess.osx.OsxProcess@3db38258
[2019-01-14 23:19:17.550][debug][command:null][tid:2000][com.facebook.buck.util.ListeningProcessExecutor] Waiting for process com.facebook.buck.util.ListeningProcessExecutor$LaunchedProcessImpl@15364f95 timeout 1000 MILLISECONDS
[2019-01-14 23:19:17.580][debug][command:null][tid:2000][com.facebook.buck.util.ListeningProcessExecutor] Wait for process returned 4
[2019-01-14 23:19:17.580][debug][command:null][tid:2000][com.facebook.buck.util.ListeningProcessExecutor] Destroying process com.facebook.buck.util.ListeningProcessExecutor$LaunchedProcessImpl@15364f95 (force true)
[2019-01-14 23:19:17.580][debug][command:null][tid:2000][com.facebook.buck.util.environment.MacNetworkConfiguration] Determine active state of media for device
[2019-01-14 23:19:17.580][debug][command:null][tid:2000][com.facebook.buck.util.ListeningProcessExecutor] Launching process with params ProcessExecutorParams{command=[networksetup, -getMedia, en8]}
[2019-01-14 23:19:17.581][debug][command:null][tid:2000][com.facebook.buck.util.ListeningProcessExecutor] Successfully launched process com.zaxxer.nuprocess.osx.OsxProcess@22a8e936
[2019-01-14 23:19:17.582][debug][command:null][tid:2000][com.facebook.buck.util.ListeningProcessExecutor] Waiting for process com.facebook.buck.util.ListeningProcessExecutor$LaunchedProcessImpl@607cf5b0 timeout 1000 MILLISECONDS
[2019-01-14 23:19:17.611][debug][command:null][tid:2000][com.facebook.buck.util.ListeningProcessExecutor] Wait for process returned 4
[2019-01-14 23:19:17.611][debug][command:null][tid:2000][com.facebook.buck.util.ListeningProcessExecutor] Destroying process com.facebook.buck.util.ListeningProcessExecutor$LaunchedProcessImpl@607cf5b0 (force true)
[2019-01-14 23:19:17.611][debug][command:null][tid:2000][com.facebook.buck.util.environment.MacNetworkConfiguration] Determine active state of media for device
[2019-01-14 23:19:17.611][debug][command:null][tid:2000][com.facebook.buck.util.ListeningProcessExecutor] Launching process with params ProcessExecutorParams{command=[networksetup, -getMedia, en0]}
[2019-01-14 23:19:17.613][debug][command:null][tid:2000][com.facebook.buck.util.ListeningProcessExecutor] Successfully launched process com.zaxxer.nuprocess.osx.OsxProcess@24343f65
[2019-01-14 23:19:17.614][debug][command:null][tid:2000][com.facebook.buck.util.ListeningProcessExecutor] Waiting for process com.facebook.buck.util.ListeningProcessExecutor$LaunchedProcessImpl@16895015 timeout 1000 MILLISECONDS
[2019-01-14 23:19:17.635][debug][command:null][tid:2007][com.facebook.buck.io.watchman.WatchmanTransportClient] Query [query, /Users/jamescoggan/Personal/GithubTrending, {since=c:1547303792:750:3:5136, expression=[not, [anyof, [type, d], [dirname, .idea], [dirname, .buckd], [dirname, buck-out/cache], [dirname, .git], [dirname, .gradle], [dirname, local.properties], [dirname, buck-out/.trash], [dirname, buck-out], [match, **/.DS_Store, wholename, {includedotfiles=true}], [match, **/*.iml, wholename, {includedotfiles=true}], [match, **/*.pbxproj, wholename, {includedotfiles=true}], [match, **/*.xcscheme, wholename, {includedotfiles=true}], [match, **/*.xcworkspacedata, wholename, {includedotfiles=true}], [match, **/*~, wholename, {includedotfiles=true}], [match, **/#*#, wholename, {includedotfiles=true}], [match, **/.#*, wholename, {includedotfiles=true}], [match, **/*.swo, wholename, {includedotfiles=true}], [match, **/*.swp, wholename, {includedotfiles=true}], [match, **/*.swpx, wholename, {includedotfiles=true}], [match, **/*.un~, wholename, {includedotfiles=true}], [match, **/*.netrhwist, wholename, {includedotfiles=true}], [match, .idea, wholename, {includedotfiles=true}], [match, .iml, wholename, {includedotfiles=true}], [match, **/*.pydevproject, wholename, {includedotfiles=true}], [match, .project, wholename, {includedotfiles=true}], [match, .metadata, wholename, {includedotfiles=true}], [match, **/*.tmp, wholename, {includedotfiles=true}], [match, **/*.bak, wholename, {includedotfiles=true}], [match, **/*.nib, wholename, {includedotfiles=true}], [match, .classpath, wholename, {includedotfiles=true}], [match, .settings, wholename, {includedotfiles=true}], [match, .loadpath, wholename, {includedotfiles=true}], [match, .externalToolBuilders, wholename, {includedotfiles=true}], [match, .cproject, wholename, {includedotfiles=true}], [match, .buildpath, wholename, {includedotfiles=true}], [match, .DS_Store, wholename, {includedotfiles=true}], [match, .AppleDouble, wholename, {includedotfiles=true}], [match, .LSOverride, wholename, {includedotfiles=true}], [match, .Spotlight-V100, wholename, {includedotfiles=true}], [match, .Trashes, wholename, {includedotfiles=true}], [match, $RECYCLE.BIN, wholename, {includedotfiles=true}], [match, **/*.sublime-workspace, wholename, {includedotfiles=true}]]], empty_on_fresh_instance=true, fields=[name, exists, new]}] returned in 12 ms
[2019-01-14 23:19:17.636][debug][command:null][tid:2007][com.facebook.buck.io.watchman.WatchmanWatcher] Updating Watchman Cursor from c:1547303792:750:3:5136 to c:1547303792:750:3:5212
[2019-01-14 23:19:17.636][debug][command:null][tid:2007][com.facebook.buck.io.watchman.WatchmanWatcher] Posted 0 Watchman events.
[2019-01-14 23:19:17.636][debug][command:null][tid:2007][com.facebook.buck.io.watchman.WatchmanTransportClient] Closing Watchman transport.
[2019-01-14 23:19:17.637][debug][command:3188d905-2ab9-48eb-996c-8feada35c6c6][tid:1996][com.facebook.buck.util.perf.ProcessTracker] shutDown
[2019-01-14 23:19:17.637][info ][command:3188d905-2ab9-48eb-996c-8feada35c6c6][tid:14][com.facebook.buck.cli.Main] Awaiting termination of PROJECT executor service. Waiting for all jobs to complete, or up to maximum of 60 seconds...
[2019-01-14 23:19:17.637][debug][command:null][tid:1995][com.google.common.util.concurrent.ServiceManager] Service PerfStatsTracking [TERMINATED] has terminated. Previous state was: STOPPING
[2019-01-14 23:19:17.637][info ][command:3188d905-2ab9-48eb-996c-8feada35c6c6][tid:14][com.facebook.buck.cli.Main] Successfully terminated PROJECT executor service.
[2019-01-14 23:19:17.637][info ][command:3188d905-2ab9-48eb-996c-8feada35c6c6][tid:14][com.facebook.buck.cli.Main] Awaiting termination of NETWORK executor service. Waiting for all jobs to complete, or up to maximum of 60 seconds...
[2019-01-14 23:19:17.637][info ][command:3188d905-2ab9-48eb-996c-8feada35c6c6][tid:14][com.facebook.buck.cli.Main] Successfully terminated NETWORK executor service.
[2019-01-14 23:19:17.637][info ][command:3188d905-2ab9-48eb-996c-8feada35c6c6][tid:14][com.facebook.buck.cli.Main] Awaiting termination of CPU executor service. Waiting for all jobs to complete, or up to maximum of 60 seconds...
[2019-01-14 23:19:17.637][info ][command:3188d905-2ab9-48eb-996c-8feada35c6c6][tid:14][com.facebook.buck.cli.Main] Successfully terminated CPU executor service.
[2019-01-14 23:19:17.637][info ][command:3188d905-2ab9-48eb-996c-8feada35c6c6][tid:14][com.facebook.buck.cli.Main] Awaiting termination of ScheduledExecutorService executor service. Waiting for all jobs to complete, or up to maximum of 60 seconds...
[2019-01-14 23:19:17.637][info ][command:3188d905-2ab9-48eb-996c-8feada35c6c6][tid:14][com.facebook.buck.cli.Main] Successfully terminated ScheduledExecutorService executor service.
[2019-01-14 23:19:17.637][info ][command:3188d905-2ab9-48eb-996c-8feada35c6c6][tid:14][com.facebook.buck.cli.Main] Awaiting termination of CounterAggregatorExecutor executor service. Waiting for all jobs to complete, or up to maximum of 20 seconds...
[2019-01-14 23:19:17.638][info ][command:3188d905-2ab9-48eb-996c-8feada35c6c6][tid:14][com.facebook.buck.cli.Main] Successfully terminated CounterAggregatorExecutor executor service.
[2019-01-14 23:19:17.638][info ][command:3188d905-2ab9-48eb-996c-8feada35c6c6][tid:14][com.facebook.buck.cli.Main] Awaiting termination of HTTP Read executor service. Waiting for all jobs to complete, or up to maximum of 1800 seconds...
[2019-01-14 23:19:17.638][info ][command:3188d905-2ab9-48eb-996c-8feada35c6c6][tid:14][com.facebook.buck.cli.Main] Successfully terminated HTTP Read executor service.
[2019-01-14 23:19:17.638][info ][command:3188d905-2ab9-48eb-996c-8feada35c6c6][tid:14][com.facebook.buck.cli.Main] Awaiting termination of Download Heavy Build HTTP Read executor service. Waiting for all jobs to complete, or up to maximum of 1800 seconds...
[2019-01-14 23:19:17.638][info ][command:3188d905-2ab9-48eb-996c-8feada35c6c6][tid:14][com.facebook.buck.cli.Main] Successfully terminated Download Heavy Build HTTP Read executor service.
[2019-01-14 23:19:17.638][info ][command:3188d905-2ab9-48eb-996c-8feada35c6c6][tid:14][com.facebook.buck.cli.Main] Awaiting termination of HTTP Write executor service. Waiting for all jobs to complete, or up to maximum of 1800 seconds...
[2019-01-14 23:19:17.638][info ][command:3188d905-2ab9-48eb-996c-8feada35c6c6][tid:14][com.facebook.buck.cli.Main] Successfully terminated HTTP Write executor service.
[2019-01-14 23:19:17.638][info ][command:3188d905-2ab9-48eb-996c-8feada35c6c6][tid:14][com.facebook.buck.cli.Main] Awaiting termination of Disk IO executor service. Waiting for all jobs to complete, or up to maximum of 10 seconds...
[2019-01-14 23:19:17.638][debug][command:3188d905-2ab9-48eb-996c-8feada35c6c6][tid:1996][com.google.common.util.concurrent.ServiceManager] Service ProcessTracker [TERMINATED] has terminated. Previous state was: STOPPING
[2019-01-14 23:19:17.643][debug][command:null][tid:2000][com.facebook.buck.util.ListeningProcessExecutor] Wait for process returned 0
[2019-01-14 23:19:17.643][debug][command:null][tid:2000][com.facebook.buck.util.ListeningProcessExecutor] Destroying process com.facebook.buck.util.ListeningProcessExecutor$LaunchedProcessImpl@16895015 (force true)
[2019-01-14 23:19:17.643][debug][command:null][tid:2000][com.facebook.buck.util.environment.MacNetworkConfiguration] Determine WiFi SSID of device
[2019-01-14 23:19:17.643][debug][command:null][tid:2000][com.facebook.buck.util.ListeningProcessExecutor] Launching process with params ProcessExecutorParams{command=[networksetup, -getairportnetwork, en0]}
[2019-01-14 23:19:17.644][debug][command:null][tid:2000][com.facebook.buck.util.ListeningProcessExecutor] Successfully launched process com.zaxxer.nuprocess.osx.OsxProcess@fd7dec5
[2019-01-14 23:19:17.644][debug][command:null][tid:2000][com.facebook.buck.util.ListeningProcessExecutor] Waiting for process com.facebook.buck.util.ListeningProcessExecutor$LaunchedProcessImpl@728e833b timeout 1000 MILLISECONDS
[2019-01-14 23:19:17.676][debug][command:null][tid:2000][com.facebook.buck.util.ListeningProcessExecutor] Wait for process returned 0
[2019-01-14 23:19:17.676][debug][command:null][tid:2000][com.facebook.buck.util.ListeningProcessExecutor] Destroying process com.facebook.buck.util.ListeningProcessExecutor$LaunchedProcessImpl@728e833b (force true)
[2019-01-14 23:19:17.676][info ][command:3188d905-2ab9-48eb-996c-8feada35c6c6][tid:14][com.facebook.buck.cli.Main] Successfully terminated Disk IO executor service.
[2019-01-14 23:19:17.676][debug][command:3188d905-2ab9-48eb-996c-8feada35c6c6][tid:14][com.facebook.nailgun.NGCommunicator] Shutting down socket for input
[2019-01-14 23:19:17.676][debug][command:null][tid:46][com.facebook.buck.io.AsynchronousDirectoryContentsCleaner] Starting to clean buck-out/.trash
[2019-01-14 23:19:17.676][debug][command:3188d905-2ab9-48eb-996c-8feada35c6c6][tid:14][com.facebook.nailgun.NGCommunicator] Shutting down socket for output
[2019-01-14 23:19:17.676][debug][command:null][tid:46][com.facebook.buck.io.AsynchronousDirectoryContentsCleaner] Done cleaning buck-out/.trash
[2019-01-14 23:19:17.677][debug][command:null][tid:1990][com.facebook.nailgun.NGCommunicator] Socket is disconnected
[2019-01-14 23:19:17.677][debug][command:null][tid:1990][com.facebook.nailgun.NGCommunicator] Nailgun client disconnected
[2019-01-14 23:19:17.677][debug][command:null][tid:1990][com.facebook.nailgun.NGCommunicator] Orchestrator thread finished
[2019-01-14 23:19:17.677][debug][command:null][tid:51][com.facebook.buck.event.listener.ChromeTraceBuildListener] Writing Chrome trace to buck-out/log/2019-01-14_23h19m17s_servercommand_3188d905-2ab9-48eb-996c-8feada35c6c6/build.2019-01-14.23-19-17.3188d905-2ab9-48eb-996c-8feada35c6c6.trace
[2019-01-14 23:19:17.680][debug][command:null][tid:14][com.facebook.buck.cli.Main] Done.
[2019-01-14 23:19:17.680][info ][command:null][tid:14][com.facebook.nailgun.NGSession] Nail cleanly exited with status 0
[2019-01-14 23:19:17.681][debug][command:null][tid:14][com.facebook.nailgun.NGCommunicator] Shutting down read ExecutorService
[2019-01-14 23:19:17.681][debug][command:null][tid:14][com.facebook.nailgun.NGCommunicator] Shutting down orchestrator ExecutorService
[2019-01-14 23:19:17.681][debug][command:null][tid:14][com.facebook.nailgun.NGSession] NGSession 1 is closing client socket
[2019-01-14 23:19:32.705][debug][command:null][tid:14][com.facebook.nailgun.NGSession] NGSession 1 accepted new connection
[2019-01-14 23:19:32.707][debug][command:null][tid:2010][com.facebook.nailgun.NGCommunicator] Orchestrator thread started
[2019-01-14 23:19:32.711][debug][command:null][tid:14][com.facebook.nailgun.NGCommunicator] Shutting down socket for input
[2019-01-14 23:19:32.712][debug][command:null][tid:14][com.facebook.nailgun.NGCommunicator] Shutting down socket for output
[2019-01-14 23:19:32.712][debug][command:null][tid:2010][com.facebook.nailgun.NGCommunicator] Socket is disconnected
[2019-01-14 23:19:32.712][debug][command:null][tid:14][com.facebook.nailgun.NGCommunicator] Shutting down read ExecutorService
[2019-01-14 23:19:32.712][debug][command:null][tid:2010][com.facebook.nailgun.NGCommunicator] Nailgun client disconnected
[2019-01-14 23:19:32.712][debug][command:null][tid:2010][com.facebook.nailgun.NGCommunicator] Orchestrator thread finished
[2019-01-14 23:19:32.712][debug][command:null][tid:14][com.facebook.nailgun.NGCommunicator] Shutting down orchestrator ExecutorService
[2019-01-14 23:19:32.713][debug][command:null][tid:14][com.facebook.nailgun.NGSession] NGSession 1 is closing client socket
[2019-01-14 23:19:32.714][debug][command:null][tid:14][com.facebook.nailgun.NGSession] NGSession 1 stopped
