[2019-01-14 23:19:35.248][debug][command:null][tid:15][com.facebook.buck.cli.Main] Starting up (build date 2019-01-10 17:04:49 +0000, rev 2019.01.10.01), args: [clean]
[2019-01-14 23:19:35.255][debug][command:null][tid:15][com.facebook.buck.cli.Main] System properties: {java.vendor=Oracle Corporation, sun.java.launcher=SUN_STANDARD, sun.management.compiler=HotSpot 64-Bit Tiered Compilers, jnidispatch.path=/Users/jamescoggan/Personal/GithubTrending/.buckd/tmp/buck_run.8ZModQ/jna--970404419/jna6469575164955279125.tmp, os.name=Mac OS X, buck.enable_objc=true, sun.boot.class.path=/Library/Java/JavaVirtualMachines/jdk1.8.0_181.jdk/Contents/Home/jre/lib/resources.jar:/Library/Java/JavaVirtualMachines/jdk1.8.0_181.jdk/Contents/Home/jre/lib/rt.jar:/Library/Java/JavaVirtualMachines/jdk1.8.0_181.jdk/Contents/Home/jre/lib/sunrsasign.jar:/Library/Java/JavaVirtualMachines/jdk1.8.0_181.jdk/Contents/Home/jre/lib/jsse.jar:/Library/Java/JavaVirtualMachines/jdk1.8.0_181.jdk/Contents/Home/jre/lib/jce.jar:/Library/Java/JavaVirtualMachines/jdk1.8.0_181.jdk/Contents/Home/jre/lib/charsets.jar:/Library/Java/JavaVirtualMachines/jdk1.8.0_181.jdk/Contents/Home/jre/lib/jfr.jar:/Library/Java/JavaVirtualMachines/jdk1.8.0_181.jdk/Contents/Home/jre/classes, buck.module.resources=/Users/jamescoggan/Personal/GithubTrending/.buckd/resources/2019.01.10.01/buck-modules-resources, pf4j.pluginsDir=/Users/jamescoggan/Personal/GithubTrending/.buckd/resources/2019.01.10.01/buck-modules, buck.resource_lock_path=/Users/jamescoggan/Personal/GithubTrending/.buckd/resources/2019.01.10.01/.buck_lock, buck.path_to_isolated_trampoline=/Users/jamescoggan/Personal/GithubTrending/.buckd/resources/2019.01.10.01/path_to_isolated_trampoline, java.vm.specification.vendor=Oracle Corporation, java.runtime.version=1.8.0_181-b13, jna.loaded=true, buck.testrunner_classes=/Users/jamescoggan/Personal/GithubTrending/.buckd/resources/2019.01.10.01/testrunner_classes, buck.logging_config_file=/Users/jamescoggan/Personal/GithubTrending/.buckd/resources/2019.01.10.01/logging_config_file, buck.path_to_sh_binary_template=/Users/jamescoggan/Personal/GithubTrending/.buckd/resources/2019.01.10.01/path_to_sh_binary_template, user.name=jamescoggan, com.facebook.nailgun.NGServer.outputPath=/Users/jamescoggan/Personal/GithubTrending/.buckd/tmp/buck_run.8ZModQ/ngserver-out, buck.path_to_pywatchman=/Users/jamescoggan/Personal/GithubTrending/.buckd/resources/2019.01.10.01/path_to_pywatchman, buck.report_generator_jar=/Users/jamescoggan/Personal/GithubTrending/.buckd/resources/2019.01.10.01/report_generator_jar, buck.git_commit=2019.01.10.01, user.language=en, sun.boot.library.path=/Library/Java/JavaVirtualMachines/jdk1.8.0_181.jdk/Contents/Home/jre/lib, jna.nosys=true, java.version=1.8.0_181, user.timezone=Europe/London, buck.test_util_no_tests_dir=true, sun.arch.data.model=64, http.nonProxyHosts=local|*.local|169.254/16|*.169.254/16, java.endorsed.dirs=/Library/Java/JavaVirtualMachines/jdk1.8.0_181.jdk/Contents/Home/jre/lib/endorsed, sun.cpu.isalist=, sun.jnu.encoding=UTF-8, file.encoding.pkg=sun.io, file.separator=/, java.specification.name=Java Platform API Specification, buck.jacoco_agent_jar=/Users/jamescoggan/Personal/GithubTrending/.buckd/resources/2019.01.10.01/jacoco_agent_jar, java.class.version=52.0, user.country=GB, buck.binary_hash=f264911c029270b76498275d681c2768, java.home=/Library/Java/JavaVirtualMachines/jdk1.8.0_181.jdk/Contents/Home/jre, buck.fix_script=/Users/jamescoggan/Personal/GithubTrending/.buckd/resources/2019.01.10.01/fix_script, java.vm.info=mixed mode, os.version=10.14.3, buck.version_uid=2019.01.10.01, org.eclipse.jetty.util.log.class=org.eclipse.jetty.util.log.JavaUtilLog, path.separator=:, java.vm.version=25.181-b13, java.awt.printerjob=sun.lwawt.macosx.CPrinterJob, sun.io.unicode.encoding=UnicodeBig, awt.toolkit=sun.lwawt.macosx.LWCToolkit, buck.mode=package, buck.buck_build_type_info=/Users/jamescoggan/Personal/GithubTrending/.buckd/resources/2019.01.10.01/buck_build_type_info, socksNonProxyHosts=local|*.local|169.254/16|*.169.254/16, ftp.nonProxyHosts=local|*.local|169.254/16|*.169.254/16, buck.dx=/Users/jamescoggan/Personal/GithubTrending/.buckd/resources/2019.01.10.01/dx, buck.git_commit_timestamp=1547139889, user.home=/Users/jamescoggan, java.specification.vendor=Oracle Corporation, buck.git_dirty=0, java.library.path=/Users/jamescoggan/Personal/GithubTrending/.buckd/resources/2019.01.10.01, java.vendor.url=http://java.oracle.com/, java.vm.vendor=Oracle Corporation, gopherProxySet=false, java.runtime.name=Java(TM) SE Runtime Environment, sun.java.command=com.facebook.buck.cli.bootstrapper.ClassLoaderBootstrapper com.facebook.buck.cli.Main$DaemonBootstrap local:.buckd/sock 180000, java.class.path=/Users/jamescoggan/Personal/GithubTrending/.buckd/resources/2019.01.10.01/bootstrapper_jar, buck.buckd_dir=/Users/jamescoggan/Personal/GithubTrending/.buckd, buck.path_to_pathlib_py=/Users/jamescoggan/Personal/GithubTrending/.buckd/resources/2019.01.10.01/pathlib.py, buck.buckd_launch_time_nanos=64377138272863, java.vm.specification.name=Java Virtual Machine Specification, java.vm.specification.version=1.8, sun.cpu.endian=little, sun.os.patch.level=unknown, java.awt.headless=true, java.io.tmpdir=/Users/jamescoggan/Personal/GithubTrending/.buckd/tmp/buck_run.8ZModQ, buck.android_agent_path=/Users/jamescoggan/Personal/GithubTrending/.buckd/resources/2019.01.10.01/android_agent_path, java.vendor.url.bug=http://bugreport.sun.com/bugreport/, buck.path_to_python_dsl=, jna.platform.library.path=/usr/lib:/usr/lib, os.arch=x86_64, java.awt.graphicsenv=sun.awt.CGraphicsEnvironment, java.ext.dirs=/Users/jamescoggan/Library/Java/Extensions:/Library/Java/JavaVirtualMachines/jdk1.8.0_181.jdk/Contents/Home/jre/lib/ext:/Library/Java/Extensions:/Network/Library/Java/Extensions:/System/Library/Java/Extensions:/usr/lib/java, java.util.logging.config.class=com.facebook.buck.cli.bootstrapper.LogConfig, buck.path_to_six_py=/Users/jamescoggan/Personal/GithubTrending/.buckd/resources/2019.01.10.01/six.py, user.dir=/Users/jamescoggan/Personal/GithubTrending, java.nio.file.spi.DefaultFileSystemProvider=com.facebook.buck.cli.bootstrapper.filesystem.BuckFileSystemProvider, line.separator=
, java.vm.name=Java HotSpot(TM) 64-Bit Server VM, buck.path_to_typing=/Users/jamescoggan/Personal/GithubTrending/.buckd/resources/2019.01.10.01/path_to_typing, buck.native_exopackage_fake_path=/Users/jamescoggan/Personal/GithubTrending/.buckd/resources/2019.01.10.01/native_exopackage_fake_path, file.encoding=UTF-8, java.specification.version=1.8}
[2019-01-14 23:19:35.274][debug][command:null][tid:15][com.facebook.buck.util.config.Configs] Loading configuration for /Users/jamescoggan/Personal/GithubTrending
[2019-01-14 23:19:35.274][debug][command:null][tid:14][com.facebook.buck.util.config.Configs] Loading configuration for /Users/jamescoggan/Personal/GithubTrending
[2019-01-14 23:19:35.277][debug][command:null][tid:15][com.facebook.buck.util.config.Configs] Loaded project configuration file /Users/jamescoggan/Personal/GithubTrending/.buckconfig
[2019-01-14 23:19:35.277][debug][command:null][tid:14][com.facebook.buck.util.config.Configs] Loaded project configuration file /Users/jamescoggan/Personal/GithubTrending/.buckconfig
[2019-01-14 23:19:35.277][debug][command:null][tid:15][com.facebook.buck.util.config.Configs] Adding configuration overrides RawConfig{values={}}
[2019-01-14 23:19:35.277][debug][command:null][tid:14][com.facebook.buck.util.config.Configs] Adding configuration overrides RawConfig{values={}}
[2019-01-14 23:19:35.336][info ][command:null][tid:14][com.facebook.buck.io.watchman.WatchmanFactory] Creating for: [/Users/jamescoggan/Personal/GithubTrending]
[2019-01-14 23:19:35.336][info ][command:null][tid:15][com.facebook.buck.io.watchman.WatchmanFactory] Creating for: [/Users/jamescoggan/Personal/GithubTrending]
[2019-01-14 23:19:35.356][debug][command:null][tid:15][com.facebook.buck.io.ExecutableFinder] Executable 'watchman' mapped to 'Optional[/usr/local/bin/watchman]'
[2019-01-14 23:19:35.356][debug][command:null][tid:14][com.facebook.buck.io.ExecutableFinder] Executable 'watchman' mapped to 'Optional[/usr/local/bin/watchman]'
[2019-01-14 23:19:35.358][debug][command:null][tid:15][com.facebook.buck.util.ListeningProcessExecutor] Launching process with params ProcessExecutorParams{command=[/usr/local/bin/watchman, --output-encoding=bser, get-sockname]}
[2019-01-14 23:19:35.358][debug][command:null][tid:14][com.facebook.buck.util.ListeningProcessExecutor] Launching process with params ProcessExecutorParams{command=[/usr/local/bin/watchman, --output-encoding=bser, get-sockname]}
[2019-01-14 23:19:35.403][debug][command:null][tid:14][com.facebook.buck.util.ListeningProcessExecutor] Successfully launched process com.zaxxer.nuprocess.osx.OsxProcess@7de18964
[2019-01-14 23:19:35.403][debug][command:null][tid:14][com.facebook.buck.util.ListeningProcessExecutor] Waiting for process com.facebook.buck.util.ListeningProcessExecutor$LaunchedProcessImpl@c7f833e timeout 1000000000 NANOSECONDS
[2019-01-14 23:19:35.404][debug][command:null][tid:15][com.facebook.buck.util.ListeningProcessExecutor] Successfully launched process com.zaxxer.nuprocess.osx.OsxProcess@312abbbd
[2019-01-14 23:19:35.404][debug][command:null][tid:15][com.facebook.buck.util.ListeningProcessExecutor] Waiting for process com.facebook.buck.util.ListeningProcessExecutor$LaunchedProcessImpl@214def24 timeout 1000000000 NANOSECONDS
[2019-01-14 23:19:35.416][debug][command:null][tid:14][com.facebook.buck.util.ListeningProcessExecutor] Wait for process returned 0
[2019-01-14 23:19:35.417][debug][command:null][tid:15][com.facebook.buck.util.ListeningProcessExecutor] Wait for process returned 0
[2019-01-14 23:19:35.418][debug][command:null][tid:15][com.facebook.buck.io.watchman.WatchmanFactory] Waited 12 ms for Watchman command get-sockname, exit code 0
[2019-01-14 23:19:35.418][debug][command:null][tid:14][com.facebook.buck.io.watchman.WatchmanFactory] Waited 13 ms for Watchman command get-sockname, exit code 0
[2019-01-14 23:19:35.421][debug][command:null][tid:15][com.facebook.buck.io.watchman.WatchmanFactory] stdout of command: {sockname=/usr/local/var/run/watchman/jamescoggan-state/sock, version=4.9.0}
[2019-01-14 23:19:35.421][debug][command:null][tid:14][com.facebook.buck.io.watchman.WatchmanFactory] stdout of command: {sockname=/usr/local/var/run/watchman/jamescoggan-state/sock, version=4.9.0}
[2019-01-14 23:19:35.421][info ][command:null][tid:15][com.facebook.buck.io.watchman.WatchmanFactory] Connecting to Watchman version 4.9.0 at /usr/local/var/run/watchman/jamescoggan-state/sock
[2019-01-14 23:19:35.421][info ][command:null][tid:14][com.facebook.buck.io.watchman.WatchmanFactory] Connecting to Watchman version 4.9.0 at /usr/local/var/run/watchman/jamescoggan-state/sock
[2019-01-14 23:19:35.435][debug][command:null][tid:15][com.facebook.buck.io.watchman.WatchmanTransportClient] Query [version, {required=[cmd-watch-project], optional=[term-dirname, cmd-watch-project, wildmatch, wildmatch_multislash, glob_generator, clock-sync-timeout]}] returned in 1 ms
[2019-01-14 23:19:35.435][debug][command:null][tid:14][com.facebook.buck.io.watchman.WatchmanTransportClient] Query [version, {required=[cmd-watch-project], optional=[term-dirname, cmd-watch-project, wildmatch, wildmatch_multislash, glob_generator, clock-sync-timeout]}] returned in 1 ms
[2019-01-14 23:19:35.435][info ][command:null][tid:15][com.facebook.buck.io.watchman.WatchmanFactory] Took 3 ms to query capabilities {term-dirname=DIRNAME, cmd-watch-project=SUPPORTS_PROJECT_WATCH, wildmatch=WILDMATCH_GLOB, wildmatch_multislash=WILDMATCH_MULTISLASH, glob_generator=GLOB_GENERATOR, clock-sync-timeout=CLOCK_SYNC_TIMEOUT}
[2019-01-14 23:19:35.435][info ][command:null][tid:14][com.facebook.buck.io.watchman.WatchmanFactory] Took 4 ms to query capabilities {term-dirname=DIRNAME, cmd-watch-project=SUPPORTS_PROJECT_WATCH, wildmatch=WILDMATCH_GLOB, wildmatch_multislash=WILDMATCH_MULTISLASH, glob_generator=GLOB_GENERATOR, clock-sync-timeout=CLOCK_SYNC_TIMEOUT}
[2019-01-14 23:19:35.435][debug][command:null][tid:15][com.facebook.buck.io.watchman.WatchmanFactory] Got capabilities response: {clock-sync-timeout=true, glob_generator=true, wildmatch_multislash=false, cmd-watch-project=true, wildmatch=true, term-dirname=true}
[2019-01-14 23:19:35.435][debug][command:null][tid:14][com.facebook.buck.io.watchman.WatchmanFactory] Got capabilities response: {clock-sync-timeout=true, glob_generator=true, wildmatch_multislash=false, cmd-watch-project=true, wildmatch=true, term-dirname=true}
[2019-01-14 23:19:35.436][debug][command:null][tid:15][com.facebook.buck.io.watchman.WatchmanFactory] Got Watchman capabilities: [CLOCK_SYNC_TIMEOUT, GLOB_GENERATOR, SUPPORTS_PROJECT_WATCH, WILDMATCH_GLOB, DIRNAME]
[2019-01-14 23:19:35.436][debug][command:null][tid:14][com.facebook.buck.io.watchman.WatchmanFactory] Got Watchman capabilities: [CLOCK_SYNC_TIMEOUT, GLOB_GENERATOR, SUPPORTS_PROJECT_WATCH, WILDMATCH_GLOB, DIRNAME]
[2019-01-14 23:19:35.436][info ][command:null][tid:15][com.facebook.buck.io.watchman.WatchmanFactory] Adding watchman root: /Users/jamescoggan/Personal/GithubTrending
[2019-01-14 23:19:35.436][info ][command:null][tid:14][com.facebook.buck.io.watchman.WatchmanFactory] Adding watchman root: /Users/jamescoggan/Personal/GithubTrending
[2019-01-14 23:19:35.436][debug][command:null][tid:15][com.facebook.buck.io.watchman.WatchmanTransportClient] Query [watch-project, /Users/jamescoggan/Personal/GithubTrending] returned in 0 ms
[2019-01-14 23:19:35.436][debug][command:null][tid:14][com.facebook.buck.io.watchman.WatchmanTransportClient] Query [watch-project, /Users/jamescoggan/Personal/GithubTrending] returned in 0 ms
[2019-01-14 23:19:35.437][debug][command:null][tid:15][com.facebook.buck.io.watchman.WatchmanTransportClient] Query [watch-project, /Users/jamescoggan/Personal/GithubTrending] returned in 0 ms
[2019-01-14 23:19:35.437][debug][command:null][tid:14][com.facebook.buck.io.watchman.WatchmanTransportClient] Query [watch-project, /Users/jamescoggan/Personal/GithubTrending] returned in 0 ms
[2019-01-14 23:19:35.437][info ][command:null][tid:15][com.facebook.buck.io.watchman.WatchmanFactory] Took 1 ms to add root /Users/jamescoggan/Personal/GithubTrending
[2019-01-14 23:19:35.437][info ][command:null][tid:14][com.facebook.buck.io.watchman.WatchmanFactory] Took 1 ms to add root /Users/jamescoggan/Personal/GithubTrending
[2019-01-14 23:19:35.451][debug][command:null][tid:15][com.facebook.buck.io.watchman.WatchmanTransportClient] Query [clock, /Users/jamescoggan/Personal/GithubTrending, {sync_timeout=100}] returned in 12 ms
[2019-01-14 23:19:35.451][debug][command:null][tid:14][com.facebook.buck.io.watchman.WatchmanTransportClient] Query [clock, /Users/jamescoggan/Personal/GithubTrending, {sync_timeout=100}] returned in 12 ms
[2019-01-14 23:19:35.452][info ][command:null][tid:15][com.facebook.buck.io.watchman.WatchmanFactory] Took 12 ms to query for initial clock id Optional[c:1547303792:750:3:5215]
[2019-01-14 23:19:35.452][info ][command:null][tid:14][com.facebook.buck.io.watchman.WatchmanFactory] Took 12 ms to query for initial clock id Optional[c:1547303792:750:3:5215]
[2019-01-14 23:19:35.452][debug][command:null][tid:15][com.facebook.buck.io.watchman.WatchmanFactory] Connected to Watchman
[2019-01-14 23:19:35.452][debug][command:null][tid:14][com.facebook.buck.io.watchman.WatchmanFactory] Connected to Watchman
[2019-01-14 23:19:35.452][debug][command:null][tid:15][com.facebook.buck.io.watchman.WatchmanTransportClient] Closing Watchman transport.
[2019-01-14 23:19:35.452][debug][command:null][tid:14][com.facebook.buck.io.watchman.WatchmanTransportClient] Closing Watchman transport.
[2019-01-14 23:19:35.453][debug][command:null][tid:15][com.facebook.buck.cli.Main] Watchman capabilities: [CLOCK_SYNC_TIMEOUT, GLOB_GENERATOR, SUPPORTS_PROJECT_WATCH, WILDMATCH_GLOB, DIRNAME] Project watches: {/Users/jamescoggan/Personal/GithubTrending=ProjectWatch{watchRoot=/Users/jamescoggan/Personal/GithubTrending}} Glob handler config: WATCHMAN Query timeout ms config: Optional.empty
[2019-01-14 23:19:35.453][debug][command:null][tid:14][com.facebook.buck.cli.Main] Watchman capabilities: [CLOCK_SYNC_TIMEOUT, GLOB_GENERATOR, SUPPORTS_PROJECT_WATCH, WILDMATCH_GLOB, DIRNAME] Project watches: {/Users/jamescoggan/Personal/GithubTrending=ProjectWatch{watchRoot=/Users/jamescoggan/Personal/GithubTrending}} Glob handler config: WATCHMAN Query timeout ms config: Optional.empty
[2019-01-14 23:19:35.465][warn ][command:null][tid:15][com.facebook.buck.core.plugin.impl.DefaultBuckPluginManager] Time to load instances of interface com.facebook.buck.core.rules.config.ConfigurationRuleDescriptionProvider: 11
[2019-01-14 23:19:35.487][warn ][command:null][tid:14][com.facebook.buck.core.plugin.impl.DefaultBuckPluginManager] Time to load instances of interface com.facebook.buck.core.toolchain.ToolchainSupplier: 15
[2019-01-14 23:19:35.506][warn ][command:null][tid:14][com.facebook.buck.core.plugin.impl.DefaultBuckPluginManager] Time to load instances of interface com.facebook.buck.event.listener.devspeed.DevspeedTelemetryPlugin: 1
[2019-01-14 23:19:35.506][debug][command:null][tid:14][com.facebook.buck.cli.DaemonLifecycleManager] Starting up daemon for project root [/Users/jamescoggan/Personal/GithubTrending]
[2019-01-14 23:19:35.685][info ][command:null][tid:14][org.eclipse.jetty.util.log.javautil] Logging initialized @1241ms to org.eclipse.jetty.util.log.JavaUtilLog
[2019-01-14 23:19:35.772][info ][command:null][tid:14][org.eclipse.jetty.server.Server] jetty-9.4.z-SNAPSHOT; built: 2018-03-20T12:21:10Z; git: 1f8159b1e4a42d3f79997021ea1609f2fbac6de5; jvm 1.8.0_181-b13
[2019-01-14 23:19:35.801][info ][command:null][tid:14][org.eclipse.jetty.server.handler.ContextHandler] Started o.e.j.s.h.ContextHandler@29155c71{/traces,null,AVAILABLE}
[2019-01-14 23:19:35.801][info ][command:null][tid:14][org.eclipse.jetty.server.handler.ContextHandler] Started o.e.j.s.h.ContextHandler@31c6f560{/artifacts,null,AVAILABLE}
[2019-01-14 23:19:35.801][info ][command:null][tid:14][org.eclipse.jetty.server.handler.ContextHandler] Started o.e.j.s.h.ContextHandler@94e8aea{/trace,null,AVAILABLE}
[2019-01-14 23:19:35.801][info ][command:null][tid:14][org.eclipse.jetty.server.handler.ContextHandler] Started o.e.j.s.h.ContextHandler@1f5d6028{/tracedata,null,AVAILABLE}
[2019-01-14 23:19:35.802][info ][command:null][tid:14][org.eclipse.jetty.server.handler.ContextHandler] Started o.e.j.s.h.ContextHandler@1c284166{/,null,AVAILABLE}
[2019-01-14 23:19:35.802][info ][command:null][tid:14][org.eclipse.jetty.server.handler.ContextHandler] Started o.e.j.s.h.ContextHandler@1a43ca76{/static,null,AVAILABLE}
[2019-01-14 23:19:35.806][info ][command:null][tid:14][org.eclipse.jetty.server.session] DefaultSessionIdManager workerName=node0
[2019-01-14 23:19:35.806][info ][command:null][tid:14][org.eclipse.jetty.server.session] No SessionScavenger set, using defaults
[2019-01-14 23:19:35.807][info ][command:null][tid:14][org.eclipse.jetty.server.session] Scavenging every 600000ms
[2019-01-14 23:19:35.825][info ][command:null][tid:14][org.eclipse.jetty.server.handler.ContextHandler] Started o.e.j.s.ServletContextHandler@67271a0e{/ws,null,AVAILABLE}
[2019-01-14 23:19:35.844][info ][command:null][tid:14][org.eclipse.jetty.server.AbstractConnector] Started ServerConnector@63f815bf{HTTP/1.1,[http/1.1]}{0.0.0.0:49809}
[2019-01-14 23:19:35.844][info ][command:null][tid:14][org.eclipse.jetty.server.Server] Started @1400ms
[2019-01-14 23:19:35.849][debug][command:null][tid:14][com.facebook.buck.httpserver.WebServer] Web server is started on port 49809.
[2019-01-14 23:19:35.850][debug][command:null][tid:14][com.facebook.buck.cli.Daemon] Using Watchman Cursor: {/Users/jamescoggan/Personal/GithubTrending=c:1547303792:750:3:5215}
[2019-01-14 23:19:35.885][debug][command:8e660557-77d5-44b0-ac5d-50e29f7103b1][tid:15][com.facebook.buck.event.listener.RenderingConsole] Starting render scheduler (interval 100 ms)
[2019-01-14 23:19:35.892][debug][command:8e660557-77d5-44b0-ac5d-50e29f7103b1][tid:15][com.google.common.util.concurrent.ServiceManager] Starting PerfStatsTracking [STARTING].
[2019-01-14 23:19:35.892][debug][command:01150800-e2db-43e7-a1e7-8ba6e34be7b8][tid:14][com.google.common.util.concurrent.ServiceManager] Starting PerfStatsTracking [RUNNING].
[2019-01-14 23:19:35.892][debug][command:8e660557-77d5-44b0-ac5d-50e29f7103b1][tid:15][com.google.common.util.concurrent.ServiceManager] Started PerfStatsTracking [RUNNING] in 458.4 μs.
[2019-01-14 23:19:35.892][debug][command:01150800-e2db-43e7-a1e7-8ba6e34be7b8][tid:14][com.google.common.util.concurrent.ServiceManager] Started PerfStatsTracking [RUNNING] in 528.1 μs.
[2019-01-14 23:19:35.894][debug][command:8e660557-77d5-44b0-ac5d-50e29f7103b1][tid:15][com.google.common.util.concurrent.ServiceManager] Starting ProcessTracker [STARTING].
[2019-01-14 23:19:35.894][debug][command:01150800-e2db-43e7-a1e7-8ba6e34be7b8][tid:14][com.google.common.util.concurrent.ServiceManager] Starting ProcessTracker [STARTING].
[2019-01-14 23:19:35.894][debug][command:null][tid:41][com.facebook.buck.util.perf.ProcessTracker] startUp
[2019-01-14 23:19:35.894][debug][command:null][tid:42][com.facebook.buck.util.perf.ProcessTracker] startUp
[2019-01-14 23:19:35.899][debug][command:8e660557-77d5-44b0-ac5d-50e29f7103b1][tid:15][com.facebook.buck.util.environment.MacWifiSsidFinder] Getting current SSID..
[2019-01-14 23:19:35.899][debug][command:01150800-e2db-43e7-a1e7-8ba6e34be7b8][tid:14][com.facebook.buck.util.environment.MacWifiSsidFinder] Getting current SSID..
[2019-01-14 23:19:35.919][debug][command:01150800-e2db-43e7-a1e7-8ba6e34be7b8][tid:14][com.facebook.buck.util.environment.MacWifiSsidFinder] Getting SSID from Wi-Fi interface: <CWInterface: 0x7ffc695a7f70> [interfaceName=en0]
[2019-01-14 23:19:35.919][debug][command:8e660557-77d5-44b0-ac5d-50e29f7103b1][tid:15][com.facebook.buck.util.environment.MacWifiSsidFinder] Getting SSID from Wi-Fi interface: <CWInterface: 0x7ffc695a7f70> [interfaceName=en0]
[2019-01-14 23:19:35.920][debug][command:01150800-e2db-43e7-a1e7-8ba6e34be7b8][tid:14][com.facebook.buck.util.environment.MacWifiSsidFinder] Found SSID: Motafoca
[2019-01-14 23:19:35.922][debug][command:8e660557-77d5-44b0-ac5d-50e29f7103b1][tid:15][com.facebook.buck.util.environment.MacWifiSsidFinder] Found SSID: Motafoca
[2019-01-14 23:19:35.926][debug][command:8e660557-77d5-44b0-ac5d-50e29f7103b1][tid:15][com.facebook.buck.cli.Main] InvocationInfo BuildId=[8e660557-77d5-44b0-ac5d-50e29f7103b1] Args=[clean]
[2019-01-14 23:19:35.926][debug][command:01150800-e2db-43e7-a1e7-8ba6e34be7b8][tid:14][com.facebook.buck.cli.Main] InvocationInfo BuildId=[01150800-e2db-43e7-a1e7-8ba6e34be7b8] Args=[server, status, --http-port]
[2019-01-14 23:19:35.932][debug][command:null][tid:42][com.google.common.util.concurrent.ServiceManager] Started ProcessTracker [RUNNING] in 37.90 ms.
[2019-01-14 23:19:35.932][debug][command:null][tid:41][com.google.common.util.concurrent.ServiceManager] Started ProcessTracker [RUNNING] in 37.90 ms.
[2019-01-14 23:19:36.001][debug][command:8e660557-77d5-44b0-ac5d-50e29f7103b1][tid:15][com.facebook.buck.cli.Main] new Buck daemon
[2019-01-14 23:19:36.001][debug][command:01150800-e2db-43e7-a1e7-8ba6e34be7b8][tid:14][com.facebook.buck.cli.Main] new Buck daemon
[2019-01-14 23:19:36.004][warn ][command:null][tid:47][com.facebook.buck.event.listener.PublicAnnouncementManager] Failed to get public announcements. Reason: Failed to establish connection to server.
[2019-01-14 23:19:36.004][warn ][command:null][tid:48][com.facebook.buck.event.listener.PublicAnnouncementManager] Failed to get public announcements. Reason: Failed to establish connection to server.
[2019-01-14 23:19:36.009][debug][command:null][tid:51][com.facebook.buck.util.environment.MacNetworkConfiguration] Determine network service order and extract device names
[2019-01-14 23:19:36.009][debug][command:null][tid:52][com.facebook.buck.util.environment.MacNetworkConfiguration] Determine network service order and extract device names
[2019-01-14 23:19:36.014][debug][command:null][tid:51][com.facebook.buck.util.ListeningProcessExecutor] Launching process with params ProcessExecutorParams{command=[networksetup, -listnetworkserviceorder, ]}
[2019-01-14 23:19:36.014][debug][command:null][tid:52][com.facebook.buck.util.ListeningProcessExecutor] Launching process with params ProcessExecutorParams{command=[networksetup, -listnetworkserviceorder, ]}
[2019-01-14 23:19:36.017][debug][command:null][tid:51][com.facebook.buck.util.ListeningProcessExecutor] Successfully launched process com.zaxxer.nuprocess.osx.OsxProcess@6008837c
[2019-01-14 23:19:36.019][debug][command:null][tid:52][com.facebook.buck.util.ListeningProcessExecutor] Successfully launched process com.zaxxer.nuprocess.osx.OsxProcess@3d57fb6c
[2019-01-14 23:19:36.021][debug][command:null][tid:51][com.facebook.buck.util.ListeningProcessExecutor] Waiting for process com.facebook.buck.util.ListeningProcessExecutor$LaunchedProcessImpl@7c1f4d01 timeout 1000 MILLISECONDS
[2019-01-14 23:19:36.022][debug][command:null][tid:52][com.facebook.buck.util.ListeningProcessExecutor] Waiting for process com.facebook.buck.util.ListeningProcessExecutor$LaunchedProcessImpl@50dbdd1e timeout 1000 MILLISECONDS
[2019-01-14 23:19:36.059][debug][command:null][tid:51][com.facebook.buck.util.ListeningProcessExecutor] Wait for process returned 0
[2019-01-14 23:19:36.059][debug][command:null][tid:51][com.facebook.buck.util.ListeningProcessExecutor] Destroying process com.facebook.buck.util.ListeningProcessExecutor$LaunchedProcessImpl@7c1f4d01 (force true)
[2019-01-14 23:19:36.060][debug][command:null][tid:51][com.facebook.buck.util.environment.MacNetworkConfiguration] Determine active state of media for device
[2019-01-14 23:19:36.060][debug][command:null][tid:51][com.facebook.buck.util.ListeningProcessExecutor] Launching process with params ProcessExecutorParams{command=[networksetup, -getMedia, en7]}
[2019-01-14 23:19:36.060][debug][command:null][tid:52][com.facebook.buck.util.ListeningProcessExecutor] Wait for process returned 0
[2019-01-14 23:19:36.060][debug][command:null][tid:52][com.facebook.buck.util.ListeningProcessExecutor] Destroying process com.facebook.buck.util.ListeningProcessExecutor$LaunchedProcessImpl@50dbdd1e (force true)
[2019-01-14 23:19:36.061][debug][command:null][tid:52][com.facebook.buck.util.environment.MacNetworkConfiguration] Determine active state of media for device
[2019-01-14 23:19:36.061][debug][command:null][tid:52][com.facebook.buck.util.ListeningProcessExecutor] Launching process with params ProcessExecutorParams{command=[networksetup, -getMedia, en7]}
[2019-01-14 23:19:36.062][debug][command:null][tid:51][com.facebook.buck.util.ListeningProcessExecutor] Successfully launched process com.zaxxer.nuprocess.osx.OsxProcess@79161ca4
[2019-01-14 23:19:36.062][debug][command:null][tid:55][com.facebook.buck.io.watchman.WatchmanTransportClient] Query [query, /Users/jamescoggan/Personal/GithubTrending, {since=c:1547303792:750:3:5215, expression=[not, [anyof, [type, d], [dirname, .idea], [dirname, .buckd], [dirname, buck-out/cache], [dirname, .git], [dirname, .gradle], [dirname, local.properties], [dirname, buck-out/.trash], [dirname, buck-out], [match, **/.DS_Store, wholename, {includedotfiles=true}], [match, **/*.iml, wholename, {includedotfiles=true}], [match, **/*.pbxproj, wholename, {includedotfiles=true}], [match, **/*.xcscheme, wholename, {includedotfiles=true}], [match, **/*.xcworkspacedata, wholename, {includedotfiles=true}], [match, **/*~, wholename, {includedotfiles=true}], [match, **/#*#, wholename, {includedotfiles=true}], [match, **/.#*, wholename, {includedotfiles=true}], [match, **/*.swo, wholename, {includedotfiles=true}], [match, **/*.swp, wholename, {includedotfiles=true}], [match, **/*.swpx, wholename, {includedotfiles=true}], [match, **/*.un~, wholename, {includedotfiles=true}], [match, **/*.netrhwist, wholename, {includedotfiles=true}], [match, .idea, wholename, {includedotfiles=true}], [match, .iml, wholename, {includedotfiles=true}], [match, **/*.pydevproject, wholename, {includedotfiles=true}], [match, .project, wholename, {includedotfiles=true}], [match, .metadata, wholename, {includedotfiles=true}], [match, **/*.tmp, wholename, {includedotfiles=true}], [match, **/*.bak, wholename, {includedotfiles=true}], [match, **/*.nib, wholename, {includedotfiles=true}], [match, .classpath, wholename, {includedotfiles=true}], [match, .settings, wholename, {includedotfiles=true}], [match, .loadpath, wholename, {includedotfiles=true}], [match, .externalToolBuilders, wholename, {includedotfiles=true}], [match, .cproject, wholename, {includedotfiles=true}], [match, .buildpath, wholename, {includedotfiles=true}], [match, .DS_Store, wholename, {includedotfiles=true}], [match, .AppleDouble, wholename, {includedotfiles=true}], [match, .LSOverride, wholename, {includedotfiles=true}], [match, .Spotlight-V100, wholename, {includedotfiles=true}], [match, .Trashes, wholename, {includedotfiles=true}], [match, $RECYCLE.BIN, wholename, {includedotfiles=true}], [match, **/*.sublime-workspace, wholename, {includedotfiles=true}]]], empty_on_fresh_instance=true, fields=[name, exists, new]}] returned in 38 ms
[2019-01-14 23:19:36.064][debug][command:null][tid:52][com.facebook.buck.util.ListeningProcessExecutor] Successfully launched process com.zaxxer.nuprocess.osx.OsxProcess@bd95e3f
[2019-01-14 23:19:36.064][debug][command:null][tid:55][com.facebook.buck.io.watchman.WatchmanWatcher] Updating Watchman Cursor from c:1547303792:750:3:5215 to c:1547303792:750:3:5217
[2019-01-14 23:19:36.064][debug][command:null][tid:55][com.facebook.buck.io.watchman.WatchmanWatcher] Posted 0 Watchman events.
[2019-01-14 23:19:36.064][debug][command:null][tid:55][com.facebook.buck.io.watchman.WatchmanTransportClient] Closing Watchman transport.
[2019-01-14 23:19:36.065][debug][command:null][tid:51][com.facebook.buck.util.ListeningProcessExecutor] Waiting for process com.facebook.buck.util.ListeningProcessExecutor$LaunchedProcessImpl@375a0dc5 timeout 1000 MILLISECONDS
[2019-01-14 23:19:36.066][debug][command:null][tid:52][com.facebook.buck.util.ListeningProcessExecutor] Waiting for process com.facebook.buck.util.ListeningProcessExecutor$LaunchedProcessImpl@64c9c7ac timeout 1000 MILLISECONDS
[2019-01-14 23:19:36.100][debug][command:null][tid:51][com.facebook.buck.util.ListeningProcessExecutor] Wait for process returned 4
[2019-01-14 23:19:36.100][debug][command:null][tid:52][com.facebook.buck.util.ListeningProcessExecutor] Wait for process returned 4
[2019-01-14 23:19:36.100][debug][command:null][tid:51][com.facebook.buck.util.ListeningProcessExecutor] Destroying process com.facebook.buck.util.ListeningProcessExecutor$LaunchedProcessImpl@375a0dc5 (force true)
[2019-01-14 23:19:36.100][debug][command:null][tid:52][com.facebook.buck.util.ListeningProcessExecutor] Destroying process com.facebook.buck.util.ListeningProcessExecutor$LaunchedProcessImpl@64c9c7ac (force true)
[2019-01-14 23:19:36.100][debug][command:null][tid:51][com.facebook.buck.util.environment.MacNetworkConfiguration] Determine active state of media for device
[2019-01-14 23:19:36.100][debug][command:null][tid:52][com.facebook.buck.util.environment.MacNetworkConfiguration] Determine active state of media for device
[2019-01-14 23:19:36.101][debug][command:null][tid:52][com.facebook.buck.util.ListeningProcessExecutor] Launching process with params ProcessExecutorParams{command=[networksetup, -getMedia, en9]}
[2019-01-14 23:19:36.101][debug][command:null][tid:51][com.facebook.buck.util.ListeningProcessExecutor] Launching process with params ProcessExecutorParams{command=[networksetup, -getMedia, en9]}
[2019-01-14 23:19:36.102][debug][command:null][tid:52][com.facebook.buck.util.ListeningProcessExecutor] Successfully launched process com.zaxxer.nuprocess.osx.OsxProcess@7d3a79fe
[2019-01-14 23:19:36.104][debug][command:null][tid:51][com.facebook.buck.util.ListeningProcessExecutor] Successfully launched process com.zaxxer.nuprocess.osx.OsxProcess@20780a75
[2019-01-14 23:19:36.105][debug][command:null][tid:52][com.facebook.buck.util.ListeningProcessExecutor] Waiting for process com.facebook.buck.util.ListeningProcessExecutor$LaunchedProcessImpl@6b506767 timeout 1000 MILLISECONDS
[2019-01-14 23:19:36.106][debug][command:null][tid:51][com.facebook.buck.util.ListeningProcessExecutor] Waiting for process com.facebook.buck.util.ListeningProcessExecutor$LaunchedProcessImpl@3f50d124 timeout 1000 MILLISECONDS
[2019-01-14 23:19:36.113][debug][command:null][tid:59][com.facebook.buck.io.watchman.WatchmanTransportClient] Query [query, /Users/jamescoggan/Personal/GithubTrending, {since=c:1547303792:750:3:5217, expression=[not, [anyof, [type, d], [dirname, .idea], [dirname, .buckd], [dirname, buck-out/cache], [dirname, .git], [dirname, .gradle], [dirname, local.properties], [dirname, buck-out/.trash], [dirname, buck-out], [match, **/.DS_Store, wholename, {includedotfiles=true}], [match, **/*.iml, wholename, {includedotfiles=true}], [match, **/*.pbxproj, wholename, {includedotfiles=true}], [match, **/*.xcscheme, wholename, {includedotfiles=true}], [match, **/*.xcworkspacedata, wholename, {includedotfiles=true}], [match, **/*~, wholename, {includedotfiles=true}], [match, **/#*#, wholename, {includedotfiles=true}], [match, **/.#*, wholename, {includedotfiles=true}], [match, **/*.swo, wholename, {includedotfiles=true}], [match, **/*.swp, wholename, {includedotfiles=true}], [match, **/*.swpx, wholename, {includedotfiles=true}], [match, **/*.un~, wholename, {includedotfiles=true}], [match, **/*.netrhwist, wholename, {includedotfiles=true}], [match, .idea, wholename, {includedotfiles=true}], [match, .iml, wholename, {includedotfiles=true}], [match, **/*.pydevproject, wholename, {includedotfiles=true}], [match, .project, wholename, {includedotfiles=true}], [match, .metadata, wholename, {includedotfiles=true}], [match, **/*.tmp, wholename, {includedotfiles=true}], [match, **/*.bak, wholename, {includedotfiles=true}], [match, **/*.nib, wholename, {includedotfiles=true}], [match, .classpath, wholename, {includedotfiles=true}], [match, .settings, wholename, {includedotfiles=true}], [match, .loadpath, wholename, {includedotfiles=true}], [match, .externalToolBuilders, wholename, {includedotfiles=true}], [match, .cproject, wholename, {includedotfiles=true}], [match, .buildpath, wholename, {includedotfiles=true}], [match, .DS_Store, wholename, {includedotfiles=true}], [match, .AppleDouble, wholename, {includedotfiles=true}], [match, .LSOverride, wholename, {includedotfiles=true}], [match, .Spotlight-V100, wholename, {includedotfiles=true}], [match, .Trashes, wholename, {includedotfiles=true}], [match, $RECYCLE.BIN, wholename, {includedotfiles=true}], [match, **/*.sublime-workspace, wholename, {includedotfiles=true}]]], empty_on_fresh_instance=true, fields=[name, exists, new]}] returned in 46 ms
[2019-01-14 23:19:36.114][debug][command:null][tid:59][com.facebook.buck.io.watchman.WatchmanWatcher] Updating Watchman Cursor from c:1547303792:750:3:5217 to c:1547303792:750:3:5218
[2019-01-14 23:19:36.114][debug][command:null][tid:59][com.facebook.buck.io.watchman.WatchmanWatcher] Posted 0 Watchman events.
[2019-01-14 23:19:36.114][debug][command:null][tid:59][com.facebook.buck.io.watchman.WatchmanTransportClient] Closing Watchman transport.
[2019-01-14 23:19:36.124][debug][command:01150800-e2db-43e7-a1e7-8ba6e34be7b8][tid:42][com.facebook.buck.util.perf.ProcessTracker] shutDown
[2019-01-14 23:19:36.124][debug][command:null][tid:40][com.google.common.util.concurrent.ServiceManager] Service PerfStatsTracking [TERMINATED] has terminated. Previous state was: STOPPING
[2019-01-14 23:19:36.128][info ][command:01150800-e2db-43e7-a1e7-8ba6e34be7b8][tid:14][com.facebook.buck.cli.Main] Awaiting termination of PROJECT executor service. Waiting for all jobs to complete, or up to maximum of 60 seconds...
[2019-01-14 23:19:36.128][info ][command:01150800-e2db-43e7-a1e7-8ba6e34be7b8][tid:14][com.facebook.buck.cli.Main] Successfully terminated PROJECT executor service.
[2019-01-14 23:19:36.128][info ][command:01150800-e2db-43e7-a1e7-8ba6e34be7b8][tid:14][com.facebook.buck.cli.Main] Awaiting termination of NETWORK executor service. Waiting for all jobs to complete, or up to maximum of 60 seconds...
[2019-01-14 23:19:36.128][info ][command:01150800-e2db-43e7-a1e7-8ba6e34be7b8][tid:14][com.facebook.buck.cli.Main] Successfully terminated NETWORK executor service.
[2019-01-14 23:19:36.128][info ][command:01150800-e2db-43e7-a1e7-8ba6e34be7b8][tid:14][com.facebook.buck.cli.Main] Awaiting termination of CPU executor service. Waiting for all jobs to complete, or up to maximum of 60 seconds...
[2019-01-14 23:19:36.128][info ][command:01150800-e2db-43e7-a1e7-8ba6e34be7b8][tid:14][com.facebook.buck.cli.Main] Successfully terminated CPU executor service.
[2019-01-14 23:19:36.128][info ][command:01150800-e2db-43e7-a1e7-8ba6e34be7b8][tid:14][com.facebook.buck.cli.Main] Awaiting termination of ScheduledExecutorService executor service. Waiting for all jobs to complete, or up to maximum of 60 seconds...
[2019-01-14 23:19:36.129][info ][command:01150800-e2db-43e7-a1e7-8ba6e34be7b8][tid:14][com.facebook.buck.cli.Main] Successfully terminated ScheduledExecutorService executor service.
[2019-01-14 23:19:36.129][info ][command:01150800-e2db-43e7-a1e7-8ba6e34be7b8][tid:14][com.facebook.buck.cli.Main] Awaiting termination of CounterAggregatorExecutor executor service. Waiting for all jobs to complete, or up to maximum of 20 seconds...
[2019-01-14 23:19:36.129][info ][command:01150800-e2db-43e7-a1e7-8ba6e34be7b8][tid:14][com.facebook.buck.cli.Main] Successfully terminated CounterAggregatorExecutor executor service.
[2019-01-14 23:19:36.129][info ][command:01150800-e2db-43e7-a1e7-8ba6e34be7b8][tid:14][com.facebook.buck.cli.Main] Awaiting termination of HTTP Read executor service. Waiting for all jobs to complete, or up to maximum of 1800 seconds...
[2019-01-14 23:19:36.129][info ][command:01150800-e2db-43e7-a1e7-8ba6e34be7b8][tid:14][com.facebook.buck.cli.Main] Successfully terminated HTTP Read executor service.
[2019-01-14 23:19:36.129][info ][command:01150800-e2db-43e7-a1e7-8ba6e34be7b8][tid:14][com.facebook.buck.cli.Main] Awaiting termination of Download Heavy Build HTTP Read executor service. Waiting for all jobs to complete, or up to maximum of 1800 seconds...
[2019-01-14 23:19:36.129][info ][command:01150800-e2db-43e7-a1e7-8ba6e34be7b8][tid:14][com.facebook.buck.cli.Main] Successfully terminated Download Heavy Build HTTP Read executor service.
[2019-01-14 23:19:36.129][info ][command:01150800-e2db-43e7-a1e7-8ba6e34be7b8][tid:14][com.facebook.buck.cli.Main] Awaiting termination of HTTP Write executor service. Waiting for all jobs to complete, or up to maximum of 1800 seconds...
[2019-01-14 23:19:36.129][info ][command:01150800-e2db-43e7-a1e7-8ba6e34be7b8][tid:14][com.facebook.buck.cli.Main] Successfully terminated HTTP Write executor service.
[2019-01-14 23:19:36.129][info ][command:01150800-e2db-43e7-a1e7-8ba6e34be7b8][tid:14][com.facebook.buck.cli.Main] Awaiting termination of Disk IO executor service. Waiting for all jobs to complete, or up to maximum of 10 seconds...
[2019-01-14 23:19:36.131][debug][command:01150800-e2db-43e7-a1e7-8ba6e34be7b8][tid:42][com.google.common.util.concurrent.ServiceManager] Service ProcessTracker [TERMINATED] has terminated. Previous state was: STOPPING
[2019-01-14 23:19:36.142][debug][command:null][tid:52][com.facebook.buck.util.ListeningProcessExecutor] Wait for process returned 4
[2019-01-14 23:19:36.143][debug][command:null][tid:52][com.facebook.buck.util.ListeningProcessExecutor] Destroying process com.facebook.buck.util.ListeningProcessExecutor$LaunchedProcessImpl@6b506767 (force true)
[2019-01-14 23:19:36.143][debug][command:null][tid:52][com.facebook.buck.util.environment.MacNetworkConfiguration] Determine active state of media for device
[2019-01-14 23:19:36.143][debug][command:null][tid:52][com.facebook.buck.util.ListeningProcessExecutor] Launching process with params ProcessExecutorParams{command=[networksetup, -getMedia, en8]}
[2019-01-14 23:19:36.144][debug][command:null][tid:51][com.facebook.buck.util.ListeningProcessExecutor] Wait for process returned 4
[2019-01-14 23:19:36.144][debug][command:null][tid:51][com.facebook.buck.util.ListeningProcessExecutor] Destroying process com.facebook.buck.util.ListeningProcessExecutor$LaunchedProcessImpl@3f50d124 (force true)
[2019-01-14 23:19:36.144][debug][command:null][tid:51][com.facebook.buck.util.environment.MacNetworkConfiguration] Determine active state of media for device
[2019-01-14 23:19:36.144][debug][command:null][tid:51][com.facebook.buck.util.ListeningProcessExecutor] Launching process with params ProcessExecutorParams{command=[networksetup, -getMedia, en8]}
[2019-01-14 23:19:36.145][debug][command:null][tid:52][com.facebook.buck.util.ListeningProcessExecutor] Successfully launched process com.zaxxer.nuprocess.osx.OsxProcess@6e9b71df
[2019-01-14 23:19:36.146][debug][command:null][tid:52][com.facebook.buck.util.ListeningProcessExecutor] Waiting for process com.facebook.buck.util.ListeningProcessExecutor$LaunchedProcessImpl@64601be6 timeout 1000 MILLISECONDS
[2019-01-14 23:19:36.147][debug][command:null][tid:51][com.facebook.buck.util.ListeningProcessExecutor] Successfully launched process com.zaxxer.nuprocess.osx.OsxProcess@56ee1b28
[2019-01-14 23:19:36.148][debug][command:null][tid:51][com.facebook.buck.util.ListeningProcessExecutor] Waiting for process com.facebook.buck.util.ListeningProcessExecutor$LaunchedProcessImpl@d634a45 timeout 1000 MILLISECONDS
[2019-01-14 23:19:36.179][debug][command:null][tid:52][com.facebook.buck.util.ListeningProcessExecutor] Wait for process returned 4
[2019-01-14 23:19:36.180][debug][command:null][tid:52][com.facebook.buck.util.ListeningProcessExecutor] Destroying process com.facebook.buck.util.ListeningProcessExecutor$LaunchedProcessImpl@64601be6 (force true)
[2019-01-14 23:19:36.180][debug][command:null][tid:52][com.facebook.buck.util.environment.MacNetworkConfiguration] Determine active state of media for device
[2019-01-14 23:19:36.180][debug][command:null][tid:52][com.facebook.buck.util.ListeningProcessExecutor] Launching process with params ProcessExecutorParams{command=[networksetup, -getMedia, en0]}
[2019-01-14 23:19:36.181][debug][command:null][tid:52][com.facebook.buck.util.ListeningProcessExecutor] Successfully launched process com.zaxxer.nuprocess.osx.OsxProcess@ec59b5f
[2019-01-14 23:19:36.182][debug][command:null][tid:51][com.facebook.buck.util.ListeningProcessExecutor] Wait for process returned 4
[2019-01-14 23:19:36.182][debug][command:null][tid:51][com.facebook.buck.util.ListeningProcessExecutor] Destroying process com.facebook.buck.util.ListeningProcessExecutor$LaunchedProcessImpl@d634a45 (force true)
[2019-01-14 23:19:36.182][debug][command:null][tid:51][com.facebook.buck.util.environment.MacNetworkConfiguration] Determine active state of media for device
[2019-01-14 23:19:36.182][debug][command:null][tid:51][com.facebook.buck.util.ListeningProcessExecutor] Launching process with params ProcessExecutorParams{command=[networksetup, -getMedia, en0]}
[2019-01-14 23:19:36.183][debug][command:null][tid:52][com.facebook.buck.util.ListeningProcessExecutor] Waiting for process com.facebook.buck.util.ListeningProcessExecutor$LaunchedProcessImpl@4bd9c15d timeout 1000 MILLISECONDS
[2019-01-14 23:19:36.184][debug][command:null][tid:51][com.facebook.buck.util.ListeningProcessExecutor] Successfully launched process com.zaxxer.nuprocess.osx.OsxProcess@4520eed6
[2019-01-14 23:19:36.185][debug][command:null][tid:51][com.facebook.buck.util.ListeningProcessExecutor] Waiting for process com.facebook.buck.util.ListeningProcessExecutor$LaunchedProcessImpl@14c4cb36 timeout 1000 MILLISECONDS
[2019-01-14 23:19:36.219][debug][command:null][tid:52][com.facebook.buck.util.ListeningProcessExecutor] Wait for process returned 0
[2019-01-14 23:19:36.219][debug][command:null][tid:52][com.facebook.buck.util.ListeningProcessExecutor] Destroying process com.facebook.buck.util.ListeningProcessExecutor$LaunchedProcessImpl@4bd9c15d (force true)
[2019-01-14 23:19:36.219][debug][command:null][tid:52][com.facebook.buck.util.environment.MacNetworkConfiguration] Determine WiFi SSID of device
[2019-01-14 23:19:36.219][debug][command:null][tid:52][com.facebook.buck.util.ListeningProcessExecutor] Launching process with params ProcessExecutorParams{command=[networksetup, -getairportnetwork, en0]}
[2019-01-14 23:19:36.221][debug][command:null][tid:51][com.facebook.buck.util.ListeningProcessExecutor] Wait for process returned 0
[2019-01-14 23:19:36.221][debug][command:null][tid:51][com.facebook.buck.util.ListeningProcessExecutor] Destroying process com.facebook.buck.util.ListeningProcessExecutor$LaunchedProcessImpl@14c4cb36 (force true)
[2019-01-14 23:19:36.221][debug][command:null][tid:52][com.facebook.buck.util.ListeningProcessExecutor] Successfully launched process com.zaxxer.nuprocess.osx.OsxProcess@5d9e440b
[2019-01-14 23:19:36.221][debug][command:null][tid:51][com.facebook.buck.util.environment.MacNetworkConfiguration] Determine WiFi SSID of device
[2019-01-14 23:19:36.221][debug][command:null][tid:51][com.facebook.buck.util.ListeningProcessExecutor] Launching process with params ProcessExecutorParams{command=[networksetup, -getairportnetwork, en0]}
[2019-01-14 23:19:36.222][debug][command:null][tid:52][com.facebook.buck.util.ListeningProcessExecutor] Waiting for process com.facebook.buck.util.ListeningProcessExecutor$LaunchedProcessImpl@765bebb timeout 1000 MILLISECONDS
[2019-01-14 23:19:36.223][debug][command:null][tid:51][com.facebook.buck.util.ListeningProcessExecutor] Successfully launched process com.zaxxer.nuprocess.osx.OsxProcess@49d448f4
[2019-01-14 23:19:36.224][debug][command:null][tid:51][com.facebook.buck.util.ListeningProcessExecutor] Waiting for process com.facebook.buck.util.ListeningProcessExecutor$LaunchedProcessImpl@a2d028c timeout 1000 MILLISECONDS
[2019-01-14 23:19:36.259][debug][command:null][tid:52][com.facebook.buck.util.ListeningProcessExecutor] Wait for process returned 0
[2019-01-14 23:19:36.259][debug][command:null][tid:52][com.facebook.buck.util.ListeningProcessExecutor] Destroying process com.facebook.buck.util.ListeningProcessExecutor$LaunchedProcessImpl@765bebb (force true)
[2019-01-14 23:19:36.261][debug][command:null][tid:51][com.facebook.buck.util.ListeningProcessExecutor] Wait for process returned 0
[2019-01-14 23:19:36.261][debug][command:null][tid:51][com.facebook.buck.util.ListeningProcessExecutor] Destroying process com.facebook.buck.util.ListeningProcessExecutor$LaunchedProcessImpl@a2d028c (force true)
[2019-01-14 23:19:36.262][info ][command:01150800-e2db-43e7-a1e7-8ba6e34be7b8][tid:14][com.facebook.buck.cli.Main] Successfully terminated Disk IO executor service.
[2019-01-14 23:19:36.262][debug][command:01150800-e2db-43e7-a1e7-8ba6e34be7b8][tid:14][com.facebook.nailgun.NGCommunicator] Shutting down socket for input
[2019-01-14 23:19:36.263][debug][command:null][tid:61][com.facebook.buck.io.AsynchronousDirectoryContentsCleaner] Starting to clean buck-out/.trash
[2019-01-14 23:19:36.263][debug][command:01150800-e2db-43e7-a1e7-8ba6e34be7b8][tid:14][com.facebook.nailgun.NGCommunicator] Shutting down socket for output
[2019-01-14 23:19:36.263][debug][command:null][tid:16][com.facebook.nailgun.NGCommunicator] Socket is disconnected
[2019-01-14 23:19:36.263][debug][command:null][tid:16][com.facebook.nailgun.NGCommunicator] Nailgun client disconnected
[2019-01-14 23:19:36.263][debug][command:null][tid:61][com.facebook.buck.io.AsynchronousDirectoryContentsCleaner] Done cleaning buck-out/.trash
[2019-01-14 23:19:36.263][debug][command:null][tid:16][com.facebook.nailgun.NGCommunicator] Orchestrator thread finished
[2019-01-14 23:19:36.279][debug][command:null][tid:14][com.facebook.buck.cli.Main] Done.
[2019-01-14 23:19:36.281][info ][command:null][tid:14][com.facebook.nailgun.NGSession] Nail cleanly exited with status 0
[2019-01-14 23:19:36.281][debug][command:null][tid:14][com.facebook.nailgun.NGCommunicator] Shutting down read ExecutorService
[2019-01-14 23:19:36.281][debug][command:null][tid:14][com.facebook.nailgun.NGCommunicator] Shutting down orchestrator ExecutorService
[2019-01-14 23:19:36.282][debug][command:null][tid:14][com.facebook.nailgun.NGSession] NGSession 1 is closing client socket
[2019-01-14 23:19:36.863][debug][command:8e660557-77d5-44b0-ac5d-50e29f7103b1][tid:15][com.facebook.buck.cli.CleanCommand] Removed path: buck-out/bin
[2019-01-14 23:19:36.995][debug][command:8e660557-77d5-44b0-ac5d-50e29f7103b1][tid:15][com.facebook.buck.cli.CleanCommand] Removed path: buck-out/cache
[2019-01-14 23:19:37.208][debug][command:8e660557-77d5-44b0-ac5d-50e29f7103b1][tid:15][com.facebook.buck.cli.CleanCommand] Removed path: buck-out/gen
[2019-01-14 23:19:37.208][debug][command:8e660557-77d5-44b0-ac5d-50e29f7103b1][tid:15][com.facebook.buck.cli.CleanCommand] Removed path: buck-out/.trash
[2019-01-14 23:19:37.209][debug][command:8e660557-77d5-44b0-ac5d-50e29f7103b1][tid:41][com.facebook.buck.util.perf.ProcessTracker] shutDown
[2019-01-14 23:19:37.209][debug][command:8e660557-77d5-44b0-ac5d-50e29f7103b1][tid:15][com.facebook.buck.event.listener.RenderingConsole] Stopping render scheduler
[2019-01-14 23:19:37.209][debug][command:8e660557-77d5-44b0-ac5d-50e29f7103b1][tid:39][com.google.common.util.concurrent.ServiceManager] Service PerfStatsTracking [TERMINATED] has terminated. Previous state was: STOPPING
[2019-01-14 23:19:37.209][info ][command:8e660557-77d5-44b0-ac5d-50e29f7103b1][tid:15][com.facebook.buck.cli.Main] Awaiting termination of PROJECT executor service. Waiting for all jobs to complete, or up to maximum of 60 seconds...
[2019-01-14 23:19:37.209][info ][command:8e660557-77d5-44b0-ac5d-50e29f7103b1][tid:15][com.facebook.buck.cli.Main] Successfully terminated PROJECT executor service.
[2019-01-14 23:19:37.209][info ][command:8e660557-77d5-44b0-ac5d-50e29f7103b1][tid:15][com.facebook.buck.cli.Main] Awaiting termination of NETWORK executor service. Waiting for all jobs to complete, or up to maximum of 60 seconds...
[2019-01-14 23:19:37.209][info ][command:8e660557-77d5-44b0-ac5d-50e29f7103b1][tid:15][com.facebook.buck.cli.Main] Successfully terminated NETWORK executor service.
[2019-01-14 23:19:37.209][info ][command:8e660557-77d5-44b0-ac5d-50e29f7103b1][tid:15][com.facebook.buck.cli.Main] Awaiting termination of CPU executor service. Waiting for all jobs to complete, or up to maximum of 60 seconds...
[2019-01-14 23:19:37.210][info ][command:8e660557-77d5-44b0-ac5d-50e29f7103b1][tid:15][com.facebook.buck.cli.Main] Successfully terminated CPU executor service.
[2019-01-14 23:19:37.210][info ][command:8e660557-77d5-44b0-ac5d-50e29f7103b1][tid:15][com.facebook.buck.cli.Main] Awaiting termination of ScheduledExecutorService executor service. Waiting for all jobs to complete, or up to maximum of 60 seconds...
[2019-01-14 23:19:37.210][info ][command:8e660557-77d5-44b0-ac5d-50e29f7103b1][tid:15][com.facebook.buck.cli.Main] Successfully terminated ScheduledExecutorService executor service.
[2019-01-14 23:19:37.210][info ][command:8e660557-77d5-44b0-ac5d-50e29f7103b1][tid:15][com.facebook.buck.cli.Main] Awaiting termination of CounterAggregatorExecutor executor service. Waiting for all jobs to complete, or up to maximum of 20 seconds...
[2019-01-14 23:19:37.210][info ][command:8e660557-77d5-44b0-ac5d-50e29f7103b1][tid:15][com.facebook.buck.cli.Main] Successfully terminated CounterAggregatorExecutor executor service.
[2019-01-14 23:19:37.210][info ][command:8e660557-77d5-44b0-ac5d-50e29f7103b1][tid:15][com.facebook.buck.cli.Main] Awaiting termination of HTTP Read executor service. Waiting for all jobs to complete, or up to maximum of 1800 seconds...
[2019-01-14 23:19:37.210][info ][command:8e660557-77d5-44b0-ac5d-50e29f7103b1][tid:15][com.facebook.buck.cli.Main] Successfully terminated HTTP Read executor service.
[2019-01-14 23:19:37.210][info ][command:8e660557-77d5-44b0-ac5d-50e29f7103b1][tid:15][com.facebook.buck.cli.Main] Awaiting termination of Download Heavy Build HTTP Read executor service. Waiting for all jobs to complete, or up to maximum of 1800 seconds...
[2019-01-14 23:19:37.210][info ][command:8e660557-77d5-44b0-ac5d-50e29f7103b1][tid:15][com.facebook.buck.cli.Main] Successfully terminated Download Heavy Build HTTP Read executor service.
[2019-01-14 23:19:37.210][info ][command:8e660557-77d5-44b0-ac5d-50e29f7103b1][tid:15][com.facebook.buck.cli.Main] Awaiting termination of HTTP Write executor service. Waiting for all jobs to complete, or up to maximum of 1800 seconds...
[2019-01-14 23:19:37.210][info ][command:8e660557-77d5-44b0-ac5d-50e29f7103b1][tid:15][com.facebook.buck.cli.Main] Successfully terminated HTTP Write executor service.
[2019-01-14 23:19:37.210][info ][command:8e660557-77d5-44b0-ac5d-50e29f7103b1][tid:15][com.facebook.buck.cli.Main] Awaiting termination of Disk IO executor service. Waiting for all jobs to complete, or up to maximum of 10 seconds...
[2019-01-14 23:19:37.210][info ][command:8e660557-77d5-44b0-ac5d-50e29f7103b1][tid:15][com.facebook.buck.cli.Main] Successfully terminated Disk IO executor service.
[2019-01-14 23:19:37.210][debug][command:8e660557-77d5-44b0-ac5d-50e29f7103b1][tid:15][com.facebook.nailgun.NGCommunicator] Shutting down socket for input
[2019-01-14 23:19:37.210][debug][command:null][tid:61][com.facebook.buck.io.AsynchronousDirectoryContentsCleaner] Starting to clean buck-out/.trash
[2019-01-14 23:19:37.210][debug][command:8e660557-77d5-44b0-ac5d-50e29f7103b1][tid:41][com.google.common.util.concurrent.ServiceManager] Service ProcessTracker [TERMINATED] has terminated. Previous state was: STOPPING
[2019-01-14 23:19:37.210][debug][command:null][tid:61][com.facebook.buck.io.AsynchronousDirectoryContentsCleaner] Done cleaning buck-out/.trash
[2019-01-14 23:19:37.210][debug][command:8e660557-77d5-44b0-ac5d-50e29f7103b1][tid:15][com.facebook.nailgun.NGCommunicator] Shutting down socket for output
[2019-01-14 23:19:37.210][debug][command:null][tid:17][com.facebook.nailgun.NGCommunicator] Socket is disconnected
[2019-01-14 23:19:37.211][debug][command:null][tid:17][com.facebook.nailgun.NGCommunicator] Nailgun client disconnected
[2019-01-14 23:19:37.211][debug][command:null][tid:17][com.facebook.nailgun.NGCommunicator] Orchestrator thread finished
[2019-01-14 23:19:37.212][debug][command:null][tid:70][com.facebook.buck.event.listener.ChromeTraceBuildListener] Writing Chrome trace to buck-out/log/2019-01-14_23h19m35s_servercommand_01150800-e2db-43e7-a1e7-8ba6e34be7b8/build.2019-01-14.23-19-35.01150800-e2db-43e7-a1e7-8ba6e34be7b8.trace
[2019-01-14 23:19:37.212][debug][command:null][tid:71][com.facebook.buck.event.listener.ChromeTraceBuildListener] Writing Chrome trace to buck-out/log/2019-01-14_23h19m35s_cleancommand_8e660557-77d5-44b0-ac5d-50e29f7103b1/build.2019-01-14.23-19-35.8e660557-77d5-44b0-ac5d-50e29f7103b1.trace
[2019-01-14 23:19:37.213][warn ][command:null][tid:71][com.facebook.buck.support.bgtasks.AsyncBackgroundTaskManager] java.nio.file.FileAlreadyExistsException while running task TaskId{name=ChromeTraceBuildListener_close, buildId=8e660557-77d5-44b0-ac5d-50e29f7103b1}
java.nio.file.FileAlreadyExistsException: /Users/jamescoggan/Personal/GithubTrending/buck-out/log/build.trace
	at sun.nio.fs.UnixException.translateToIOException(UnixException.java:88)
	at sun.nio.fs.UnixException.rethrowAsIOException(UnixException.java:102)
	at sun.nio.fs.UnixException.rethrowAsIOException(UnixException.java:107)
	at sun.nio.fs.UnixFileSystemProvider.createSymbolicLink(UnixFileSystemProvider.java:457)
	at com.facebook.buck.cli.bootstrapper.filesystem.BuckFileSystemProvider.createSymbolicLink(BuckFileSystemProvider.java:254)
	at java.nio.file.Files.createSymbolicLink(Files.java:1043)
	at com.facebook.buck.io.file.MorePaths.createSymLink(MorePaths.java:398)
	at com.facebook.buck.io.filesystem.impl.DefaultProjectFilesystem.createSymLink(DefaultProjectFilesystem.java:933)
	at com.facebook.buck.event.listener.ChromeTraceBuildListenerCloseAction.run(ChromeTraceBuildListenerCloseAction.java:145)
	at com.facebook.buck.event.listener.ChromeTraceBuildListenerCloseAction.run(ChromeTraceBuildListenerCloseAction.java:42)
	at com.facebook.buck.support.bgtasks.BackgroundTask.run(BackgroundTask.java:50)
	at com.facebook.buck.support.bgtasks.AsyncBackgroundTaskManager.runTask(AsyncBackgroundTaskManager.java:161)
	at com.facebook.buck.support.bgtasks.AsyncBackgroundTaskManager.lambda$submitTask$1(AsyncBackgroundTaskManager.java:196)
	at java.util.concurrent.Executors$RunnableAdapter.call(Executors.java:511)
	at java.util.concurrent.FutureTask.run(FutureTask.java:266)
	at java.util.concurrent.ThreadPoolExecutor.runWorker(ThreadPoolExecutor.java:1149)
	at java.util.concurrent.ThreadPoolExecutor$Worker.run(ThreadPoolExecutor.java:624)
	at java.lang.Thread.run(Thread.java:748)

[2019-01-14 23:19:37.216][debug][command:null][tid:15][com.facebook.buck.cli.Main] Done.
[2019-01-14 23:19:37.216][info ][command:null][tid:15][com.facebook.nailgun.NGSession] Nail cleanly exited with status 0
[2019-01-14 23:19:37.216][debug][command:null][tid:15][com.facebook.nailgun.NGCommunicator] Shutting down read ExecutorService
[2019-01-14 23:19:37.217][debug][command:null][tid:15][com.facebook.nailgun.NGCommunicator] Shutting down orchestrator ExecutorService
[2019-01-14 23:19:37.217][debug][command:null][tid:15][com.facebook.nailgun.NGSession] NGSession 2 is closing client socket
[2019-01-14 23:19:37.217][debug][command:null][tid:15][com.facebook.nailgun.NGSession] NGSession 2 stopped
