[2019-01-14 23:19:35.885][debug][command:8e660557-77d5-44b0-ac5d-50e29f7103b1][tid:15][com.facebook.buck.event.listener.RenderingConsole] Starting render scheduler (interval 100 ms)
[2019-01-14 23:19:35.892][debug][command:8e660557-77d5-44b0-ac5d-50e29f7103b1][tid:15][com.google.common.util.concurrent.ServiceManager] Starting PerfStatsTracking [STARTING].
[2019-01-14 23:19:35.892][debug][command:8e660557-77d5-44b0-ac5d-50e29f7103b1][tid:15][com.google.common.util.concurrent.ServiceManager] Started PerfStatsTracking [RUNNING] in 458.4 μs.
[2019-01-14 23:19:35.894][debug][command:8e660557-77d5-44b0-ac5d-50e29f7103b1][tid:15][com.google.common.util.concurrent.ServiceManager] Starting ProcessTracker [STARTING].
[2019-01-14 23:19:35.894][debug][command:null][tid:41][com.facebook.buck.util.perf.ProcessTracker] startUp
[2019-01-14 23:19:35.894][debug][command:null][tid:42][com.facebook.buck.util.perf.ProcessTracker] startUp
[2019-01-14 23:19:35.899][debug][command:8e660557-77d5-44b0-ac5d-50e29f7103b1][tid:15][com.facebook.buck.util.environment.MacWifiSsidFinder] Getting current SSID..
[2019-01-14 23:19:35.919][debug][command:8e660557-77d5-44b0-ac5d-50e29f7103b1][tid:15][com.facebook.buck.util.environment.MacWifiSsidFinder] Getting SSID from Wi-Fi interface: <CWInterface: 0x7ffc695a7f70> [interfaceName=en0]
[2019-01-14 23:19:35.922][debug][command:8e660557-77d5-44b0-ac5d-50e29f7103b1][tid:15][com.facebook.buck.util.environment.MacWifiSsidFinder] Found SSID: Motafoca
[2019-01-14 23:19:35.926][debug][command:8e660557-77d5-44b0-ac5d-50e29f7103b1][tid:15][com.facebook.buck.cli.Main] InvocationInfo BuildId=[8e660557-77d5-44b0-ac5d-50e29f7103b1] Args=[clean]
[2019-01-14 23:19:35.932][debug][command:null][tid:42][com.google.common.util.concurrent.ServiceManager] Started ProcessTracker [RUNNING] in 37.90 ms.
[2019-01-14 23:19:35.932][debug][command:null][tid:41][com.google.common.util.concurrent.ServiceManager] Started ProcessTracker [RUNNING] in 37.90 ms.
[2019-01-14 23:19:36.001][debug][command:8e660557-77d5-44b0-ac5d-50e29f7103b1][tid:15][com.facebook.buck.cli.Main] new Buck daemon
[2019-01-14 23:19:36.004][warn ][command:null][tid:47][com.facebook.buck.event.listener.PublicAnnouncementManager] Failed to get public announcements. Reason: Failed to establish connection to server.
[2019-01-14 23:19:36.004][warn ][command:null][tid:48][com.facebook.buck.event.listener.PublicAnnouncementManager] Failed to get public announcements. Reason: Failed to establish connection to server.
[2019-01-14 23:19:36.009][debug][command:null][tid:51][com.facebook.buck.util.environment.MacNetworkConfiguration] Determine network service order and extract device names
[2019-01-14 23:19:36.009][debug][command:null][tid:52][com.facebook.buck.util.environment.MacNetworkConfiguration] Determine network service order and extract device names
[2019-01-14 23:19:36.014][debug][command:null][tid:52][com.facebook.buck.util.ListeningProcessExecutor] Launching process with params ProcessExecutorParams{command=[networksetup, -listnetworkserviceorder, ]}
[2019-01-14 23:19:36.014][debug][command:null][tid:51][com.facebook.buck.util.ListeningProcessExecutor] Launching process with params ProcessExecutorParams{command=[networksetup, -listnetworkserviceorder, ]}
[2019-01-14 23:19:36.017][debug][command:null][tid:51][com.facebook.buck.util.ListeningProcessExecutor] Successfully launched process com.zaxxer.nuprocess.osx.OsxProcess@6008837c
[2019-01-14 23:19:36.019][debug][command:null][tid:52][com.facebook.buck.util.ListeningProcessExecutor] Successfully launched process com.zaxxer.nuprocess.osx.OsxProcess@3d57fb6c
[2019-01-14 23:19:36.021][debug][command:null][tid:51][com.facebook.buck.util.ListeningProcessExecutor] Waiting for process com.facebook.buck.util.ListeningProcessExecutor$LaunchedProcessImpl@7c1f4d01 timeout 1000 MILLISECONDS
[2019-01-14 23:19:36.022][debug][command:null][tid:52][com.facebook.buck.util.ListeningProcessExecutor] Waiting for process com.facebook.buck.util.ListeningProcessExecutor$LaunchedProcessImpl@50dbdd1e timeout 1000 MILLISECONDS
[2019-01-14 23:19:36.059][debug][command:null][tid:51][com.facebook.buck.util.ListeningProcessExecutor] Wait for process returned 0
[2019-01-14 23:19:36.059][debug][command:null][tid:51][com.facebook.buck.util.ListeningProcessExecutor] Destroying process com.facebook.buck.util.ListeningProcessExecutor$LaunchedProcessImpl@7c1f4d01 (force true)
[2019-01-14 23:19:36.060][debug][command:null][tid:51][com.facebook.buck.util.environment.MacNetworkConfiguration] Determine active state of media for device
[2019-01-14 23:19:36.060][debug][command:null][tid:51][com.facebook.buck.util.ListeningProcessExecutor] Launching process with params ProcessExecutorParams{command=[networksetup, -getMedia, en7]}
[2019-01-14 23:19:36.060][debug][command:null][tid:52][com.facebook.buck.util.ListeningProcessExecutor] Wait for process returned 0
[2019-01-14 23:19:36.060][debug][command:null][tid:52][com.facebook.buck.util.ListeningProcessExecutor] Destroying process com.facebook.buck.util.ListeningProcessExecutor$LaunchedProcessImpl@50dbdd1e (force true)
[2019-01-14 23:19:36.061][debug][command:null][tid:52][com.facebook.buck.util.environment.MacNetworkConfiguration] Determine active state of media for device
[2019-01-14 23:19:36.061][debug][command:null][tid:52][com.facebook.buck.util.ListeningProcessExecutor] Launching process with params ProcessExecutorParams{command=[networksetup, -getMedia, en7]}
[2019-01-14 23:19:36.062][debug][command:null][tid:51][com.facebook.buck.util.ListeningProcessExecutor] Successfully launched process com.zaxxer.nuprocess.osx.OsxProcess@79161ca4
[2019-01-14 23:19:36.062][debug][command:null][tid:55][com.facebook.buck.io.watchman.WatchmanTransportClient] Query [query, /Users/jamescoggan/Personal/GithubTrending, {since=c:1547303792:750:3:5215, expression=[not, [anyof, [type, d], [dirname, .idea], [dirname, .buckd], [dirname, buck-out/cache], [dirname, .git], [dirname, .gradle], [dirname, local.properties], [dirname, buck-out/.trash], [dirname, buck-out], [match, **/.DS_Store, wholename, {includedotfiles=true}], [match, **/*.iml, wholename, {includedotfiles=true}], [match, **/*.pbxproj, wholename, {includedotfiles=true}], [match, **/*.xcscheme, wholename, {includedotfiles=true}], [match, **/*.xcworkspacedata, wholename, {includedotfiles=true}], [match, **/*~, wholename, {includedotfiles=true}], [match, **/#*#, wholename, {includedotfiles=true}], [match, **/.#*, wholename, {includedotfiles=true}], [match, **/*.swo, wholename, {includedotfiles=true}], [match, **/*.swp, wholename, {includedotfiles=true}], [match, **/*.swpx, wholename, {includedotfiles=true}], [match, **/*.un~, wholename, {includedotfiles=true}], [match, **/*.netrhwist, wholename, {includedotfiles=true}], [match, .idea, wholename, {includedotfiles=true}], [match, .iml, wholename, {includedotfiles=true}], [match, **/*.pydevproject, wholename, {includedotfiles=true}], [match, .project, wholename, {includedotfiles=true}], [match, .metadata, wholename, {includedotfiles=true}], [match, **/*.tmp, wholename, {includedotfiles=true}], [match, **/*.bak, wholename, {includedotfiles=true}], [match, **/*.nib, wholename, {includedotfiles=true}], [match, .classpath, wholename, {includedotfiles=true}], [match, .settings, wholename, {includedotfiles=true}], [match, .loadpath, wholename, {includedotfiles=true}], [match, .externalToolBuilders, wholename, {includedotfiles=true}], [match, .cproject, wholename, {includedotfiles=true}], [match, .buildpath, wholename, {includedotfiles=true}], [match, .DS_Store, wholename, {includedotfiles=true}], [match, .AppleDouble, wholename, {includedotfiles=true}], [match, .LSOverride, wholename, {includedotfiles=true}], [match, .Spotlight-V100, wholename, {includedotfiles=true}], [match, .Trashes, wholename, {includedotfiles=true}], [match, $RECYCLE.BIN, wholename, {includedotfiles=true}], [match, **/*.sublime-workspace, wholename, {includedotfiles=true}]]], empty_on_fresh_instance=true, fields=[name, exists, new]}] returned in 38 ms
[2019-01-14 23:19:36.064][debug][command:null][tid:52][com.facebook.buck.util.ListeningProcessExecutor] Successfully launched process com.zaxxer.nuprocess.osx.OsxProcess@bd95e3f
[2019-01-14 23:19:36.064][debug][command:null][tid:55][com.facebook.buck.io.watchman.WatchmanWatcher] Updating Watchman Cursor from c:1547303792:750:3:5215 to c:1547303792:750:3:5217
[2019-01-14 23:19:36.064][debug][command:null][tid:55][com.facebook.buck.io.watchman.WatchmanWatcher] Posted 0 Watchman events.
[2019-01-14 23:19:36.064][debug][command:null][tid:55][com.facebook.buck.io.watchman.WatchmanTransportClient] Closing Watchman transport.
[2019-01-14 23:19:36.065][debug][command:null][tid:51][com.facebook.buck.util.ListeningProcessExecutor] Waiting for process com.facebook.buck.util.ListeningProcessExecutor$LaunchedProcessImpl@375a0dc5 timeout 1000 MILLISECONDS
[2019-01-14 23:19:36.066][debug][command:null][tid:52][com.facebook.buck.util.ListeningProcessExecutor] Waiting for process com.facebook.buck.util.ListeningProcessExecutor$LaunchedProcessImpl@64c9c7ac timeout 1000 MILLISECONDS
[2019-01-14 23:19:36.100][debug][command:null][tid:51][com.facebook.buck.util.ListeningProcessExecutor] Wait for process returned 4
[2019-01-14 23:19:36.100][debug][command:null][tid:52][com.facebook.buck.util.ListeningProcessExecutor] Wait for process returned 4
[2019-01-14 23:19:36.100][debug][command:null][tid:51][com.facebook.buck.util.ListeningProcessExecutor] Destroying process com.facebook.buck.util.ListeningProcessExecutor$LaunchedProcessImpl@375a0dc5 (force true)
[2019-01-14 23:19:36.100][debug][command:null][tid:52][com.facebook.buck.util.ListeningProcessExecutor] Destroying process com.facebook.buck.util.ListeningProcessExecutor$LaunchedProcessImpl@64c9c7ac (force true)
[2019-01-14 23:19:36.100][debug][command:null][tid:51][com.facebook.buck.util.environment.MacNetworkConfiguration] Determine active state of media for device
[2019-01-14 23:19:36.100][debug][command:null][tid:52][com.facebook.buck.util.environment.MacNetworkConfiguration] Determine active state of media for device
[2019-01-14 23:19:36.101][debug][command:null][tid:52][com.facebook.buck.util.ListeningProcessExecutor] Launching process with params ProcessExecutorParams{command=[networksetup, -getMedia, en9]}
[2019-01-14 23:19:36.101][debug][command:null][tid:51][com.facebook.buck.util.ListeningProcessExecutor] Launching process with params ProcessExecutorParams{command=[networksetup, -getMedia, en9]}
[2019-01-14 23:19:36.102][debug][command:null][tid:52][com.facebook.buck.util.ListeningProcessExecutor] Successfully launched process com.zaxxer.nuprocess.osx.OsxProcess@7d3a79fe
[2019-01-14 23:19:36.104][debug][command:null][tid:51][com.facebook.buck.util.ListeningProcessExecutor] Successfully launched process com.zaxxer.nuprocess.osx.OsxProcess@20780a75
[2019-01-14 23:19:36.105][debug][command:null][tid:52][com.facebook.buck.util.ListeningProcessExecutor] Waiting for process com.facebook.buck.util.ListeningProcessExecutor$LaunchedProcessImpl@6b506767 timeout 1000 MILLISECONDS
[2019-01-14 23:19:36.106][debug][command:null][tid:51][com.facebook.buck.util.ListeningProcessExecutor] Waiting for process com.facebook.buck.util.ListeningProcessExecutor$LaunchedProcessImpl@3f50d124 timeout 1000 MILLISECONDS
[2019-01-14 23:19:36.113][debug][command:null][tid:59][com.facebook.buck.io.watchman.WatchmanTransportClient] Query [query, /Users/jamescoggan/Personal/GithubTrending, {since=c:1547303792:750:3:5217, expression=[not, [anyof, [type, d], [dirname, .idea], [dirname, .buckd], [dirname, buck-out/cache], [dirname, .git], [dirname, .gradle], [dirname, local.properties], [dirname, buck-out/.trash], [dirname, buck-out], [match, **/.DS_Store, wholename, {includedotfiles=true}], [match, **/*.iml, wholename, {includedotfiles=true}], [match, **/*.pbxproj, wholename, {includedotfiles=true}], [match, **/*.xcscheme, wholename, {includedotfiles=true}], [match, **/*.xcworkspacedata, wholename, {includedotfiles=true}], [match, **/*~, wholename, {includedotfiles=true}], [match, **/#*#, wholename, {includedotfiles=true}], [match, **/.#*, wholename, {includedotfiles=true}], [match, **/*.swo, wholename, {includedotfiles=true}], [match, **/*.swp, wholename, {includedotfiles=true}], [match, **/*.swpx, wholename, {includedotfiles=true}], [match, **/*.un~, wholename, {includedotfiles=true}], [match, **/*.netrhwist, wholename, {includedotfiles=true}], [match, .idea, wholename, {includedotfiles=true}], [match, .iml, wholename, {includedotfiles=true}], [match, **/*.pydevproject, wholename, {includedotfiles=true}], [match, .project, wholename, {includedotfiles=true}], [match, .metadata, wholename, {includedotfiles=true}], [match, **/*.tmp, wholename, {includedotfiles=true}], [match, **/*.bak, wholename, {includedotfiles=true}], [match, **/*.nib, wholename, {includedotfiles=true}], [match, .classpath, wholename, {includedotfiles=true}], [match, .settings, wholename, {includedotfiles=true}], [match, .loadpath, wholename, {includedotfiles=true}], [match, .externalToolBuilders, wholename, {includedotfiles=true}], [match, .cproject, wholename, {includedotfiles=true}], [match, .buildpath, wholename, {includedotfiles=true}], [match, .DS_Store, wholename, {includedotfiles=true}], [match, .AppleDouble, wholename, {includedotfiles=true}], [match, .LSOverride, wholename, {includedotfiles=true}], [match, .Spotlight-V100, wholename, {includedotfiles=true}], [match, .Trashes, wholename, {includedotfiles=true}], [match, $RECYCLE.BIN, wholename, {includedotfiles=true}], [match, **/*.sublime-workspace, wholename, {includedotfiles=true}]]], empty_on_fresh_instance=true, fields=[name, exists, new]}] returned in 46 ms
[2019-01-14 23:19:36.114][debug][command:null][tid:59][com.facebook.buck.io.watchman.WatchmanWatcher] Updating Watchman Cursor from c:1547303792:750:3:5217 to c:1547303792:750:3:5218
[2019-01-14 23:19:36.114][debug][command:null][tid:59][com.facebook.buck.io.watchman.WatchmanWatcher] Posted 0 Watchman events.
[2019-01-14 23:19:36.114][debug][command:null][tid:59][com.facebook.buck.io.watchman.WatchmanTransportClient] Closing Watchman transport.
[2019-01-14 23:19:36.124][debug][command:null][tid:40][com.google.common.util.concurrent.ServiceManager] Service PerfStatsTracking [TERMINATED] has terminated. Previous state was: STOPPING
[2019-01-14 23:19:36.142][debug][command:null][tid:52][com.facebook.buck.util.ListeningProcessExecutor] Wait for process returned 4
[2019-01-14 23:19:36.143][debug][command:null][tid:52][com.facebook.buck.util.ListeningProcessExecutor] Destroying process com.facebook.buck.util.ListeningProcessExecutor$LaunchedProcessImpl@6b506767 (force true)
[2019-01-14 23:19:36.143][debug][command:null][tid:52][com.facebook.buck.util.environment.MacNetworkConfiguration] Determine active state of media for device
[2019-01-14 23:19:36.143][debug][command:null][tid:52][com.facebook.buck.util.ListeningProcessExecutor] Launching process with params ProcessExecutorParams{command=[networksetup, -getMedia, en8]}
[2019-01-14 23:19:36.144][debug][command:null][tid:51][com.facebook.buck.util.ListeningProcessExecutor] Wait for process returned 4
[2019-01-14 23:19:36.144][debug][command:null][tid:51][com.facebook.buck.util.ListeningProcessExecutor] Destroying process com.facebook.buck.util.ListeningProcessExecutor$LaunchedProcessImpl@3f50d124 (force true)
[2019-01-14 23:19:36.144][debug][command:null][tid:51][com.facebook.buck.util.environment.MacNetworkConfiguration] Determine active state of media for device
[2019-01-14 23:19:36.144][debug][command:null][tid:51][com.facebook.buck.util.ListeningProcessExecutor] Launching process with params ProcessExecutorParams{command=[networksetup, -getMedia, en8]}
[2019-01-14 23:19:36.145][debug][command:null][tid:52][com.facebook.buck.util.ListeningProcessExecutor] Successfully launched process com.zaxxer.nuprocess.osx.OsxProcess@6e9b71df
[2019-01-14 23:19:36.146][debug][command:null][tid:52][com.facebook.buck.util.ListeningProcessExecutor] Waiting for process com.facebook.buck.util.ListeningProcessExecutor$LaunchedProcessImpl@64601be6 timeout 1000 MILLISECONDS
[2019-01-14 23:19:36.147][debug][command:null][tid:51][com.facebook.buck.util.ListeningProcessExecutor] Successfully launched process com.zaxxer.nuprocess.osx.OsxProcess@56ee1b28
[2019-01-14 23:19:36.148][debug][command:null][tid:51][com.facebook.buck.util.ListeningProcessExecutor] Waiting for process com.facebook.buck.util.ListeningProcessExecutor$LaunchedProcessImpl@d634a45 timeout 1000 MILLISECONDS
[2019-01-14 23:19:36.179][debug][command:null][tid:52][com.facebook.buck.util.ListeningProcessExecutor] Wait for process returned 4
[2019-01-14 23:19:36.180][debug][command:null][tid:52][com.facebook.buck.util.ListeningProcessExecutor] Destroying process com.facebook.buck.util.ListeningProcessExecutor$LaunchedProcessImpl@64601be6 (force true)
[2019-01-14 23:19:36.180][debug][command:null][tid:52][com.facebook.buck.util.environment.MacNetworkConfiguration] Determine active state of media for device
[2019-01-14 23:19:36.180][debug][command:null][tid:52][com.facebook.buck.util.ListeningProcessExecutor] Launching process with params ProcessExecutorParams{command=[networksetup, -getMedia, en0]}
[2019-01-14 23:19:36.181][debug][command:null][tid:52][com.facebook.buck.util.ListeningProcessExecutor] Successfully launched process com.zaxxer.nuprocess.osx.OsxProcess@ec59b5f
[2019-01-14 23:19:36.182][debug][command:null][tid:51][com.facebook.buck.util.ListeningProcessExecutor] Wait for process returned 4
[2019-01-14 23:19:36.182][debug][command:null][tid:51][com.facebook.buck.util.ListeningProcessExecutor] Destroying process com.facebook.buck.util.ListeningProcessExecutor$LaunchedProcessImpl@d634a45 (force true)
[2019-01-14 23:19:36.182][debug][command:null][tid:51][com.facebook.buck.util.environment.MacNetworkConfiguration] Determine active state of media for device
[2019-01-14 23:19:36.182][debug][command:null][tid:51][com.facebook.buck.util.ListeningProcessExecutor] Launching process with params ProcessExecutorParams{command=[networksetup, -getMedia, en0]}
[2019-01-14 23:19:36.183][debug][command:null][tid:52][com.facebook.buck.util.ListeningProcessExecutor] Waiting for process com.facebook.buck.util.ListeningProcessExecutor$LaunchedProcessImpl@4bd9c15d timeout 1000 MILLISECONDS
[2019-01-14 23:19:36.184][debug][command:null][tid:51][com.facebook.buck.util.ListeningProcessExecutor] Successfully launched process com.zaxxer.nuprocess.osx.OsxProcess@4520eed6
[2019-01-14 23:19:36.185][debug][command:null][tid:51][com.facebook.buck.util.ListeningProcessExecutor] Waiting for process com.facebook.buck.util.ListeningProcessExecutor$LaunchedProcessImpl@14c4cb36 timeout 1000 MILLISECONDS
[2019-01-14 23:19:36.219][debug][command:null][tid:52][com.facebook.buck.util.ListeningProcessExecutor] Wait for process returned 0
[2019-01-14 23:19:36.219][debug][command:null][tid:52][com.facebook.buck.util.ListeningProcessExecutor] Destroying process com.facebook.buck.util.ListeningProcessExecutor$LaunchedProcessImpl@4bd9c15d (force true)
[2019-01-14 23:19:36.219][debug][command:null][tid:52][com.facebook.buck.util.environment.MacNetworkConfiguration] Determine WiFi SSID of device
[2019-01-14 23:19:36.219][debug][command:null][tid:52][com.facebook.buck.util.ListeningProcessExecutor] Launching process with params ProcessExecutorParams{command=[networksetup, -getairportnetwork, en0]}
[2019-01-14 23:19:36.221][debug][command:null][tid:51][com.facebook.buck.util.ListeningProcessExecutor] Wait for process returned 0
[2019-01-14 23:19:36.221][debug][command:null][tid:51][com.facebook.buck.util.ListeningProcessExecutor] Destroying process com.facebook.buck.util.ListeningProcessExecutor$LaunchedProcessImpl@14c4cb36 (force true)
[2019-01-14 23:19:36.221][debug][command:null][tid:52][com.facebook.buck.util.ListeningProcessExecutor] Successfully launched process com.zaxxer.nuprocess.osx.OsxProcess@5d9e440b
[2019-01-14 23:19:36.221][debug][command:null][tid:51][com.facebook.buck.util.environment.MacNetworkConfiguration] Determine WiFi SSID of device
[2019-01-14 23:19:36.221][debug][command:null][tid:51][com.facebook.buck.util.ListeningProcessExecutor] Launching process with params ProcessExecutorParams{command=[networksetup, -getairportnetwork, en0]}
[2019-01-14 23:19:36.222][debug][command:null][tid:52][com.facebook.buck.util.ListeningProcessExecutor] Waiting for process com.facebook.buck.util.ListeningProcessExecutor$LaunchedProcessImpl@765bebb timeout 1000 MILLISECONDS
[2019-01-14 23:19:36.223][debug][command:null][tid:51][com.facebook.buck.util.ListeningProcessExecutor] Successfully launched process com.zaxxer.nuprocess.osx.OsxProcess@49d448f4
[2019-01-14 23:19:36.224][debug][command:null][tid:51][com.facebook.buck.util.ListeningProcessExecutor] Waiting for process com.facebook.buck.util.ListeningProcessExecutor$LaunchedProcessImpl@a2d028c timeout 1000 MILLISECONDS
[2019-01-14 23:19:36.259][debug][command:null][tid:52][com.facebook.buck.util.ListeningProcessExecutor] Wait for process returned 0
[2019-01-14 23:19:36.259][debug][command:null][tid:52][com.facebook.buck.util.ListeningProcessExecutor] Destroying process com.facebook.buck.util.ListeningProcessExecutor$LaunchedProcessImpl@765bebb (force true)
[2019-01-14 23:19:36.261][debug][command:null][tid:51][com.facebook.buck.util.ListeningProcessExecutor] Wait for process returned 0
[2019-01-14 23:19:36.261][debug][command:null][tid:51][com.facebook.buck.util.ListeningProcessExecutor] Destroying process com.facebook.buck.util.ListeningProcessExecutor$LaunchedProcessImpl@a2d028c (force true)
[2019-01-14 23:19:36.263][debug][command:null][tid:61][com.facebook.buck.io.AsynchronousDirectoryContentsCleaner] Starting to clean buck-out/.trash
[2019-01-14 23:19:36.263][debug][command:null][tid:16][com.facebook.nailgun.NGCommunicator] Socket is disconnected
[2019-01-14 23:19:36.263][debug][command:null][tid:16][com.facebook.nailgun.NGCommunicator] Nailgun client disconnected
[2019-01-14 23:19:36.263][debug][command:null][tid:61][com.facebook.buck.io.AsynchronousDirectoryContentsCleaner] Done cleaning buck-out/.trash
[2019-01-14 23:19:36.263][debug][command:null][tid:16][com.facebook.nailgun.NGCommunicator] Orchestrator thread finished
[2019-01-14 23:19:36.279][debug][command:null][tid:14][com.facebook.buck.cli.Main] Done.
[2019-01-14 23:19:36.281][info ][command:null][tid:14][com.facebook.nailgun.NGSession] Nail cleanly exited with status 0
[2019-01-14 23:19:36.281][debug][command:null][tid:14][com.facebook.nailgun.NGCommunicator] Shutting down read ExecutorService
[2019-01-14 23:19:36.281][debug][command:null][tid:14][com.facebook.nailgun.NGCommunicator] Shutting down orchestrator ExecutorService
[2019-01-14 23:19:36.282][debug][command:null][tid:14][com.facebook.nailgun.NGSession] NGSession 1 is closing client socket
[2019-01-14 23:19:36.863][debug][command:8e660557-77d5-44b0-ac5d-50e29f7103b1][tid:15][com.facebook.buck.cli.CleanCommand] Removed path: buck-out/bin
[2019-01-14 23:19:36.995][debug][command:8e660557-77d5-44b0-ac5d-50e29f7103b1][tid:15][com.facebook.buck.cli.CleanCommand] Removed path: buck-out/cache
[2019-01-14 23:19:37.208][debug][command:8e660557-77d5-44b0-ac5d-50e29f7103b1][tid:15][com.facebook.buck.cli.CleanCommand] Removed path: buck-out/gen
[2019-01-14 23:19:37.208][debug][command:8e660557-77d5-44b0-ac5d-50e29f7103b1][tid:15][com.facebook.buck.cli.CleanCommand] Removed path: buck-out/.trash
[2019-01-14 23:19:37.209][debug][command:8e660557-77d5-44b0-ac5d-50e29f7103b1][tid:41][com.facebook.buck.util.perf.ProcessTracker] shutDown
[2019-01-14 23:19:37.209][debug][command:8e660557-77d5-44b0-ac5d-50e29f7103b1][tid:15][com.facebook.buck.event.listener.RenderingConsole] Stopping render scheduler
[2019-01-14 23:19:37.209][debug][command:8e660557-77d5-44b0-ac5d-50e29f7103b1][tid:39][com.google.common.util.concurrent.ServiceManager] Service PerfStatsTracking [TERMINATED] has terminated. Previous state was: STOPPING
[2019-01-14 23:19:37.209][info ][command:8e660557-77d5-44b0-ac5d-50e29f7103b1][tid:15][com.facebook.buck.cli.Main] Awaiting termination of PROJECT executor service. Waiting for all jobs to complete, or up to maximum of 60 seconds...
[2019-01-14 23:19:37.209][info ][command:8e660557-77d5-44b0-ac5d-50e29f7103b1][tid:15][com.facebook.buck.cli.Main] Successfully terminated PROJECT executor service.
[2019-01-14 23:19:37.209][info ][command:8e660557-77d5-44b0-ac5d-50e29f7103b1][tid:15][com.facebook.buck.cli.Main] Awaiting termination of NETWORK executor service. Waiting for all jobs to complete, or up to maximum of 60 seconds...
[2019-01-14 23:19:37.209][info ][command:8e660557-77d5-44b0-ac5d-50e29f7103b1][tid:15][com.facebook.buck.cli.Main] Successfully terminated NETWORK executor service.
[2019-01-14 23:19:37.209][info ][command:8e660557-77d5-44b0-ac5d-50e29f7103b1][tid:15][com.facebook.buck.cli.Main] Awaiting termination of CPU executor service. Waiting for all jobs to complete, or up to maximum of 60 seconds...
[2019-01-14 23:19:37.210][info ][command:8e660557-77d5-44b0-ac5d-50e29f7103b1][tid:15][com.facebook.buck.cli.Main] Successfully terminated CPU executor service.
[2019-01-14 23:19:37.210][info ][command:8e660557-77d5-44b0-ac5d-50e29f7103b1][tid:15][com.facebook.buck.cli.Main] Awaiting termination of ScheduledExecutorService executor service. Waiting for all jobs to complete, or up to maximum of 60 seconds...
[2019-01-14 23:19:37.210][info ][command:8e660557-77d5-44b0-ac5d-50e29f7103b1][tid:15][com.facebook.buck.cli.Main] Successfully terminated ScheduledExecutorService executor service.
[2019-01-14 23:19:37.210][info ][command:8e660557-77d5-44b0-ac5d-50e29f7103b1][tid:15][com.facebook.buck.cli.Main] Awaiting termination of CounterAggregatorExecutor executor service. Waiting for all jobs to complete, or up to maximum of 20 seconds...
[2019-01-14 23:19:37.210][info ][command:8e660557-77d5-44b0-ac5d-50e29f7103b1][tid:15][com.facebook.buck.cli.Main] Successfully terminated CounterAggregatorExecutor executor service.
[2019-01-14 23:19:37.210][info ][command:8e660557-77d5-44b0-ac5d-50e29f7103b1][tid:15][com.facebook.buck.cli.Main] Awaiting termination of HTTP Read executor service. Waiting for all jobs to complete, or up to maximum of 1800 seconds...
[2019-01-14 23:19:37.210][info ][command:8e660557-77d5-44b0-ac5d-50e29f7103b1][tid:15][com.facebook.buck.cli.Main] Successfully terminated HTTP Read executor service.
[2019-01-14 23:19:37.210][info ][command:8e660557-77d5-44b0-ac5d-50e29f7103b1][tid:15][com.facebook.buck.cli.Main] Awaiting termination of Download Heavy Build HTTP Read executor service. Waiting for all jobs to complete, or up to maximum of 1800 seconds...
[2019-01-14 23:19:37.210][info ][command:8e660557-77d5-44b0-ac5d-50e29f7103b1][tid:15][com.facebook.buck.cli.Main] Successfully terminated Download Heavy Build HTTP Read executor service.
[2019-01-14 23:19:37.210][info ][command:8e660557-77d5-44b0-ac5d-50e29f7103b1][tid:15][com.facebook.buck.cli.Main] Awaiting termination of HTTP Write executor service. Waiting for all jobs to complete, or up to maximum of 1800 seconds...
[2019-01-14 23:19:37.210][info ][command:8e660557-77d5-44b0-ac5d-50e29f7103b1][tid:15][com.facebook.buck.cli.Main] Successfully terminated HTTP Write executor service.
[2019-01-14 23:19:37.210][info ][command:8e660557-77d5-44b0-ac5d-50e29f7103b1][tid:15][com.facebook.buck.cli.Main] Awaiting termination of Disk IO executor service. Waiting for all jobs to complete, or up to maximum of 10 seconds...
[2019-01-14 23:19:37.210][info ][command:8e660557-77d5-44b0-ac5d-50e29f7103b1][tid:15][com.facebook.buck.cli.Main] Successfully terminated Disk IO executor service.
[2019-01-14 23:19:37.210][debug][command:8e660557-77d5-44b0-ac5d-50e29f7103b1][tid:15][com.facebook.nailgun.NGCommunicator] Shutting down socket for input
[2019-01-14 23:19:37.210][debug][command:null][tid:61][com.facebook.buck.io.AsynchronousDirectoryContentsCleaner] Starting to clean buck-out/.trash
[2019-01-14 23:19:37.210][debug][command:8e660557-77d5-44b0-ac5d-50e29f7103b1][tid:41][com.google.common.util.concurrent.ServiceManager] Service ProcessTracker [TERMINATED] has terminated. Previous state was: STOPPING
[2019-01-14 23:19:37.210][debug][command:null][tid:61][com.facebook.buck.io.AsynchronousDirectoryContentsCleaner] Done cleaning buck-out/.trash
[2019-01-14 23:19:37.210][debug][command:null][tid:17][com.facebook.nailgun.NGCommunicator] Socket is disconnected
[2019-01-14 23:19:37.210][debug][command:8e660557-77d5-44b0-ac5d-50e29f7103b1][tid:15][com.facebook.nailgun.NGCommunicator] Shutting down socket for output
[2019-01-14 23:19:37.211][debug][command:null][tid:17][com.facebook.nailgun.NGCommunicator] Nailgun client disconnected
[2019-01-14 23:19:37.211][debug][command:null][tid:17][com.facebook.nailgun.NGCommunicator] Orchestrator thread finished
