[2019-01-14 23:19:34.905][debug][command:null][tid:01][com.google.common.util.concurrent.ServiceManager] Starting HangMonitor [RUNNING].
[2019-01-14 23:19:34.941][debug][command:null][tid:01][com.google.common.util.concurrent.ServiceManager] Started HangMonitor [RUNNING] in 42.49 ms.
[2019-01-14 23:19:34.957][info ][command:null][tid:01][com.facebook.buck.cli.Main] enabling background process killing for buckd
[2019-01-14 23:19:34.959][info ][command:null][tid:01][com.facebook.buck.cli.Main] enabled background process killing for buckd
[2019-01-14 23:19:34.960][info ][command:null][tid:01][com.facebook.buck.cli.Main] initialized bg session killer
[2019-01-14 23:19:34.986][error][command:null][tid:01][com.facebook.buck.cli.Main] Exception thrown in NailGun server.
java.lang.RuntimeException: java.io.IOException: com.sun.jna.LastErrorException: [48] Address already in use
	at com.facebook.nailgun.NGServer.run(NGServer.java:395)
	at com.facebook.buck.cli.Main$DaemonBootstrap.main(Main.java:2288)
	at sun.reflect.NativeMethodAccessorImpl.invoke0(Native Method)
	at sun.reflect.NativeMethodAccessorImpl.invoke(NativeMethodAccessorImpl.java:62)
	at sun.reflect.DelegatingMethodAccessorImpl.invoke(DelegatingMethodAccessorImpl.java:43)
	at java.lang.reflect.Method.invoke(Method.java:498)
	at com.facebook.buck.cli.bootstrapper.ClassLoaderBootstrapper.main(ClassLoaderBootstrapper.java:55)
Caused by: java.io.IOException: com.sun.jna.LastErrorException: [48] Address already in use
	at com.facebook.nailgun.NGUnixDomainServerSocket.bind(NGUnixDomainServerSocket.java:129)
	at com.facebook.nailgun.NGUnixDomainServerSocket.<init>(NGUnixDomainServerSocket.java:102)
	at com.facebook.nailgun.NGUnixDomainServerSocket.<init>(NGUnixDomainServerSocket.java:87)
	at com.facebook.nailgun.NGServer.run(NGServer.java:346)
	... 6 more
Caused by: com.sun.jna.LastErrorException: [48] Address already in use
	at com.facebook.nailgun.NGUnixDomainSocketLibrary.bind(Native Method)
	at com.facebook.nailgun.NGUnixDomainServerSocket.bind(NGUnixDomainServerSocket.java:125)
	... 9 more

