[2019-01-14 23:19:17.474][debug][command:3188d905-2ab9-48eb-996c-8feada35c6c6][tid:14][com.google.common.util.concurrent.ServiceManager] Starting PerfStatsTracking [STARTING].
[2019-01-14 23:19:17.474][debug][command:3188d905-2ab9-48eb-996c-8feada35c6c6][tid:14][com.google.common.util.concurrent.ServiceManager] Starting ProcessTracker [STARTING].
[2019-01-14 23:19:17.475][debug][command:3188d905-2ab9-48eb-996c-8feada35c6c6][tid:14][com.facebook.buck.util.environment.MacWifiSsidFinder] Getting current SSID..
[2019-01-14 23:19:17.475][debug][command:null][tid:1995][com.google.common.util.concurrent.ServiceManager] Started PerfStatsTracking [RUNNING] in 922.7 μs.
[2019-01-14 23:19:17.475][debug][command:null][tid:1995][com.google.common.util.concurrent.ServiceManager] Started PerfStatsTracking [RUNNING] in 922.7 μs.
[2019-01-14 23:19:17.475][debug][command:null][tid:1996][com.facebook.buck.util.perf.ProcessTracker] startUp
[2019-01-14 23:19:17.475][debug][command:null][tid:1996][com.facebook.buck.util.perf.ProcessTracker] startUp
[2019-01-14 23:19:17.476][debug][command:3188d905-2ab9-48eb-996c-8feada35c6c6][tid:14][com.facebook.buck.util.environment.MacWifiSsidFinder] Getting SSID from Wi-Fi interface: <CWInterface: 0x7f8bf9d09480> [interfaceName=en0]
[2019-01-14 23:19:17.477][debug][command:null][tid:1996][com.google.common.util.concurrent.ServiceManager] Started ProcessTracker [RUNNING] in 2.686 ms.
[2019-01-14 23:19:17.477][debug][command:null][tid:1996][com.google.common.util.concurrent.ServiceManager] Started ProcessTracker [RUNNING] in 2.686 ms.
[2019-01-14 23:19:17.477][debug][command:3188d905-2ab9-48eb-996c-8feada35c6c6][tid:14][com.facebook.buck.util.environment.MacWifiSsidFinder] Found SSID: Motafoca
[2019-01-14 23:19:17.477][debug][command:3188d905-2ab9-48eb-996c-8feada35c6c6][tid:14][com.facebook.buck.cli.Main] InvocationInfo BuildId=[3188d905-2ab9-48eb-996c-8feada35c6c6] Args=[server, status, --http-port]
[2019-01-14 23:19:17.479][warn ][command:null][tid:1999][com.facebook.buck.event.listener.PublicAnnouncementManager] Failed to get public announcements. Reason: Failed to establish connection to server.
[2019-01-14 23:19:17.479][warn ][command:null][tid:1999][com.facebook.buck.event.listener.PublicAnnouncementManager] Failed to get public announcements. Reason: Failed to establish connection to server.
[2019-01-14 23:19:17.479][debug][command:null][tid:2000][com.facebook.buck.util.environment.MacNetworkConfiguration] Determine network service order and extract device names
[2019-01-14 23:19:17.479][debug][command:null][tid:2000][com.facebook.buck.util.environment.MacNetworkConfiguration] Determine network service order and extract device names
[2019-01-14 23:19:17.480][debug][command:null][tid:2000][com.facebook.buck.util.ListeningProcessExecutor] Launching process with params ProcessExecutorParams{command=[networksetup, -listnetworkserviceorder, ]}
[2019-01-14 23:19:17.480][debug][command:null][tid:2000][com.facebook.buck.util.ListeningProcessExecutor] Launching process with params ProcessExecutorParams{command=[networksetup, -listnetworkserviceorder, ]}
[2019-01-14 23:19:17.481][debug][command:null][tid:2000][com.facebook.buck.util.ListeningProcessExecutor] Successfully launched process com.zaxxer.nuprocess.osx.OsxProcess@422fe069
[2019-01-14 23:19:17.481][debug][command:null][tid:2000][com.facebook.buck.util.ListeningProcessExecutor] Successfully launched process com.zaxxer.nuprocess.osx.OsxProcess@422fe069
[2019-01-14 23:19:17.481][debug][command:null][tid:2000][com.facebook.buck.util.ListeningProcessExecutor] Waiting for process com.facebook.buck.util.ListeningProcessExecutor$LaunchedProcessImpl@67f35461 timeout 1000 MILLISECONDS
[2019-01-14 23:19:17.481][debug][command:null][tid:2000][com.facebook.buck.util.ListeningProcessExecutor] Waiting for process com.facebook.buck.util.ListeningProcessExecutor$LaunchedProcessImpl@67f35461 timeout 1000 MILLISECONDS
[2019-01-14 23:19:17.517][debug][command:null][tid:2000][com.facebook.buck.util.ListeningProcessExecutor] Wait for process returned 0
[2019-01-14 23:19:17.517][debug][command:null][tid:2000][com.facebook.buck.util.ListeningProcessExecutor] Wait for process returned 0
[2019-01-14 23:19:17.517][debug][command:null][tid:2000][com.facebook.buck.util.ListeningProcessExecutor] Destroying process com.facebook.buck.util.ListeningProcessExecutor$LaunchedProcessImpl@67f35461 (force true)
[2019-01-14 23:19:17.517][debug][command:null][tid:2000][com.facebook.buck.util.ListeningProcessExecutor] Destroying process com.facebook.buck.util.ListeningProcessExecutor$LaunchedProcessImpl@67f35461 (force true)
[2019-01-14 23:19:17.517][debug][command:null][tid:2000][com.facebook.buck.util.environment.MacNetworkConfiguration] Determine active state of media for device
[2019-01-14 23:19:17.517][debug][command:null][tid:2000][com.facebook.buck.util.environment.MacNetworkConfiguration] Determine active state of media for device
[2019-01-14 23:19:17.518][debug][command:null][tid:2000][com.facebook.buck.util.ListeningProcessExecutor] Launching process with params ProcessExecutorParams{command=[networksetup, -getMedia, en7]}
[2019-01-14 23:19:17.518][debug][command:null][tid:2000][com.facebook.buck.util.ListeningProcessExecutor] Launching process with params ProcessExecutorParams{command=[networksetup, -getMedia, en7]}
[2019-01-14 23:19:17.519][debug][command:null][tid:2000][com.facebook.buck.util.ListeningProcessExecutor] Successfully launched process com.zaxxer.nuprocess.osx.OsxProcess@5fad175b
[2019-01-14 23:19:17.519][debug][command:null][tid:2000][com.facebook.buck.util.ListeningProcessExecutor] Successfully launched process com.zaxxer.nuprocess.osx.OsxProcess@5fad175b
[2019-01-14 23:19:17.519][debug][command:null][tid:2000][com.facebook.buck.util.ListeningProcessExecutor] Waiting for process com.facebook.buck.util.ListeningProcessExecutor$LaunchedProcessImpl@175764c3 timeout 1000 MILLISECONDS
[2019-01-14 23:19:17.519][debug][command:null][tid:2000][com.facebook.buck.util.ListeningProcessExecutor] Waiting for process com.facebook.buck.util.ListeningProcessExecutor$LaunchedProcessImpl@175764c3 timeout 1000 MILLISECONDS
[2019-01-14 23:19:17.549][debug][command:null][tid:2000][com.facebook.buck.util.ListeningProcessExecutor] Wait for process returned 4
[2019-01-14 23:19:17.549][debug][command:null][tid:2000][com.facebook.buck.util.ListeningProcessExecutor] Wait for process returned 4
[2019-01-14 23:19:17.549][debug][command:null][tid:2000][com.facebook.buck.util.ListeningProcessExecutor] Destroying process com.facebook.buck.util.ListeningProcessExecutor$LaunchedProcessImpl@175764c3 (force true)
[2019-01-14 23:19:17.549][debug][command:null][tid:2000][com.facebook.buck.util.ListeningProcessExecutor] Destroying process com.facebook.buck.util.ListeningProcessExecutor$LaunchedProcessImpl@175764c3 (force true)
[2019-01-14 23:19:17.549][debug][command:null][tid:2000][com.facebook.buck.util.environment.MacNetworkConfiguration] Determine active state of media for device
[2019-01-14 23:19:17.549][debug][command:null][tid:2000][com.facebook.buck.util.environment.MacNetworkConfiguration] Determine active state of media for device
[2019-01-14 23:19:17.549][debug][command:null][tid:2000][com.facebook.buck.util.ListeningProcessExecutor] Launching process with params ProcessExecutorParams{command=[networksetup, -getMedia, en9]}
[2019-01-14 23:19:17.549][debug][command:null][tid:2000][com.facebook.buck.util.ListeningProcessExecutor] Launching process with params ProcessExecutorParams{command=[networksetup, -getMedia, en9]}
[2019-01-14 23:19:17.550][debug][command:null][tid:2000][com.facebook.buck.util.ListeningProcessExecutor] Successfully launched process com.zaxxer.nuprocess.osx.OsxProcess@3db38258
[2019-01-14 23:19:17.550][debug][command:null][tid:2000][com.facebook.buck.util.ListeningProcessExecutor] Successfully launched process com.zaxxer.nuprocess.osx.OsxProcess@3db38258
[2019-01-14 23:19:17.550][debug][command:null][tid:2000][com.facebook.buck.util.ListeningProcessExecutor] Waiting for process com.facebook.buck.util.ListeningProcessExecutor$LaunchedProcessImpl@15364f95 timeout 1000 MILLISECONDS
[2019-01-14 23:19:17.550][debug][command:null][tid:2000][com.facebook.buck.util.ListeningProcessExecutor] Waiting for process com.facebook.buck.util.ListeningProcessExecutor$LaunchedProcessImpl@15364f95 timeout 1000 MILLISECONDS
[2019-01-14 23:19:17.580][debug][command:null][tid:2000][com.facebook.buck.util.ListeningProcessExecutor] Wait for process returned 4
[2019-01-14 23:19:17.580][debug][command:null][tid:2000][com.facebook.buck.util.ListeningProcessExecutor] Wait for process returned 4
[2019-01-14 23:19:17.580][debug][command:null][tid:2000][com.facebook.buck.util.ListeningProcessExecutor] Destroying process com.facebook.buck.util.ListeningProcessExecutor$LaunchedProcessImpl@15364f95 (force true)
[2019-01-14 23:19:17.580][debug][command:null][tid:2000][com.facebook.buck.util.ListeningProcessExecutor] Destroying process com.facebook.buck.util.ListeningProcessExecutor$LaunchedProcessImpl@15364f95 (force true)
[2019-01-14 23:19:17.580][debug][command:null][tid:2000][com.facebook.buck.util.environment.MacNetworkConfiguration] Determine active state of media for device
[2019-01-14 23:19:17.580][debug][command:null][tid:2000][com.facebook.buck.util.environment.MacNetworkConfiguration] Determine active state of media for device
[2019-01-14 23:19:17.580][debug][command:null][tid:2000][com.facebook.buck.util.ListeningProcessExecutor] Launching process with params ProcessExecutorParams{command=[networksetup, -getMedia, en8]}
[2019-01-14 23:19:17.580][debug][command:null][tid:2000][com.facebook.buck.util.ListeningProcessExecutor] Launching process with params ProcessExecutorParams{command=[networksetup, -getMedia, en8]}
[2019-01-14 23:19:17.581][debug][command:null][tid:2000][com.facebook.buck.util.ListeningProcessExecutor] Successfully launched process com.zaxxer.nuprocess.osx.OsxProcess@22a8e936
[2019-01-14 23:19:17.581][debug][command:null][tid:2000][com.facebook.buck.util.ListeningProcessExecutor] Successfully launched process com.zaxxer.nuprocess.osx.OsxProcess@22a8e936
[2019-01-14 23:19:17.582][debug][command:null][tid:2000][com.facebook.buck.util.ListeningProcessExecutor] Waiting for process com.facebook.buck.util.ListeningProcessExecutor$LaunchedProcessImpl@607cf5b0 timeout 1000 MILLISECONDS
[2019-01-14 23:19:17.582][debug][command:null][tid:2000][com.facebook.buck.util.ListeningProcessExecutor] Waiting for process com.facebook.buck.util.ListeningProcessExecutor$LaunchedProcessImpl@607cf5b0 timeout 1000 MILLISECONDS
[2019-01-14 23:19:17.611][debug][command:null][tid:2000][com.facebook.buck.util.ListeningProcessExecutor] Wait for process returned 4
[2019-01-14 23:19:17.611][debug][command:null][tid:2000][com.facebook.buck.util.ListeningProcessExecutor] Wait for process returned 4
[2019-01-14 23:19:17.611][debug][command:null][tid:2000][com.facebook.buck.util.ListeningProcessExecutor] Destroying process com.facebook.buck.util.ListeningProcessExecutor$LaunchedProcessImpl@607cf5b0 (force true)
[2019-01-14 23:19:17.611][debug][command:null][tid:2000][com.facebook.buck.util.ListeningProcessExecutor] Destroying process com.facebook.buck.util.ListeningProcessExecutor$LaunchedProcessImpl@607cf5b0 (force true)
[2019-01-14 23:19:17.611][debug][command:null][tid:2000][com.facebook.buck.util.environment.MacNetworkConfiguration] Determine active state of media for device
[2019-01-14 23:19:17.611][debug][command:null][tid:2000][com.facebook.buck.util.environment.MacNetworkConfiguration] Determine active state of media for device
[2019-01-14 23:19:17.611][debug][command:null][tid:2000][com.facebook.buck.util.ListeningProcessExecutor] Launching process with params ProcessExecutorParams{command=[networksetup, -getMedia, en0]}
[2019-01-14 23:19:17.611][debug][command:null][tid:2000][com.facebook.buck.util.ListeningProcessExecutor] Launching process with params ProcessExecutorParams{command=[networksetup, -getMedia, en0]}
[2019-01-14 23:19:17.613][debug][command:null][tid:2000][com.facebook.buck.util.ListeningProcessExecutor] Successfully launched process com.zaxxer.nuprocess.osx.OsxProcess@24343f65
[2019-01-14 23:19:17.613][debug][command:null][tid:2000][com.facebook.buck.util.ListeningProcessExecutor] Successfully launched process com.zaxxer.nuprocess.osx.OsxProcess@24343f65
[2019-01-14 23:19:17.614][debug][command:null][tid:2000][com.facebook.buck.util.ListeningProcessExecutor] Waiting for process com.facebook.buck.util.ListeningProcessExecutor$LaunchedProcessImpl@16895015 timeout 1000 MILLISECONDS
[2019-01-14 23:19:17.614][debug][command:null][tid:2000][com.facebook.buck.util.ListeningProcessExecutor] Waiting for process com.facebook.buck.util.ListeningProcessExecutor$LaunchedProcessImpl@16895015 timeout 1000 MILLISECONDS
[2019-01-14 23:19:17.635][debug][command:null][tid:2007][com.facebook.buck.io.watchman.WatchmanTransportClient] Query [query, /Users/jamescoggan/Personal/GithubTrending, {since=c:1547303792:750:3:5136, expression=[not, [anyof, [type, d], [dirname, .idea], [dirname, .buckd], [dirname, buck-out/cache], [dirname, .git], [dirname, .gradle], [dirname, local.properties], [dirname, buck-out/.trash], [dirname, buck-out], [match, **/.DS_Store, wholename, {includedotfiles=true}], [match, **/*.iml, wholename, {includedotfiles=true}], [match, **/*.pbxproj, wholename, {includedotfiles=true}], [match, **/*.xcscheme, wholename, {includedotfiles=true}], [match, **/*.xcworkspacedata, wholename, {includedotfiles=true}], [match, **/*~, wholename, {includedotfiles=true}], [match, **/#*#, wholename, {includedotfiles=true}], [match, **/.#*, wholename, {includedotfiles=true}], [match, **/*.swo, wholename, {includedotfiles=true}], [match, **/*.swp, wholename, {includedotfiles=true}], [match, **/*.swpx, wholename, {includedotfiles=true}], [match, **/*.un~, wholename, {includedotfiles=true}], [match, **/*.netrhwist, wholename, {includedotfiles=true}], [match, .idea, wholename, {includedotfiles=true}], [match, .iml, wholename, {includedotfiles=true}], [match, **/*.pydevproject, wholename, {includedotfiles=true}], [match, .project, wholename, {includedotfiles=true}], [match, .metadata, wholename, {includedotfiles=true}], [match, **/*.tmp, wholename, {includedotfiles=true}], [match, **/*.bak, wholename, {includedotfiles=true}], [match, **/*.nib, wholename, {includedotfiles=true}], [match, .classpath, wholename, {includedotfiles=true}], [match, .settings, wholename, {includedotfiles=true}], [match, .loadpath, wholename, {includedotfiles=true}], [match, .externalToolBuilders, wholename, {includedotfiles=true}], [match, .cproject, wholename, {includedotfiles=true}], [match, .buildpath, wholename, {includedotfiles=true}], [match, .DS_Store, wholename, {includedotfiles=true}], [match, .AppleDouble, wholename, {includedotfiles=true}], [match, .LSOverride, wholename, {includedotfiles=true}], [match, .Spotlight-V100, wholename, {includedotfiles=true}], [match, .Trashes, wholename, {includedotfiles=true}], [match, $RECYCLE.BIN, wholename, {includedotfiles=true}], [match, **/*.sublime-workspace, wholename, {includedotfiles=true}]]], empty_on_fresh_instance=true, fields=[name, exists, new]}] returned in 12 ms
[2019-01-14 23:19:17.635][debug][command:null][tid:2007][com.facebook.buck.io.watchman.WatchmanTransportClient] Query [query, /Users/jamescoggan/Personal/GithubTrending, {since=c:1547303792:750:3:5136, expression=[not, [anyof, [type, d], [dirname, .idea], [dirname, .buckd], [dirname, buck-out/cache], [dirname, .git], [dirname, .gradle], [dirname, local.properties], [dirname, buck-out/.trash], [dirname, buck-out], [match, **/.DS_Store, wholename, {includedotfiles=true}], [match, **/*.iml, wholename, {includedotfiles=true}], [match, **/*.pbxproj, wholename, {includedotfiles=true}], [match, **/*.xcscheme, wholename, {includedotfiles=true}], [match, **/*.xcworkspacedata, wholename, {includedotfiles=true}], [match, **/*~, wholename, {includedotfiles=true}], [match, **/#*#, wholename, {includedotfiles=true}], [match, **/.#*, wholename, {includedotfiles=true}], [match, **/*.swo, wholename, {includedotfiles=true}], [match, **/*.swp, wholename, {includedotfiles=true}], [match, **/*.swpx, wholename, {includedotfiles=true}], [match, **/*.un~, wholename, {includedotfiles=true}], [match, **/*.netrhwist, wholename, {includedotfiles=true}], [match, .idea, wholename, {includedotfiles=true}], [match, .iml, wholename, {includedotfiles=true}], [match, **/*.pydevproject, wholename, {includedotfiles=true}], [match, .project, wholename, {includedotfiles=true}], [match, .metadata, wholename, {includedotfiles=true}], [match, **/*.tmp, wholename, {includedotfiles=true}], [match, **/*.bak, wholename, {includedotfiles=true}], [match, **/*.nib, wholename, {includedotfiles=true}], [match, .classpath, wholename, {includedotfiles=true}], [match, .settings, wholename, {includedotfiles=true}], [match, .loadpath, wholename, {includedotfiles=true}], [match, .externalToolBuilders, wholename, {includedotfiles=true}], [match, .cproject, wholename, {includedotfiles=true}], [match, .buildpath, wholename, {includedotfiles=true}], [match, .DS_Store, wholename, {includedotfiles=true}], [match, .AppleDouble, wholename, {includedotfiles=true}], [match, .LSOverride, wholename, {includedotfiles=true}], [match, .Spotlight-V100, wholename, {includedotfiles=true}], [match, .Trashes, wholename, {includedotfiles=true}], [match, $RECYCLE.BIN, wholename, {includedotfiles=true}], [match, **/*.sublime-workspace, wholename, {includedotfiles=true}]]], empty_on_fresh_instance=true, fields=[name, exists, new]}] returned in 12 ms
[2019-01-14 23:19:17.636][debug][command:null][tid:2007][com.facebook.buck.io.watchman.WatchmanWatcher] Updating Watchman Cursor from c:1547303792:750:3:5136 to c:1547303792:750:3:5212
[2019-01-14 23:19:17.636][debug][command:null][tid:2007][com.facebook.buck.io.watchman.WatchmanWatcher] Updating Watchman Cursor from c:1547303792:750:3:5136 to c:1547303792:750:3:5212
[2019-01-14 23:19:17.636][debug][command:null][tid:2007][com.facebook.buck.io.watchman.WatchmanWatcher] Posted 0 Watchman events.
[2019-01-14 23:19:17.636][debug][command:null][tid:2007][com.facebook.buck.io.watchman.WatchmanWatcher] Posted 0 Watchman events.
[2019-01-14 23:19:17.636][debug][command:null][tid:2007][com.facebook.buck.io.watchman.WatchmanTransportClient] Closing Watchman transport.
[2019-01-14 23:19:17.636][debug][command:null][tid:2007][com.facebook.buck.io.watchman.WatchmanTransportClient] Closing Watchman transport.
[2019-01-14 23:19:17.637][debug][command:3188d905-2ab9-48eb-996c-8feada35c6c6][tid:1996][com.facebook.buck.util.perf.ProcessTracker] shutDown
[2019-01-14 23:19:17.637][info ][command:3188d905-2ab9-48eb-996c-8feada35c6c6][tid:14][com.facebook.buck.cli.Main] Awaiting termination of PROJECT executor service. Waiting for all jobs to complete, or up to maximum of 60 seconds...
[2019-01-14 23:19:17.637][debug][command:null][tid:1995][com.google.common.util.concurrent.ServiceManager] Service PerfStatsTracking [TERMINATED] has terminated. Previous state was: STOPPING
[2019-01-14 23:19:17.637][debug][command:null][tid:1995][com.google.common.util.concurrent.ServiceManager] Service PerfStatsTracking [TERMINATED] has terminated. Previous state was: STOPPING
[2019-01-14 23:19:17.637][info ][command:3188d905-2ab9-48eb-996c-8feada35c6c6][tid:14][com.facebook.buck.cli.Main] Successfully terminated PROJECT executor service.
[2019-01-14 23:19:17.637][info ][command:3188d905-2ab9-48eb-996c-8feada35c6c6][tid:14][com.facebook.buck.cli.Main] Awaiting termination of NETWORK executor service. Waiting for all jobs to complete, or up to maximum of 60 seconds...
[2019-01-14 23:19:17.637][info ][command:3188d905-2ab9-48eb-996c-8feada35c6c6][tid:14][com.facebook.buck.cli.Main] Successfully terminated NETWORK executor service.
[2019-01-14 23:19:17.637][info ][command:3188d905-2ab9-48eb-996c-8feada35c6c6][tid:14][com.facebook.buck.cli.Main] Awaiting termination of CPU executor service. Waiting for all jobs to complete, or up to maximum of 60 seconds...
[2019-01-14 23:19:17.637][info ][command:3188d905-2ab9-48eb-996c-8feada35c6c6][tid:14][com.facebook.buck.cli.Main] Successfully terminated CPU executor service.
[2019-01-14 23:19:17.637][info ][command:3188d905-2ab9-48eb-996c-8feada35c6c6][tid:14][com.facebook.buck.cli.Main] Awaiting termination of ScheduledExecutorService executor service. Waiting for all jobs to complete, or up to maximum of 60 seconds...
[2019-01-14 23:19:17.637][info ][command:3188d905-2ab9-48eb-996c-8feada35c6c6][tid:14][com.facebook.buck.cli.Main] Successfully terminated ScheduledExecutorService executor service.
[2019-01-14 23:19:17.637][info ][command:3188d905-2ab9-48eb-996c-8feada35c6c6][tid:14][com.facebook.buck.cli.Main] Awaiting termination of CounterAggregatorExecutor executor service. Waiting for all jobs to complete, or up to maximum of 20 seconds...
[2019-01-14 23:19:17.638][info ][command:3188d905-2ab9-48eb-996c-8feada35c6c6][tid:14][com.facebook.buck.cli.Main] Successfully terminated CounterAggregatorExecutor executor service.
[2019-01-14 23:19:17.638][info ][command:3188d905-2ab9-48eb-996c-8feada35c6c6][tid:14][com.facebook.buck.cli.Main] Awaiting termination of HTTP Read executor service. Waiting for all jobs to complete, or up to maximum of 1800 seconds...
[2019-01-14 23:19:17.638][info ][command:3188d905-2ab9-48eb-996c-8feada35c6c6][tid:14][com.facebook.buck.cli.Main] Successfully terminated HTTP Read executor service.
[2019-01-14 23:19:17.638][info ][command:3188d905-2ab9-48eb-996c-8feada35c6c6][tid:14][com.facebook.buck.cli.Main] Awaiting termination of Download Heavy Build HTTP Read executor service. Waiting for all jobs to complete, or up to maximum of 1800 seconds...
[2019-01-14 23:19:17.638][info ][command:3188d905-2ab9-48eb-996c-8feada35c6c6][tid:14][com.facebook.buck.cli.Main] Successfully terminated Download Heavy Build HTTP Read executor service.
[2019-01-14 23:19:17.638][info ][command:3188d905-2ab9-48eb-996c-8feada35c6c6][tid:14][com.facebook.buck.cli.Main] Awaiting termination of HTTP Write executor service. Waiting for all jobs to complete, or up to maximum of 1800 seconds...
[2019-01-14 23:19:17.638][info ][command:3188d905-2ab9-48eb-996c-8feada35c6c6][tid:14][com.facebook.buck.cli.Main] Successfully terminated HTTP Write executor service.
[2019-01-14 23:19:17.638][info ][command:3188d905-2ab9-48eb-996c-8feada35c6c6][tid:14][com.facebook.buck.cli.Main] Awaiting termination of Disk IO executor service. Waiting for all jobs to complete, or up to maximum of 10 seconds...
[2019-01-14 23:19:17.638][debug][command:3188d905-2ab9-48eb-996c-8feada35c6c6][tid:1996][com.google.common.util.concurrent.ServiceManager] Service ProcessTracker [TERMINATED] has terminated. Previous state was: STOPPING
[2019-01-14 23:19:17.643][debug][command:null][tid:2000][com.facebook.buck.util.ListeningProcessExecutor] Wait for process returned 0
[2019-01-14 23:19:17.643][debug][command:null][tid:2000][com.facebook.buck.util.ListeningProcessExecutor] Wait for process returned 0
[2019-01-14 23:19:17.643][debug][command:null][tid:2000][com.facebook.buck.util.ListeningProcessExecutor] Destroying process com.facebook.buck.util.ListeningProcessExecutor$LaunchedProcessImpl@16895015 (force true)
[2019-01-14 23:19:17.643][debug][command:null][tid:2000][com.facebook.buck.util.ListeningProcessExecutor] Destroying process com.facebook.buck.util.ListeningProcessExecutor$LaunchedProcessImpl@16895015 (force true)
[2019-01-14 23:19:17.643][debug][command:null][tid:2000][com.facebook.buck.util.environment.MacNetworkConfiguration] Determine WiFi SSID of device
[2019-01-14 23:19:17.643][debug][command:null][tid:2000][com.facebook.buck.util.environment.MacNetworkConfiguration] Determine WiFi SSID of device
[2019-01-14 23:19:17.643][debug][command:null][tid:2000][com.facebook.buck.util.ListeningProcessExecutor] Launching process with params ProcessExecutorParams{command=[networksetup, -getairportnetwork, en0]}
[2019-01-14 23:19:17.643][debug][command:null][tid:2000][com.facebook.buck.util.ListeningProcessExecutor] Launching process with params ProcessExecutorParams{command=[networksetup, -getairportnetwork, en0]}
[2019-01-14 23:19:17.644][debug][command:null][tid:2000][com.facebook.buck.util.ListeningProcessExecutor] Successfully launched process com.zaxxer.nuprocess.osx.OsxProcess@fd7dec5
[2019-01-14 23:19:17.644][debug][command:null][tid:2000][com.facebook.buck.util.ListeningProcessExecutor] Successfully launched process com.zaxxer.nuprocess.osx.OsxProcess@fd7dec5
[2019-01-14 23:19:17.644][debug][command:null][tid:2000][com.facebook.buck.util.ListeningProcessExecutor] Waiting for process com.facebook.buck.util.ListeningProcessExecutor$LaunchedProcessImpl@728e833b timeout 1000 MILLISECONDS
[2019-01-14 23:19:17.644][debug][command:null][tid:2000][com.facebook.buck.util.ListeningProcessExecutor] Waiting for process com.facebook.buck.util.ListeningProcessExecutor$LaunchedProcessImpl@728e833b timeout 1000 MILLISECONDS
[2019-01-14 23:19:17.676][debug][command:null][tid:2000][com.facebook.buck.util.ListeningProcessExecutor] Wait for process returned 0
[2019-01-14 23:19:17.676][debug][command:null][tid:2000][com.facebook.buck.util.ListeningProcessExecutor] Wait for process returned 0
[2019-01-14 23:19:17.676][debug][command:null][tid:2000][com.facebook.buck.util.ListeningProcessExecutor] Destroying process com.facebook.buck.util.ListeningProcessExecutor$LaunchedProcessImpl@728e833b (force true)
[2019-01-14 23:19:17.676][debug][command:null][tid:2000][com.facebook.buck.util.ListeningProcessExecutor] Destroying process com.facebook.buck.util.ListeningProcessExecutor$LaunchedProcessImpl@728e833b (force true)
[2019-01-14 23:19:17.676][info ][command:3188d905-2ab9-48eb-996c-8feada35c6c6][tid:14][com.facebook.buck.cli.Main] Successfully terminated Disk IO executor service.
[2019-01-14 23:19:17.676][debug][command:3188d905-2ab9-48eb-996c-8feada35c6c6][tid:14][com.facebook.nailgun.NGCommunicator] Shutting down socket for input
[2019-01-14 23:19:17.676][debug][command:null][tid:46][com.facebook.buck.io.AsynchronousDirectoryContentsCleaner] Starting to clean buck-out/.trash
[2019-01-14 23:19:17.676][debug][command:null][tid:46][com.facebook.buck.io.AsynchronousDirectoryContentsCleaner] Starting to clean buck-out/.trash
[2019-01-14 23:19:17.676][debug][command:3188d905-2ab9-48eb-996c-8feada35c6c6][tid:14][com.facebook.nailgun.NGCommunicator] Shutting down socket for output
[2019-01-14 23:19:17.676][debug][command:null][tid:46][com.facebook.buck.io.AsynchronousDirectoryContentsCleaner] Done cleaning buck-out/.trash
[2019-01-14 23:19:17.676][debug][command:null][tid:46][com.facebook.buck.io.AsynchronousDirectoryContentsCleaner] Done cleaning buck-out/.trash
[2019-01-14 23:19:17.677][debug][command:null][tid:1990][com.facebook.nailgun.NGCommunicator] Socket is disconnected
[2019-01-14 23:19:17.677][debug][command:null][tid:1990][com.facebook.nailgun.NGCommunicator] Socket is disconnected
[2019-01-14 23:19:17.677][debug][command:null][tid:1990][com.facebook.nailgun.NGCommunicator] Nailgun client disconnected
[2019-01-14 23:19:17.677][debug][command:null][tid:1990][com.facebook.nailgun.NGCommunicator] Nailgun client disconnected
[2019-01-14 23:19:17.677][debug][command:null][tid:1990][com.facebook.nailgun.NGCommunicator] Orchestrator thread finished
[2019-01-14 23:19:17.677][debug][command:null][tid:1990][com.facebook.nailgun.NGCommunicator] Orchestrator thread finished
[2019-01-14 23:19:17.677][debug][command:null][tid:51][com.facebook.buck.event.listener.ChromeTraceBuildListener] Writing Chrome trace to buck-out/log/2019-01-14_23h19m17s_servercommand_3188d905-2ab9-48eb-996c-8feada35c6c6/build.2019-01-14.23-19-17.3188d905-2ab9-48eb-996c-8feada35c6c6.trace
[2019-01-14 23:19:17.680][debug][command:null][tid:14][com.facebook.buck.cli.Main] Done.
[2019-01-14 23:19:17.680][info ][command:null][tid:14][com.facebook.nailgun.NGSession] Nail cleanly exited with status 0
[2019-01-14 23:19:17.681][debug][command:null][tid:14][com.facebook.nailgun.NGCommunicator] Shutting down read ExecutorService
[2019-01-14 23:19:17.681][debug][command:null][tid:14][com.facebook.nailgun.NGCommunicator] Shutting down orchestrator ExecutorService
[2019-01-14 23:19:17.681][debug][command:null][tid:14][com.facebook.nailgun.NGSession] NGSession 1 is closing client socket
[2019-01-14 23:19:32.705][debug][command:null][tid:14][com.facebook.nailgun.NGSession] NGSession 1 accepted new connection
[2019-01-14 23:19:32.707][debug][command:null][tid:2010][com.facebook.nailgun.NGCommunicator] Orchestrator thread started
[2019-01-14 23:19:32.711][debug][command:null][tid:14][com.facebook.nailgun.NGCommunicator] Shutting down socket for input
[2019-01-14 23:19:32.712][debug][command:null][tid:14][com.facebook.nailgun.NGCommunicator] Shutting down socket for output
[2019-01-14 23:19:32.712][debug][command:null][tid:2010][com.facebook.nailgun.NGCommunicator] Socket is disconnected
[2019-01-14 23:19:32.712][debug][command:null][tid:14][com.facebook.nailgun.NGCommunicator] Shutting down read ExecutorService
[2019-01-14 23:19:32.712][debug][command:null][tid:2010][com.facebook.nailgun.NGCommunicator] Nailgun client disconnected
[2019-01-14 23:19:32.712][debug][command:null][tid:2010][com.facebook.nailgun.NGCommunicator] Orchestrator thread finished
[2019-01-14 23:19:32.712][debug][command:null][tid:14][com.facebook.nailgun.NGCommunicator] Shutting down orchestrator ExecutorService
[2019-01-14 23:19:32.713][debug][command:null][tid:14][com.facebook.nailgun.NGSession] NGSession 1 is closing client socket
[2019-01-14 23:19:32.714][debug][command:null][tid:14][com.facebook.nailgun.NGSession] NGSession 1 stopped
